TN:
SF:src\mortgage-calculator.js
FN:44,showNotification
FN:57,(anonymous_1)
FN:83,(anonymous_2)
FN:94,(anonymous_3)
FN:95,(anonymous_4)
FN:103,hideNotification
FN:108,showErrorMessage
FN:112,showSuccessMessage
FN:116,showConfirmDialog
FN:129,(anonymous_9)
FN:138,(anonymous_10)
FN:146,initializeTheme
FN:152,applyTheme
FN:178,(anonymous_13)
FN:183,toggleTheme
FN:195,addFadeInAnimation
FN:202,addSlideInAnimation
FN:209,showResultsWithAnimation
FN:223,(anonymous_18)
FN:225,(anonymous_19)
FN:233,(anonymous_20)
FN:251,(anonymous_21)
FN:279,(anonymous_22)
FN:293,(anonymous_23)
FN:298,initializeEventListeners
FN:308,(anonymous_25)
FN:315,(anonymous_26)
FN:322,(anonymous_27)
FN:343,applyDownPaymentPreset
FN:372,(anonymous_29)
FN:373,(anonymous_30)
FN:460,(anonymous_31)
FN:472,(anonymous_32)
FN:476,(anonymous_33)
FN:480,(anonymous_34)
FN:490,(anonymous_35)
FN:500,(anonymous_36)
FN:517,(anonymous_37)
FN:524,(anonymous_38)
FN:531,(anonymous_39)
FN:538,(anonymous_40)
FN:545,(anonymous_41)
FN:556,(anonymous_42)
FN:559,(anonymous_43)
FN:578,(anonymous_44)
FN:584,saveDataToCache
FN:666,initializePaymentSummaryWithZeros
FN:682,(anonymous_47)
FN:708,(anonymous_48)
FN:720,initializeBlendedSummaryWithZeros
FN:767,loadCachedData
FN:790,(anonymous_51)
FN:800,(anonymous_52)
FN:817,(anonymous_53)
FN:866,saveCalculationToHistory
FN:923,getCalculationHistory
FN:933,updateHistoryDropdown
FN:944,(anonymous_57)
FN:952,loadCalculationFromHistory
FN:955,(anonymous_59)
FN:969,(anonymous_60)
FN:1010,clearCalculationHistory
FN:1022,formatNumberForDisplay
FN:1029,switchTab
FN:1055,(anonymous_64)
FN:1061,(anonymous_65)
FN:1203,(anonymous_66)
FN:1210,(anonymous_67)
FN:1231,loadLogo
FN:1238,(anonymous_69)
FN:1245,(anonymous_70)
FN:1252,(anonymous_71)
FN:1264,calculateMortgage
FN:1400,(anonymous_73)
FN:1415,(anonymous_74)
FN:1418,(anonymous_75)
FN:1422,(anonymous_76)
FN:1443,(anonymous_77)
FN:1447,(anonymous_78)
FN:1615,(anonymous_79)
FN:1798,validatePurchaseInputs
FN:1811,(anonymous_81)
FN:1935,mapPurchaseErrorToField
FN:1939,clearPurchaseFieldErrors
FN:1943,(anonymous_84)
FN:1947,(anonymous_85)
FN:1950,applyPurchaseValidationErrors
FN:1951,(anonymous_87)
FN:1975,attachPurchaseValidationListenersOnce
FN:1985,(anonymous_89)
FN:1988,(anonymous_90)
FN:2009,(anonymous_91)
FN:2024,handleRealtimePmiAdvisories
FN:2055,updatePurchaseLtvPmiStatus
FN:2174,attachPurchaseLtvPmiListeners
FN:2182,(anonymous_95)
FN:2185,(anonymous_96)
FN:2186,(anonymous_97)
FN:2198,(anonymous_98)
FN:2204,calculateHELOC
FN:2284,(anonymous_100)
FN:2340,calculateLoanComparison
FN:2362,(anonymous_102)
FN:2405,getLoanData
FN:2458,validateComparisonInputs
FN:2472,(anonymous_105)
FN:2475,(anonymous_106)
FN:2512,(anonymous_107)
FN:2539,calculateSingleLoan
FN:2547,buildLightweightSchedule
FN:2617,determineBestLoan
FN:2637,(anonymous_111)
FN:2651,(anonymous_112)
FN:2652,(anonymous_113)
FN:2674,calculateSavings
FN:2678,(anonymous_115)
FN:2709,computeBlendedAverage
FN:2713,(anonymous_117)
FN:2750,updateComparisonResults
FN:2751,(anonymous_119)
FN:2761,(anonymous_120)
FN:2763,(anonymous_121)
FN:2804,(anonymous_122)
FN:2823,(anonymous_123)
FN:2992,(anonymous_124)
FN:3078,(anonymous_125)
FN:3088,showComparisonResultsWithAnimation
FN:3096,clearComparisonForm
FN:3121,validateInputs
FN:3158,validateRefinanceInputs
FN:3212,updateResultsUI
FN:3229,(anonymous_131)
FN:3384,(anonymous_132)
FN:3452,(anonymous_133)
FN:3477,(anonymous_134)
FN:3486,(anonymous_135)
FN:3605,generateAmortizationSchedule
FN:3725,generateHelocAmortizationSchedule
FN:3807,updateHelocResultsUI
FN:3816,(anonymous_139)
FN:3854,(anonymous_140)
FN:3918,updateAmortizationTable
FN:4001,createTestChart
FN:4040,renderCharts
FN:4046,renderAmortizationCharts
FN:4154,(anonymous_145)
FN:4163,(anonymous_146)
FN:4224,(anonymous_147)
FN:4233,(anonymous_148)
FN:4289,(anonymous_149)
FN:4298,(anonymous_150)
FN:4338,getDPInputs
FN:4346,parseNum
FN:4352,roundAmount
FN:4355,roundPercent
FN:4359,scheduleDP
FN:4367,applyDownPaymentValues
FN:4384,recalcPercentFromAmount
FN:4402,recalcAmountFromPercent
FN:4420,propertyValueChangedForDP
FN:4431,attachDownPaymentSyncListeners
FN:4435,(anonymous_161)
FN:4443,(anonymous_162)
FN:4451,(anonymous_163)
FN:4462,togglePmiMode
FN:4502,addOption2
FN:4513,(anonymous_166)
FN:4524,removeOption2
FN:4540,(anonymous_168)
FN:4551,clearLoanData
FN:4580,toggleComparisonPmiMode
FN:4654,exportToCSV
FN:4686,(anonymous_172)
FN:4717,(anonymous_173)
FN:4739,(anonymous_174)
FN:4761,(anonymous_175)
FN:4766,(anonymous_176)
FN:4773,addLogoHeaderSync
FN:4804,getLogoDataURL
FN:4805,(anonymous_179)
FN:4807,(anonymous_180)
FN:4819,(anonymous_181)
FN:4827,exportToPDF
FN:4861,(anonymous_183)
FN:4992,(anonymous_184)
FN:4999,(anonymous_185)
FN:5003,(anonymous_186)
FN:5007,(anonymous_187)
FN:5014,(anonymous_188)
FN:5022,(anonymous_189)
FN:5033,(anonymous_190)
FN:5040,exportFullReport
FN:5643,(anonymous_192)
FN:5643,(anonymous_193)
FN:5644,(anonymous_194)
FN:5926,(anonymous_195)
FN:5931,(anonymous_196)
FN:5935,(anonymous_197)
FN:5936,(anonymous_198)
FN:5943,(anonymous_199)
FN:5950,(anonymous_200)
FN:5966,(anonymous_201)
FN:6100,(anonymous_202)
FN:6167,(anonymous_203)
FN:6244,(anonymous_204)
FN:6257,(anonymous_205)
FN:6276,addTableHeader
FN:6440,(anonymous_207)
FN:6447,(anonymous_208)
FN:6450,(anonymous_209)
FN:6463,(anonymous_210)
FN:6470,exportComparisonReport
FN:6533,(anonymous_212)
FN:6543,(anonymous_213)
FN:6552,(anonymous_214)
FN:6567,(anonymous_215)
FN:6570,(anonymous_216)
FN:6574,(anonymous_217)
FN:6578,(anonymous_218)
FN:6582,(anonymous_219)
FN:6587,(anonymous_220)
FN:6591,(anonymous_221)
FN:6595,(anonymous_222)
FN:6599,(anonymous_223)
FN:6606,(anonymous_224)
FN:6608,(anonymous_225)
FN:6633,(anonymous_226)
FN:6654,(anonymous_227)
FN:6655,(anonymous_228)
FN:6705,(anonymous_229)
FN:6784,(anonymous_230)
FN:6821,(anonymous_231)
FN:6853,(anonymous_232)
FN:6859,(anonymous_233)
FN:6865,(anonymous_234)
FN:6881,(anonymous_235)
FN:6888,(anonymous_236)
FN:6922,(anonymous_237)
FN:6927,(anonymous_238)
FN:6931,(anonymous_239)
FN:6932,(anonymous_240)
FN:6939,(anonymous_241)
FN:6946,(anonymous_242)
FN:6962,calculateBlendedMortgage
FN:7086,calculateBlendedMortgageFallback
FN:7126,(anonymous_245)
FN:7170,(anonymous_246)
FN:7177,(anonymous_247)
FN:7212,displayBlendedResults
FN:7214,(anonymous_249)
FN:7255,(anonymous_250)
FN:7345,showBlendedResultsWithAnimation
FN:7355,handleSecondMortgageTypeChange
FN:7369,clearBlendedForm
FN:7385,(anonymous_254)
FN:7430,addBlendedComponent
FN:7480,removeBlendedComponent
FN:7487,handleComponentTypeChange
FN:7503,getAdditionalComponents
FN:7510,(anonymous_259)
FN:7534,exportBlendedReport
FN:7631,(anonymous_261)
FN:7671,(anonymous_262)
FN:7709,(anonymous_263)
FN:7712,(anonymous_264)
FN:7715,(anonymous_265)
FN:7727,(anonymous_266)
FN:7741,(anonymous_267)
FN:7766,(anonymous_268)
FN:7796,(anonymous_269)
FNF:270
FNH:15
FNDA:0,showNotification
FNDA:0,(anonymous_1)
FNDA:1,(anonymous_2)
FNDA:0,(anonymous_3)
FNDA:0,(anonymous_4)
FNDA:0,hideNotification
FNDA:0,showErrorMessage
FNDA:0,showSuccessMessage
FNDA:0,showConfirmDialog
FNDA:0,(anonymous_9)
FNDA:0,(anonymous_10)
FNDA:0,initializeTheme
FNDA:0,applyTheme
FNDA:0,(anonymous_13)
FNDA:0,toggleTheme
FNDA:0,addFadeInAnimation
FNDA:0,addSlideInAnimation
FNDA:0,showResultsWithAnimation
FNDA:0,(anonymous_18)
FNDA:0,(anonymous_19)
FNDA:0,(anonymous_20)
FNDA:0,(anonymous_21)
FNDA:0,(anonymous_22)
FNDA:0,(anonymous_23)
FNDA:1,initializeEventListeners
FNDA:0,(anonymous_25)
FNDA:0,(anonymous_26)
FNDA:0,(anonymous_27)
FNDA:1,applyDownPaymentPreset
FNDA:4,(anonymous_29)
FNDA:0,(anonymous_30)
FNDA:0,(anonymous_31)
FNDA:0,(anonymous_32)
FNDA:0,(anonymous_33)
FNDA:0,(anonymous_34)
FNDA:0,(anonymous_35)
FNDA:0,(anonymous_36)
FNDA:0,(anonymous_37)
FNDA:0,(anonymous_38)
FNDA:0,(anonymous_39)
FNDA:81,(anonymous_40)
FNDA:0,(anonymous_41)
FNDA:0,(anonymous_42)
FNDA:0,(anonymous_43)
FNDA:0,(anonymous_44)
FNDA:0,saveDataToCache
FNDA:0,initializePaymentSummaryWithZeros
FNDA:0,(anonymous_47)
FNDA:0,(anonymous_48)
FNDA:0,initializeBlendedSummaryWithZeros
FNDA:0,loadCachedData
FNDA:0,(anonymous_51)
FNDA:0,(anonymous_52)
FNDA:0,(anonymous_53)
FNDA:0,saveCalculationToHistory
FNDA:1,getCalculationHistory
FNDA:1,updateHistoryDropdown
FNDA:0,(anonymous_57)
FNDA:0,loadCalculationFromHistory
FNDA:0,(anonymous_59)
FNDA:0,(anonymous_60)
FNDA:0,clearCalculationHistory
FNDA:0,formatNumberForDisplay
FNDA:0,switchTab
FNDA:0,(anonymous_64)
FNDA:0,(anonymous_65)
FNDA:0,(anonymous_66)
FNDA:0,(anonymous_67)
FNDA:0,loadLogo
FNDA:0,(anonymous_69)
FNDA:0,(anonymous_70)
FNDA:0,(anonymous_71)
FNDA:0,calculateMortgage
FNDA:0,(anonymous_73)
FNDA:0,(anonymous_74)
FNDA:0,(anonymous_75)
FNDA:0,(anonymous_76)
FNDA:0,(anonymous_77)
FNDA:0,(anonymous_78)
FNDA:0,(anonymous_79)
FNDA:0,validatePurchaseInputs
FNDA:0,(anonymous_81)
FNDA:0,mapPurchaseErrorToField
FNDA:0,clearPurchaseFieldErrors
FNDA:0,(anonymous_84)
FNDA:0,(anonymous_85)
FNDA:0,applyPurchaseValidationErrors
FNDA:0,(anonymous_87)
FNDA:1,attachPurchaseValidationListenersOnce
FNDA:6,(anonymous_89)
FNDA:0,(anonymous_90)
FNDA:0,(anonymous_91)
FNDA:2,handleRealtimePmiAdvisories
FNDA:2,updatePurchaseLtvPmiStatus
FNDA:1,attachPurchaseLtvPmiListeners
FNDA:5,(anonymous_95)
FNDA:0,(anonymous_96)
FNDA:0,(anonymous_97)
FNDA:0,(anonymous_98)
FNDA:0,calculateHELOC
FNDA:0,(anonymous_100)
FNDA:0,calculateLoanComparison
FNDA:0,(anonymous_102)
FNDA:0,getLoanData
FNDA:0,validateComparisonInputs
FNDA:0,(anonymous_105)
FNDA:0,(anonymous_106)
FNDA:0,(anonymous_107)
FNDA:0,calculateSingleLoan
FNDA:0,buildLightweightSchedule
FNDA:0,determineBestLoan
FNDA:0,(anonymous_111)
FNDA:0,(anonymous_112)
FNDA:0,(anonymous_113)
FNDA:0,calculateSavings
FNDA:0,(anonymous_115)
FNDA:0,computeBlendedAverage
FNDA:0,(anonymous_117)
FNDA:0,updateComparisonResults
FNDA:0,(anonymous_119)
FNDA:0,(anonymous_120)
FNDA:0,(anonymous_121)
FNDA:0,(anonymous_122)
FNDA:0,(anonymous_123)
FNDA:0,(anonymous_124)
FNDA:0,(anonymous_125)
FNDA:0,showComparisonResultsWithAnimation
FNDA:0,clearComparisonForm
FNDA:0,validateInputs
FNDA:0,validateRefinanceInputs
FNDA:0,updateResultsUI
FNDA:0,(anonymous_131)
FNDA:0,(anonymous_132)
FNDA:0,(anonymous_133)
FNDA:0,(anonymous_134)
FNDA:0,(anonymous_135)
FNDA:0,generateAmortizationSchedule
FNDA:0,generateHelocAmortizationSchedule
FNDA:0,updateHelocResultsUI
FNDA:0,(anonymous_139)
FNDA:0,(anonymous_140)
FNDA:0,updateAmortizationTable
FNDA:0,createTestChart
FNDA:0,renderCharts
FNDA:0,renderAmortizationCharts
FNDA:0,(anonymous_145)
FNDA:0,(anonymous_146)
FNDA:0,(anonymous_147)
FNDA:0,(anonymous_148)
FNDA:0,(anonymous_149)
FNDA:0,(anonymous_150)
FNDA:1,getDPInputs
FNDA:0,parseNum
FNDA:0,roundAmount
FNDA:0,roundPercent
FNDA:0,scheduleDP
FNDA:0,applyDownPaymentValues
FNDA:0,recalcPercentFromAmount
FNDA:0,recalcAmountFromPercent
FNDA:0,propertyValueChangedForDP
FNDA:1,attachDownPaymentSyncListeners
FNDA:0,(anonymous_161)
FNDA:0,(anonymous_162)
FNDA:0,(anonymous_163)
FNDA:0,togglePmiMode
FNDA:0,addOption2
FNDA:0,(anonymous_166)
FNDA:0,removeOption2
FNDA:0,(anonymous_168)
FNDA:0,clearLoanData
FNDA:0,toggleComparisonPmiMode
FNDA:0,exportToCSV
FNDA:0,(anonymous_172)
FNDA:0,(anonymous_173)
FNDA:0,(anonymous_174)
FNDA:0,(anonymous_175)
FNDA:0,(anonymous_176)
FNDA:0,addLogoHeaderSync
FNDA:0,getLogoDataURL
FNDA:0,(anonymous_179)
FNDA:0,(anonymous_180)
FNDA:0,(anonymous_181)
FNDA:0,exportToPDF
FNDA:0,(anonymous_183)
FNDA:0,(anonymous_184)
FNDA:0,(anonymous_185)
FNDA:0,(anonymous_186)
FNDA:0,(anonymous_187)
FNDA:0,(anonymous_188)
FNDA:0,(anonymous_189)
FNDA:0,(anonymous_190)
FNDA:0,exportFullReport
FNDA:0,(anonymous_192)
FNDA:0,(anonymous_193)
FNDA:0,(anonymous_194)
FNDA:0,(anonymous_195)
FNDA:0,(anonymous_196)
FNDA:0,(anonymous_197)
FNDA:0,(anonymous_198)
FNDA:0,(anonymous_199)
FNDA:0,(anonymous_200)
FNDA:0,(anonymous_201)
FNDA:0,(anonymous_202)
FNDA:0,(anonymous_203)
FNDA:0,(anonymous_204)
FNDA:0,(anonymous_205)
FNDA:0,addTableHeader
FNDA:0,(anonymous_207)
FNDA:0,(anonymous_208)
FNDA:0,(anonymous_209)
FNDA:0,(anonymous_210)
FNDA:0,exportComparisonReport
FNDA:0,(anonymous_212)
FNDA:0,(anonymous_213)
FNDA:0,(anonymous_214)
FNDA:0,(anonymous_215)
FNDA:0,(anonymous_216)
FNDA:0,(anonymous_217)
FNDA:0,(anonymous_218)
FNDA:0,(anonymous_219)
FNDA:0,(anonymous_220)
FNDA:0,(anonymous_221)
FNDA:0,(anonymous_222)
FNDA:0,(anonymous_223)
FNDA:0,(anonymous_224)
FNDA:0,(anonymous_225)
FNDA:0,(anonymous_226)
FNDA:0,(anonymous_227)
FNDA:0,(anonymous_228)
FNDA:0,(anonymous_229)
FNDA:0,(anonymous_230)
FNDA:0,(anonymous_231)
FNDA:0,(anonymous_232)
FNDA:0,(anonymous_233)
FNDA:0,(anonymous_234)
FNDA:0,(anonymous_235)
FNDA:0,(anonymous_236)
FNDA:0,(anonymous_237)
FNDA:0,(anonymous_238)
FNDA:0,(anonymous_239)
FNDA:0,(anonymous_240)
FNDA:0,(anonymous_241)
FNDA:0,(anonymous_242)
FNDA:0,calculateBlendedMortgage
FNDA:0,calculateBlendedMortgageFallback
FNDA:0,(anonymous_245)
FNDA:0,(anonymous_246)
FNDA:0,(anonymous_247)
FNDA:0,displayBlendedResults
FNDA:0,(anonymous_249)
FNDA:0,(anonymous_250)
FNDA:0,showBlendedResultsWithAnimation
FNDA:0,handleSecondMortgageTypeChange
FNDA:0,clearBlendedForm
FNDA:0,(anonymous_254)
FNDA:0,addBlendedComponent
FNDA:0,removeBlendedComponent
FNDA:0,handleComponentTypeChange
FNDA:0,getAdditionalComponents
FNDA:0,(anonymous_259)
FNDA:0,exportBlendedReport
FNDA:0,(anonymous_261)
FNDA:0,(anonymous_262)
FNDA:0,(anonymous_263)
FNDA:0,(anonymous_264)
FNDA:0,(anonymous_265)
FNDA:0,(anonymous_266)
FNDA:0,(anonymous_267)
FNDA:0,(anonymous_268)
FNDA:0,(anonymous_269)
DA:2,1
DA:5,1
DA:11,1
DA:17,1
DA:23,1
DA:32,1
DA:33,1
DA:36,1
DA:37,1
DA:40,1
DA:41,1
DA:45,0
DA:46,0
DA:47,0
DA:50,0
DA:51,0
DA:54,0
DA:57,0
DA:58,0
DA:62,0
DA:63,0
DA:64,0
DA:72,1
DA:73,1
DA:74,1
DA:80,1
DA:81,1
DA:83,1
DA:84,1
DA:85,1
DA:86,1
DA:87,1
DA:88,1
DA:89,1
DA:90,1
DA:94,1
DA:95,1
DA:104,0
DA:105,0
DA:109,0
DA:113,0
DA:118,0
DA:121,0
DA:130,0
DA:132,0
DA:133,0
DA:135,0
DA:139,0
DA:141,0
DA:148,0
DA:149,0
DA:153,0
DA:154,0
DA:157,0
DA:158,0
DA:159,0
DA:161,0
DA:162,0
DA:163,0
DA:164,0
DA:165,0
DA:167,0
DA:168,0
DA:169,0
DA:174,0
DA:177,0
DA:178,0
DA:179,0
DA:184,0
DA:185,0
DA:188,0
DA:196,0
DA:197,0
DA:198,0
DA:203,0
DA:204,0
DA:205,0
DA:210,0
DA:211,0
DA:213,0
DA:214,0
DA:215,0
DA:218,0
DA:219,0
DA:220,0
DA:223,0
DA:225,0
DA:226,0
DA:227,0
DA:231,0
DA:234,0
DA:238,0
DA:239,0
DA:241,0
DA:242,0
DA:243,0
DA:244,0
DA:251,1
DA:253,0
DA:254,0
DA:255,0
DA:256,0
DA:257,0
DA:258,0
DA:262,0
DA:265,0
DA:268,0
DA:271,0
DA:274,0
DA:276,0
DA:278,0
DA:279,0
DA:280,0
DA:281,0
DA:283,0
DA:284,0
DA:285,0
DA:286,0
DA:287,0
DA:293,0
DA:294,0
DA:300,1
DA:301,1
DA:302,1
DA:306,1
DA:307,1
DA:308,1
DA:311,1
DA:314,1
DA:315,1
DA:316,0
DA:320,1
DA:321,1
DA:322,1
DA:326,1
DA:327,1
DA:328,1
DA:331,1
DA:332,1
DA:333,1
DA:336,1
DA:337,1
DA:338,1
DA:342,1
DA:344,1
DA:345,1
DA:346,1
DA:347,1
DA:348,1
DA:349,1
DA:350,1
DA:351,1
DA:352,1
DA:353,1
DA:355,0
DA:356,0
DA:357,0
DA:359,0
DA:362,1
DA:363,1
DA:364,1
DA:365,1
DA:367,1
DA:368,1
DA:370,1
DA:371,1
DA:372,1
DA:373,4
DA:374,0
DA:375,0
DA:379,1
DA:380,1
DA:382,1
DA:385,1
DA:386,1
DA:389,1
DA:390,1
DA:391,1
DA:395,1
DA:396,1
DA:397,1
DA:400,1
DA:403,1
DA:404,1
DA:407,1
DA:408,1
DA:409,1
DA:413,1
DA:414,1
DA:415,1
DA:418,1
DA:421,1
DA:422,1
DA:425,1
DA:426,1
DA:427,1
DA:430,1
DA:431,1
DA:432,1
DA:436,1
DA:437,1
DA:438,1
DA:447,1
DA:448,1
DA:449,1
DA:452,1
DA:453,1
DA:454,1
DA:458,1
DA:459,1
DA:460,1
DA:461,0
DA:467,1
DA:470,1
DA:471,1
DA:472,1
DA:474,1
DA:475,1
DA:476,1
DA:478,1
DA:479,1
DA:480,1
DA:481,0
DA:482,0
DA:485,0
DA:488,1
DA:489,1
DA:490,1
DA:491,0
DA:492,0
DA:495,0
DA:498,1
DA:499,1
DA:500,1
DA:501,0
DA:502,0
DA:505,0
DA:509,1
DA:510,1
DA:511,1
DA:515,1
DA:516,1
DA:517,1
DA:518,0
DA:522,1
DA:523,1
DA:524,1
DA:525,0
DA:529,1
DA:530,1
DA:531,1
DA:532,0
DA:537,1
DA:538,1
DA:539,81
DA:543,1
DA:544,1
DA:545,1
DA:546,0
DA:547,0
DA:549,0
DA:554,1
DA:555,1
DA:556,1
DA:557,0
DA:560,0
DA:561,0
DA:568,1
DA:572,1
DA:573,1
DA:574,1
DA:576,1
DA:578,0
DA:585,0
DA:586,0
DA:590,0
DA:594,0
DA:600,0
DA:613,0
DA:629,0
DA:643,0
DA:647,0
DA:651,0
DA:656,0
DA:657,0
DA:660,0
DA:668,0
DA:682,0
DA:683,0
DA:684,0
DA:685,0
DA:690,0
DA:693,0
DA:694,0
DA:698,0
DA:708,0
DA:709,0
DA:710,0
DA:711,0
DA:716,0
DA:717,0
DA:722,0
DA:723,0
DA:724,0
DA:768,0
DA:770,0
DA:773,0
DA:776,0
DA:779,0
DA:780,0
DA:782,0
DA:784,0
DA:788,0
DA:789,0
DA:790,0
DA:791,0
DA:792,0
DA:793,0
DA:798,0
DA:799,0
DA:800,0
DA:801,0
DA:802,0
DA:803,0
DA:805,0
DA:807,0
DA:808,0
DA:809,0
DA:815,0
DA:816,0
DA:817,0
DA:818,0
DA:819,0
DA:820,0
DA:827,0
DA:828,0
DA:829,0
DA:832,0
DA:833,0
DA:834,0
DA:835,0
DA:836,0
DA:837,0
DA:840,0
DA:841,0
DA:842,0
DA:845,0
DA:846,0
DA:847,0
DA:851,0
DA:854,0
DA:855,0
DA:856,0
DA:859,0
DA:861,0
DA:867,0
DA:868,0
DA:869,0
DA:872,0
DA:873,0
DA:874,0
DA:877,0
DA:878,0
DA:881,0
DA:882,0
DA:889,0
DA:906,0
DA:909,0
DA:910,0
DA:914,0
DA:917,0
DA:919,0
DA:924,1
DA:925,1
DA:926,1
DA:928,0
DA:929,0
DA:934,1
DA:935,1
DA:937,1
DA:940,1
DA:944,1
DA:945,0
DA:946,0
DA:947,0
DA:948,0
DA:953,0
DA:954,0
DA:955,0
DA:957,0
DA:958,0
DA:959,0
DA:963,0
DA:964,0
DA:965,0
DA:969,0
DA:970,0
DA:971,0
DA:972,0
DA:973,0
DA:975,0
DA:981,0
DA:982,0
DA:983,0
DA:984,0
DA:985,0
DA:986,0
DA:987,0
DA:988,0
DA:989,0
DA:990,0
DA:991,0
DA:992,0
DA:996,0
DA:997,0
DA:1000,0
DA:1001,0
DA:1003,0
DA:1006,0
DA:1011,0
DA:1012,0
DA:1013,0
DA:1016,0
DA:1018,0
DA:1023,0
DA:1024,0
DA:1025,0
DA:1030,0
DA:1032,0
DA:1033,0
DA:1036,0
DA:1039,0
DA:1040,0
DA:1042,0
DA:1050,0
DA:1052,0
DA:1055,0
DA:1056,0
DA:1057,0
DA:1061,0
DA:1062,0
DA:1066,0
DA:1067,0
DA:1068,0
DA:1070,0
DA:1075,0
DA:1083,0
DA:1085,0
DA:1086,0
DA:1088,0
DA:1091,0
DA:1095,0
DA:1099,0
DA:1101,0
DA:1102,0
DA:1103,0
DA:1106,0
DA:1109,0
DA:1112,0
DA:1113,0
DA:1116,0
DA:1121,0
DA:1122,0
DA:1123,0
DA:1124,0
DA:1125,0
DA:1126,0
DA:1130,0
DA:1131,0
DA:1132,0
DA:1135,0
DA:1136,0
DA:1137,0
DA:1141,0
DA:1144,0
DA:1146,0
DA:1156,0
DA:1157,0
DA:1168,0
DA:1170,0
DA:1171,0
DA:1172,0
DA:1175,0
DA:1176,0
DA:1179,0
DA:1180,0
DA:1185,0
DA:1190,0
DA:1191,0
DA:1194,0
DA:1201,0
DA:1203,0
DA:1204,0
DA:1206,0
DA:1207,0
DA:1210,0
DA:1211,0
DA:1214,0
DA:1215,0
DA:1218,0
DA:1219,0
DA:1225,0
DA:1226,0
DA:1232,0
DA:1235,0
DA:1238,0
DA:1239,0
DA:1242,0
DA:1243,0
DA:1245,0
DA:1246,0
DA:1247,0
DA:1248,0
DA:1249,0
DA:1253,0
DA:1254,0
DA:1259,0
DA:1265,0
DA:1266,0
DA:1270,0
DA:1284,0
DA:1287,0
DA:1290,0
DA:1291,0
DA:1292,0
DA:1293,0
DA:1294,0
DA:1295,0
DA:1296,0
DA:1298,0
DA:1300,0
DA:1302,0
DA:1304,0
DA:1306,0
DA:1308,0
DA:1310,0
DA:1312,0
DA:1314,0
DA:1316,0
DA:1317,0
DA:1319,0
DA:1321,0
DA:1322,0
DA:1323,0
DA:1327,0
DA:1329,0
DA:1332,0
DA:1335,0
DA:1336,0
DA:1337,0
DA:1338,0
DA:1339,0
DA:1342,0
DA:1345,0
DA:1346,0
DA:1348,0
DA:1349,0
DA:1351,0
DA:1353,0
DA:1356,0
DA:1359,0
DA:1362,0
DA:1363,0
DA:1366,0
DA:1367,0
DA:1368,0
DA:1370,0
DA:1371,0
DA:1373,0
DA:1374,0
DA:1375,0
DA:1377,0
DA:1378,0
DA:1379,0
DA:1384,0
DA:1386,0
DA:1394,0
DA:1395,0
DA:1396,0
DA:1397,0
DA:1399,0
DA:1400,0
DA:1401,0
DA:1403,0
DA:1406,0
DA:1409,0
DA:1410,0
DA:1411,0
DA:1413,0
DA:1414,0
DA:1415,0
DA:1417,0
DA:1418,0
DA:1420,0
DA:1421,0
DA:1422,0
DA:1426,0
DA:1427,0
DA:1431,0
DA:1435,0
DA:1441,0
DA:1444,0
DA:1445,0
DA:1451,0
DA:1455,0
DA:1456,0
DA:1457,0
DA:1458,0
DA:1459,0
DA:1460,0
DA:1462,0
DA:1463,0
DA:1468,0
DA:1469,0
DA:1473,0
DA:1477,0
DA:1482,0
DA:1490,0
DA:1493,0
DA:1504,0
DA:1510,0
DA:1511,0
DA:1513,0
DA:1514,0
DA:1515,0
DA:1517,0
DA:1521,0
DA:1523,0
DA:1528,0
DA:1529,0
DA:1530,0
DA:1532,0
DA:1533,0
DA:1534,0
DA:1536,0
DA:1543,0
DA:1557,0
DA:1558,0
DA:1562,0
DA:1567,0
DA:1568,0
DA:1572,0
DA:1578,0
DA:1582,0
DA:1584,0
DA:1588,0
DA:1589,0
DA:1593,0
DA:1594,0
DA:1595,0
DA:1596,0
DA:1597,0
DA:1599,0
DA:1603,0
DA:1612,0
DA:1613,0
DA:1614,0
DA:1615,0
DA:1616,0
DA:1617,0
DA:1618,0
DA:1620,0
DA:1621,0
DA:1622,0
DA:1624,0
DA:1625,0
DA:1631,0
DA:1633,0
DA:1636,0
DA:1637,0
DA:1638,0
DA:1639,0
DA:1640,0
DA:1641,0
DA:1642,0
DA:1643,0
DA:1647,0
DA:1648,0
DA:1653,0
DA:1657,0
DA:1661,0
DA:1663,0
DA:1664,0
DA:1666,0
DA:1667,0
DA:1669,0
DA:1670,0
DA:1671,0
DA:1672,0
DA:1681,0
DA:1694,0
DA:1696,0
DA:1697,0
DA:1698,0
DA:1700,0
DA:1701,0
DA:1706,0
DA:1707,0
DA:1708,0
DA:1709,0
DA:1725,0
DA:1726,0
DA:1738,0
DA:1741,0
DA:1744,0
DA:1762,0
DA:1765,0
DA:1768,0
DA:1771,0
DA:1774,0
DA:1775,0
DA:1776,0
DA:1777,0
DA:1778,0
DA:1779,0
DA:1780,0
DA:1781,0
DA:1782,0
DA:1783,0
DA:1784,0
DA:1785,0
DA:1786,0
DA:1789,0
DA:1799,0
DA:1800,0
DA:1808,0
DA:1811,0
DA:1812,0
DA:1813,0
DA:1814,0
DA:1815,0
DA:1816,0
DA:1817,0
DA:1820,0
DA:1821,0
DA:1826,0
DA:1827,0
DA:1829,0
DA:1830,0
DA:1835,0
DA:1836,0
DA:1841,0
DA:1842,0
DA:1849,0
DA:1850,0
DA:1857,0
DA:1858,0
DA:1860,0
DA:1863,0
DA:1866,0
DA:1867,0
DA:1869,0
DA:1874,0
DA:1876,0
DA:1877,0
DA:1883,0
DA:1884,0
DA:1888,0
DA:1890,0
DA:1891,0
DA:1892,0
DA:1893,0
DA:1894,0
DA:1895,0
DA:1898,0
DA:1899,0
DA:1900,0
DA:1909,0
DA:1926,1
DA:1936,0
DA:1940,0
DA:1941,0
DA:1942,0
DA:1943,0
DA:1944,0
DA:1947,0
DA:1951,0
DA:1952,0
DA:1953,0
DA:1954,0
DA:1955,0
DA:1956,0
DA:1958,0
DA:1961,0
DA:1962,0
DA:1963,0
DA:1965,0
DA:1966,0
DA:1967,0
DA:1968,0
DA:1969,0
DA:1970,0
DA:1976,1
DA:1977,1
DA:1985,1
DA:1986,6
DA:1987,6
DA:1988,6
DA:1989,0
DA:1992,0
DA:1993,0
DA:1996,0
DA:1999,1
DA:2003,1
DA:2007,1
DA:2009,0
DA:2010,0
DA:2017,1
DA:2018,1
DA:2019,1
DA:2021,1
DA:2022,1
DA:2023,1
DA:2026,2
DA:2027,2
DA:2028,2
DA:2029,2
DA:2031,0
DA:2032,0
DA:2033,0
DA:2034,0
DA:2035,0
DA:2039,2
DA:2040,0
DA:2041,0
DA:2045,0
DA:2047,2
DA:2049,0
DA:2050,2
DA:2052,2
DA:2056,2
DA:2057,2
DA:2058,2
DA:2059,2
DA:2060,2
DA:2061,2
DA:2062,2
DA:2063,2
DA:2065,2
DA:2066,2
DA:2067,2
DA:2068,2
DA:2069,0
DA:2071,2
DA:2072,2
DA:2073,2
DA:2074,2
DA:2075,2
DA:2076,2
DA:2077,2
DA:2080,2
DA:2081,2
DA:2082,1
DA:2084,2
DA:2086,2
DA:2098,2
DA:2099,1
DA:2100,1
DA:2101,1
DA:2102,0
DA:2103,0
DA:2104,1
DA:2105,1
DA:2106,1
DA:2107,0
DA:2108,0
DA:2109,0
DA:2111,0
DA:2112,0
DA:2115,2
DA:2116,2
DA:2117,2
DA:2119,2
DA:2120,2
DA:2121,1
DA:2122,1
DA:2123,1
DA:2124,0
DA:2125,0
DA:2126,1
DA:2127,0
DA:2128,0
DA:2129,1
DA:2130,0
DA:2131,0
DA:2132,1
DA:2133,0
DA:2134,0
DA:2136,2
DA:2138,2
DA:2140,1
DA:2142,2
DA:2145,2
DA:2146,0
DA:2147,0
DA:2148,0
DA:2149,0
DA:2150,0
DA:2151,0
DA:2152,0
DA:2154,0
DA:2157,2
DA:2158,2
DA:2161,2
DA:2162,0
DA:2166,0
DA:2170,2
DA:2171,2
DA:2175,1
DA:2176,1
DA:2183,5
DA:2184,5
DA:2185,5
DA:2186,5
DA:2188,1
DA:2189,1
DA:2192,1
DA:2196,1
DA:2198,0
DA:2199,0
DA:2206,0
DA:2209,0
DA:2212,0
DA:2215,0
DA:2218,0
DA:2221,0
DA:2226,0
DA:2227,0
DA:2228,0
DA:2231,0
DA:2232,0
DA:2233,0
DA:2236,0
DA:2237,0
DA:2238,0
DA:2241,0
DA:2242,0
DA:2243,0
DA:2246,0
DA:2247,0
DA:2250,0
DA:2254,0
DA:2255,0
DA:2258,0
DA:2261,0
DA:2264,0
DA:2265,0
DA:2267,0
DA:2268,0
DA:2275,0
DA:2283,0
DA:2284,0
DA:2289,0
DA:2290,0
DA:2300,0
DA:2303,0
DA:2314,0
DA:2315,0
DA:2318,0
DA:2321,0
DA:2324,0
DA:2327,0
DA:2336,0
DA:2342,0
DA:2343,0
DA:2344,0
DA:2349,0
DA:2352,0
DA:2353,0
DA:2356,0
DA:2358,0
DA:2359,0
DA:2362,0
DA:2364,0
DA:2365,0
DA:2366,0
DA:2369,0
DA:2373,0
DA:2380,0
DA:2381,0
DA:2382,0
DA:2383,0
DA:2386,0
DA:2387,0
DA:2390,0
DA:2391,0
DA:2394,0
DA:2397,0
DA:2400,0
DA:2402,0
DA:2406,0
DA:2408,0
DA:2410,0
DA:2412,0
DA:2413,0
DA:2414,0
DA:2417,0
DA:2419,0
DA:2420,0
DA:2423,0
DA:2425,0
DA:2427,0
DA:2429,0
DA:2430,0
DA:2431,0
DA:2432,0
DA:2437,0
DA:2439,0
DA:2459,0
DA:2460,0
DA:2470,0
DA:2472,0
DA:2473,0
DA:2474,0
DA:2475,0
DA:2476,0
DA:2477,0
DA:2479,0
DA:2480,0
DA:2481,0
DA:2483,0
DA:2484,0
DA:2485,0
DA:2487,0
DA:2490,0
DA:2491,0
DA:2492,0
DA:2493,0
DA:2495,0
DA:2496,0
DA:2497,0
DA:2499,0
DA:2500,0
DA:2501,0
DA:2504,0
DA:2505,0
DA:2512,0
DA:2513,0
DA:2514,0
DA:2515,0
DA:2518,0
DA:2519,0
DA:2520,0
DA:2521,0
DA:2522,0
DA:2527,0
DA:2532,1
DA:2537,1
DA:2541,0
DA:2548,0
DA:2549,0
DA:2550,0
DA:2551,0
DA:2552,0
DA:2553,0
DA:2554,0
DA:2555,0
DA:2556,0
DA:2557,0
DA:2558,0
DA:2559,0
DA:2561,0
DA:2564,0
DA:2565,0
DA:2566,0
DA:2567,0
DA:2568,0
DA:2569,0
DA:2570,0
DA:2571,0
DA:2572,0
DA:2574,0
DA:2575,0
DA:2578,0
DA:2579,0
DA:2580,0
DA:2582,0
DA:2583,0
DA:2584,0
DA:2585,0
DA:2586,0
DA:2587,0
DA:2598,0
DA:2601,0
DA:2602,0
DA:2603,0
DA:2614,0
DA:2618,0
DA:2619,0
DA:2621,0
DA:2622,0
DA:2625,0
DA:2630,0
DA:2632,0
DA:2633,0
DA:2637,1
DA:2638,0
DA:2640,0
DA:2641,0
DA:2642,0
DA:2643,0
DA:2646,0
DA:2649,0
DA:2651,0
DA:2652,0
DA:2654,0
DA:2655,0
DA:2657,0
DA:2658,0
DA:2659,0
DA:2660,0
DA:2664,0
DA:2675,0
DA:2677,0
DA:2678,0
DA:2682,0
DA:2683,0
DA:2684,0
DA:2685,0
DA:2686,0
DA:2691,0
DA:2693,0
DA:2694,0
DA:2711,0
DA:2712,0
DA:2713,0
DA:2715,0
DA:2716,0
DA:2718,0
DA:2719,0
DA:2720,0
DA:2721,0
DA:2723,0
DA:2726,0
DA:2727,0
DA:2728,0
DA:2730,0
DA:2732,0
DA:2735,0
DA:2736,0
DA:2738,0
DA:2751,0
DA:2752,0
DA:2761,0
DA:2762,0
DA:2763,0
DA:2764,0
DA:2765,0
DA:2766,0
DA:2767,0
DA:2768,0
DA:2769,0
DA:2770,0
DA:2772,0
DA:2773,0
DA:2778,0
DA:2779,0
DA:2784,0
DA:2785,0
DA:2790,0
DA:2795,0
DA:2800,0
DA:2804,0
DA:2805,0
DA:2806,0
DA:2807,0
DA:2808,0
DA:2809,0
DA:2810,0
DA:2811,0
DA:2812,0
DA:2813,0
DA:2816,0
DA:2817,0
DA:2823,0
DA:2824,0
DA:2825,0
DA:2826,0
DA:2827,0
DA:2828,0
DA:2830,0
DA:2831,0
DA:2832,0
DA:2833,0
DA:2834,0
DA:2835,0
DA:2838,0
DA:2842,0
DA:2843,0
DA:2844,0
DA:2848,0
DA:2850,0
DA:2851,0
DA:2857,0
DA:2862,0
DA:2863,0
DA:2867,0
DA:2871,0
DA:2875,0
DA:2879,0
DA:2883,0
DA:2884,0
DA:2889,0
DA:2890,0
DA:2894,0
DA:2897,0
DA:2898,0
DA:2902,0
DA:2903,0
DA:2904,0
DA:2907,0
DA:2910,0
DA:2913,0
DA:2918,0
DA:2919,0
DA:2920,0
DA:2921,0
DA:2922,0
DA:2923,0
DA:2924,0
DA:2925,0
DA:2926,0
DA:2927,0
DA:2928,0
DA:2929,0
DA:2930,0
DA:2932,0
DA:2936,0
DA:2937,0
DA:2941,0
DA:2942,0
DA:2945,0
DA:2946,0
DA:2947,0
DA:2948,0
DA:2949,0
DA:2950,0
DA:2952,0
DA:2955,0
DA:2956,0
DA:2960,0
DA:2961,0
DA:2962,0
DA:2963,0
DA:2964,0
DA:2965,0
DA:2966,0
DA:2967,0
DA:2968,0
DA:2969,0
DA:2970,0
DA:2971,0
DA:2974,0
DA:2977,0
DA:2978,0
DA:2979,0
DA:2980,0
DA:2985,0
DA:2986,0
DA:2987,0
DA:2988,0
DA:2989,0
DA:2992,0
DA:2994,0
DA:2995,0
DA:2996,0
DA:2999,0
DA:3000,0
DA:3001,0
DA:3013,0
DA:3014,0
DA:3015,0
DA:3017,0
DA:3018,0
DA:3021,0
DA:3022,0
DA:3023,0
DA:3025,0
DA:3029,0
DA:3030,0
DA:3031,0
DA:3033,0
DA:3034,0
DA:3035,0
DA:3037,0
DA:3038,0
DA:3039,0
DA:3042,0
DA:3043,0
DA:3044,0
DA:3048,0
DA:3051,0
DA:3052,0
DA:3056,0
DA:3057,0
DA:3059,0
DA:3060,0
DA:3063,0
DA:3067,0
DA:3068,0
DA:3072,0
DA:3073,0
DA:3074,0
DA:3075,0
DA:3076,0
DA:3077,0
DA:3078,0
DA:3080,0
DA:3082,0
DA:3083,0
DA:3089,0
DA:3090,0
DA:3091,0
DA:3092,0
DA:3098,0
DA:3099,0
DA:3100,0
DA:3103,0
DA:3106,0
DA:3110,0
DA:3111,0
DA:3112,0
DA:3113,0
DA:3114,0
DA:3115,0
DA:3117,0
DA:3127,0
DA:3128,0
DA:3129,0
DA:3132,0
DA:3133,0
DA:3134,0
DA:3137,0
DA:3138,0
DA:3141,0
DA:3144,0
DA:3145,0
DA:3146,0
DA:3149,0
DA:3150,0
DA:3151,0
DA:3154,0
DA:3167,0
DA:3168,0
DA:3169,0
DA:3172,0
DA:3173,0
DA:3174,0
DA:3177,0
DA:3178,0
DA:3179,0
DA:3182,0
DA:3183,0
DA:3184,0
DA:3188,0
DA:3189,0
DA:3190,0
DA:3193,0
DA:3194,0
DA:3195,0
DA:3198,0
DA:3199,0
DA:3200,0
DA:3203,0
DA:3204,0
DA:3205,0
DA:3208,0
DA:3229,0
DA:3230,0
DA:3240,0
DA:3245,0
DA:3249,0
DA:3250,0
DA:3251,0
DA:3252,0
DA:3254,0
DA:3256,0
DA:3258,0
DA:3260,0
DA:3262,0
DA:3264,0
DA:3265,0
DA:3267,0
DA:3270,0
DA:3271,0
DA:3272,0
DA:3273,0
DA:3274,0
DA:3275,0
DA:3277,0
DA:3278,0
DA:3284,0
DA:3285,0
DA:3286,0
DA:3287,0
DA:3288,0
DA:3289,0
DA:3290,0
DA:3291,0
DA:3292,0
DA:3294,0
DA:3298,0
DA:3299,0
DA:3300,0
DA:3301,0
DA:3307,0
DA:3308,0
DA:3309,0
DA:3310,0
DA:3317,0
DA:3318,0
DA:3319,0
DA:3320,0
DA:3321,0
DA:3322,0
DA:3323,0
DA:3326,0
DA:3328,0
DA:3331,0
DA:3334,0
DA:3336,0
DA:3338,0
DA:3339,0
DA:3346,0
DA:3347,0
DA:3350,0
DA:3352,0
DA:3353,0
DA:3357,0
DA:3361,0
DA:3362,0
DA:3363,0
DA:3364,0
DA:3365,0
DA:3366,0
DA:3367,0
DA:3369,0
DA:3370,0
DA:3371,0
DA:3373,0
DA:3374,0
DA:3376,0
DA:3380,0
DA:3381,0
DA:3382,0
DA:3384,0
DA:3386,0
DA:3387,0
DA:3388,0
DA:3389,0
DA:3390,0
DA:3395,0
DA:3396,0
DA:3397,0
DA:3399,0
DA:3402,0
DA:3403,0
DA:3404,0
DA:3405,0
DA:3412,0
DA:3419,0
DA:3420,0
DA:3422,0
DA:3423,0
DA:3424,0
DA:3425,0
DA:3426,0
DA:3431,0
DA:3436,0
DA:3438,0
DA:3440,0
DA:3441,0
DA:3442,0
DA:3443,0
DA:3444,0
DA:3445,0
DA:3446,0
DA:3447,0
DA:3449,0
DA:3450,0
DA:3452,0
DA:3453,0
DA:3454,0
DA:3455,0
DA:3456,0
DA:3457,0
DA:3463,0
DA:3464,0
DA:3466,0
DA:3468,0
DA:3472,0
DA:3473,0
DA:3474,0
DA:3477,0
DA:3478,0
DA:3479,0
DA:3481,0
DA:3486,0
DA:3487,0
DA:3488,0
DA:3489,0
DA:3490,0
DA:3491,0
DA:3492,0
DA:3493,0
DA:3494,0
DA:3495,0
DA:3499,0
DA:3500,0
DA:3501,0
DA:3502,0
DA:3503,0
DA:3507,0
DA:3509,0
DA:3515,0
DA:3516,0
DA:3517,0
DA:3518,0
DA:3519,0
DA:3520,0
DA:3521,0
DA:3522,0
DA:3526,0
DA:3531,0
DA:3535,0
DA:3536,0
DA:3537,0
DA:3538,0
DA:3539,0
DA:3540,0
DA:3543,0
DA:3544,0
DA:3546,0
DA:3549,0
DA:3550,0
DA:3551,0
DA:3552,0
DA:3553,0
DA:3554,0
DA:3559,0
DA:3562,0
DA:3563,0
DA:3566,0
DA:3569,0
DA:3570,0
DA:3575,0
DA:3576,0
DA:3577,0
DA:3580,0
DA:3581,0
DA:3584,0
DA:3585,0
DA:3589,0
DA:3590,0
DA:3591,0
DA:3618,0
DA:3619,0
DA:3622,0
DA:3632,0
DA:3633,0
DA:3634,0
DA:3636,0
DA:3637,0
DA:3642,0
DA:3645,0
DA:3648,0
DA:3651,0
DA:3655,0
DA:3656,0
DA:3659,0
DA:3660,0
DA:3662,0
DA:3663,0
DA:3666,0
DA:3667,0
DA:3668,0
DA:3670,0
DA:3671,0
DA:3672,0
DA:3673,0
DA:3679,0
DA:3684,0
DA:3687,0
DA:3691,0
DA:3699,0
DA:3714,0
DA:3718,1
DA:3719,1
DA:3720,1
DA:3731,0
DA:3732,0
DA:3733,0
DA:3736,0
DA:3737,0
DA:3738,0
DA:3741,0
DA:3742,0
DA:3744,0
DA:3745,0
DA:3749,0
DA:3751,0
DA:3763,0
DA:3764,0
DA:3766,0
DA:3767,0
DA:3773,0
DA:3774,0
DA:3775,0
DA:3781,0
DA:3782,0
DA:3787,0
DA:3789,0
DA:3791,0
DA:3803,0
DA:3816,0
DA:3817,0
DA:3826,0
DA:3828,0
DA:3830,0
DA:3832,0
DA:3835,0
DA:3840,0
DA:3841,0
DA:3842,0
DA:3843,0
DA:3844,0
DA:3847,0
DA:3854,0
DA:3855,0
DA:3856,0
DA:3861,0
DA:3862,0
DA:3863,0
DA:3867,0
DA:3868,0
DA:3869,0
DA:3873,0
DA:3876,0
DA:3877,0
DA:3878,0
DA:3879,0
DA:3880,0
DA:3884,0
DA:3887,0
DA:3889,0
DA:3893,0
DA:3895,0
DA:3896,0
DA:3897,0
DA:3900,0
DA:3905,0
DA:3909,0
DA:3912,0
DA:3913,0
DA:3919,0
DA:3920,0
DA:3924,0
DA:3925,0
DA:3926,0
DA:3927,0
DA:3928,0
DA:3929,0
DA:3931,0
DA:3934,0
DA:3941,0
DA:3947,0
DA:3949,0
DA:3950,0
DA:3951,0
DA:3953,0
DA:3955,0
DA:3966,0
DA:3967,0
DA:3971,0
DA:3985,0
DA:3989,0
DA:3990,0
DA:3991,0
DA:3996,0
DA:4002,0
DA:4003,0
DA:4004,0
DA:4005,0
DA:4006,0
DA:4009,0
DA:4010,0
DA:4033,0
DA:4035,0
DA:4041,0
DA:4042,0
DA:4047,0
DA:4049,0
DA:4050,0
DA:4051,0
DA:4052,0
DA:4053,0
DA:4054,0
DA:4056,0
DA:4057,0
DA:4059,0
DA:4060,0
DA:4061,0
DA:4065,0
DA:4066,0
DA:4067,0
DA:4068,0
DA:4071,0
DA:4072,0
DA:4073,0
DA:4075,0
DA:4078,0
DA:4079,0
DA:4082,0
DA:4083,0
DA:4084,0
DA:4085,0
DA:4086,0
DA:4088,0
DA:4089,0
DA:4093,0
DA:4094,0
DA:4095,0
DA:4099,0
DA:4100,0
DA:4101,0
DA:4102,0
DA:4103,0
DA:4105,0
DA:4106,0
DA:4107,0
DA:4110,0
DA:4116,0
DA:4155,0
DA:4164,0
DA:4165,0
DA:4166,0
DA:4182,0
DA:4183,0
DA:4184,0
DA:4185,0
DA:4186,0
DA:4188,0
DA:4189,0
DA:4190,0
DA:4193,0
DA:4225,0
DA:4234,0
DA:4235,0
DA:4236,0
DA:4251,0
DA:4253,0
DA:4258,0
DA:4290,0
DA:4299,0
DA:4300,0
DA:4301,0
DA:4316,0
DA:4331,1
DA:4339,1
DA:4347,0
DA:4348,0
DA:4349,0
DA:4353,0
DA:4356,0
DA:4360,0
DA:4361,0
DA:4362,0
DA:4364,0
DA:4368,0
DA:4369,0
DA:4370,0
DA:4371,0
DA:4372,0
DA:4373,0
DA:4375,0
DA:4376,0
DA:4379,0
DA:4381,0
DA:4385,0
DA:4386,0
DA:4387,0
DA:4388,0
DA:4389,0
DA:4390,0
DA:4392,0
DA:4393,0
DA:4394,0
DA:4395,0
DA:4396,0
DA:4397,0
DA:4398,0
DA:4399,0
DA:4403,0
DA:4404,0
DA:4405,0
DA:4406,0
DA:4407,0
DA:4408,0
DA:4410,0
DA:4411,0
DA:4412,0
DA:4413,0
DA:4414,0
DA:4415,0
DA:4416,0
DA:4417,0
DA:4423,0
DA:4424,0
DA:4425,0
DA:4427,0
DA:4432,1
DA:4433,1
DA:4434,1
DA:4435,1
DA:4436,0
DA:4437,0
DA:4438,0
DA:4440,1
DA:4442,1
DA:4443,1
DA:4444,0
DA:4445,0
DA:4446,0
DA:4448,1
DA:4450,1
DA:4451,1
DA:4452,0
DA:4453,0
DA:4454,0
DA:4456,1
DA:4458,1
DA:4463,0
DA:4464,0
DA:4465,0
DA:4466,0
DA:4469,0
DA:4470,0
DA:4473,0
DA:4475,0
DA:4476,0
DA:4477,0
DA:4480,0
DA:4481,0
DA:4482,0
DA:4486,0
DA:4487,0
DA:4488,0
DA:4491,0
DA:4492,0
DA:4493,0
DA:4498,0
DA:4503,0
DA:4504,0
DA:4505,0
DA:4506,0
DA:4508,0
DA:4510,0
DA:4513,0
DA:4514,0
DA:4515,0
DA:4519,0
DA:4520,0
DA:4525,0
DA:4526,0
DA:4527,0
DA:4529,0
DA:4531,0
DA:4534,0
DA:4537,0
DA:4540,0
DA:4541,0
DA:4542,0
DA:4546,0
DA:4547,0
DA:4552,0
DA:4554,0
DA:4561,0
DA:4562,0
DA:4563,0
DA:4564,0
DA:4565,0
DA:4566,0
DA:4567,0
DA:4568,0
DA:4569,0
DA:4572,0
DA:4573,0
DA:4574,0
DA:4575,0
DA:4581,0
DA:4582,0
DA:4583,0
DA:4584,0
DA:4585,0
DA:4588,0
DA:4589,0
DA:4592,0
DA:4594,0
DA:4595,0
DA:4596,0
DA:4599,0
DA:4600,0
DA:4601,0
DA:4605,0
DA:4606,0
DA:4607,0
DA:4610,0
DA:4611,0
DA:4612,0
DA:4617,0
DA:4618,0
DA:4619,0
DA:4620,0
DA:4621,0
DA:4622,0
DA:4627,0
DA:4628,0
DA:4629,0
DA:4637,0
DA:4640,0
DA:4641,0
DA:4642,0
DA:4644,0
DA:4648,0
DA:4657,0
DA:4658,0
DA:4659,0
DA:4660,0
DA:4661,0
DA:4662,0
DA:4665,0
DA:4666,0
DA:4667,0
DA:4668,0
DA:4671,0
DA:4673,0
DA:4675,0
DA:4686,0
DA:4687,0
DA:4690,0
DA:4703,0
DA:4717,0
DA:4718,0
DA:4721,0
DA:4738,0
DA:4739,0
DA:4740,0
DA:4741,0
DA:4745,0
DA:4746,0
DA:4759,0
DA:4762,0
DA:4763,0
DA:4767,0
DA:4768,0
DA:4774,0
DA:4776,0
DA:4778,0
DA:4779,0
DA:4780,0
DA:4783,0
DA:4784,0
DA:4786,0
DA:4787,0
DA:4789,0
DA:4791,0
DA:4792,0
DA:4793,0
DA:4796,0
DA:4800,0
DA:4805,0
DA:4806,0
DA:4807,0
DA:4808,0
DA:4809,0
DA:4810,0
DA:4811,0
DA:4812,0
DA:4813,0
DA:4819,0
DA:4820,0
DA:4822,0
DA:4830,0
DA:4831,0
DA:4832,0
DA:4833,0
DA:4834,0
DA:4835,0
DA:4838,0
DA:4839,0
DA:4840,0
DA:4841,0
DA:4845,0
DA:4846,0
DA:4859,0
DA:4862,0
DA:4865,0
DA:4866,0
DA:4869,0
DA:4870,0
DA:4871,0
DA:4873,0
DA:4874,0
DA:4875,0
DA:4876,0
DA:4877,0
DA:4881,0
DA:4882,0
DA:4883,0
DA:4886,0
DA:4887,0
DA:4894,0
DA:4902,0
DA:4903,0
DA:4904,0
DA:4905,0
DA:4906,0
DA:4907,0
DA:4908,0
DA:4909,0
DA:4911,0
DA:4916,0
DA:4923,0
DA:4924,0
DA:4925,0
DA:4926,0
DA:4927,0
DA:4928,0
DA:4929,0
DA:4930,0
DA:4932,0
DA:4933,0
DA:4936,0
DA:4937,0
DA:4939,0
DA:4940,0
DA:4943,0
DA:4946,0
DA:4947,0
DA:4948,0
DA:4949,0
DA:4952,0
DA:4953,0
DA:4954,0
DA:4955,0
DA:4958,0
DA:4959,0
DA:4960,0
DA:4961,0
DA:4962,0
DA:4963,0
DA:4965,0
DA:4966,0
DA:4970,0
DA:4971,0
DA:4972,0
DA:4973,0
DA:4974,0
DA:4975,0
DA:4977,0
DA:4981,0
DA:4982,0
DA:4983,0
DA:4984,0
DA:4985,0
DA:4989,0
DA:4990,0
DA:4991,0
DA:4992,0
DA:4994,0
DA:4997,0
DA:5001,0
DA:5005,0
DA:5008,0
DA:5009,0
DA:5016,0
DA:5023,0
DA:5024,0
DA:5027,0
DA:5029,0
DA:5030,0
DA:5034,0
DA:5035,0
DA:5043,0
DA:5044,0
DA:5045,0
DA:5046,0
DA:5047,0
DA:5048,0
DA:5051,0
DA:5052,0
DA:5053,0
DA:5057,0
DA:5058,0
DA:5070,0
DA:5072,0
DA:5073,0
DA:5076,0
DA:5079,0
DA:5082,0
DA:5085,0
DA:5086,0
DA:5087,0
DA:5088,0
DA:5094,0
DA:5097,0
DA:5098,0
DA:5100,0
DA:5105,0
DA:5108,0
DA:5109,0
DA:5110,0
DA:5113,0
DA:5114,0
DA:5115,0
DA:5116,0
DA:5133,0
DA:5143,0
DA:5144,0
DA:5145,0
DA:5146,0
DA:5147,0
DA:5148,0
DA:5149,0
DA:5151,0
DA:5152,0
DA:5153,0
DA:5154,0
DA:5155,0
DA:5158,0
DA:5177,0
DA:5178,0
DA:5179,0
DA:5180,0
DA:5181,0
DA:5184,0
DA:5186,0
DA:5187,0
DA:5190,0
DA:5191,0
DA:5192,0
DA:5195,0
DA:5196,0
DA:5197,0
DA:5200,0
DA:5205,0
DA:5206,0
DA:5213,0
DA:5214,0
DA:5215,0
DA:5221,0
DA:5222,0
DA:5228,0
DA:5230,0
DA:5231,0
DA:5232,0
DA:5233,0
DA:5238,0
DA:5239,0
DA:5240,0
DA:5241,0
DA:5244,0
DA:5245,0
DA:5246,0
DA:5247,0
DA:5248,0
DA:5253,0
DA:5254,0
DA:5255,0
DA:5256,0
DA:5257,0
DA:5258,0
DA:5260,0
DA:5261,0
DA:5262,0
DA:5267,0
DA:5268,0
DA:5269,0
DA:5270,0
DA:5271,0
DA:5272,0
DA:5273,0
DA:5274,0
DA:5275,0
DA:5277,0
DA:5278,0
DA:5280,0
DA:5281,0
DA:5282,0
DA:5283,0
DA:5284,0
DA:5285,0
DA:5286,0
DA:5288,0
DA:5289,0
DA:5292,0
DA:5294,0
DA:5295,0
DA:5296,0
DA:5297,0
DA:5299,0
DA:5300,0
DA:5301,0
DA:5302,0
DA:5303,0
DA:5304,0
DA:5305,0
DA:5306,0
DA:5307,0
DA:5308,0
DA:5311,0
DA:5312,0
DA:5313,0
DA:5314,0
DA:5318,0
DA:5324,0
DA:5333,0
DA:5335,0
DA:5336,0
DA:5337,0
DA:5339,0
DA:5341,0
DA:5342,0
DA:5345,0
DA:5349,0
DA:5350,0
DA:5351,0
DA:5352,0
DA:5353,0
DA:5354,0
DA:5355,0
DA:5360,0
DA:5361,0
DA:5368,0
DA:5369,0
DA:5374,0
DA:5375,0
DA:5383,0
DA:5387,0
DA:5388,0
DA:5393,0
DA:5394,0
DA:5406,0
DA:5407,0
DA:5409,0
DA:5410,0
DA:5411,0
DA:5412,0
DA:5413,0
DA:5415,0
DA:5416,0
DA:5419,0
DA:5423,0
DA:5428,0
DA:5429,0
DA:5434,0
DA:5435,0
DA:5442,0
DA:5443,0
DA:5445,0
DA:5446,0
DA:5447,0
DA:5448,0
DA:5453,0
DA:5455,0
DA:5458,0
DA:5461,0
DA:5465,0
DA:5468,0
DA:5469,0
DA:5472,0
DA:5474,0
DA:5477,0
DA:5481,0
DA:5484,0
DA:5487,0
DA:5490,0
DA:5493,0
DA:5496,0
DA:5501,0
DA:5502,0
DA:5503,0
DA:5504,0
DA:5507,0
DA:5508,0
DA:5509,0
DA:5510,0
DA:5511,0
DA:5512,0
DA:5513,0
DA:5514,0
DA:5515,0
DA:5517,0
DA:5519,0
DA:5520,0
DA:5521,0
DA:5522,0
DA:5529,0
DA:5530,0
DA:5531,0
DA:5535,0
DA:5536,0
DA:5537,0
DA:5542,0
DA:5547,0
DA:5548,0
DA:5549,0
DA:5550,0
DA:5551,0
DA:5554,0
DA:5555,0
DA:5558,0
DA:5559,0
DA:5560,0
DA:5562,0
DA:5563,0
DA:5564,0
DA:5567,0
DA:5568,0
DA:5569,0
DA:5570,0
DA:5571,0
DA:5579,0
DA:5580,0
DA:5594,0
DA:5595,0
DA:5596,0
DA:5597,0
DA:5599,0
DA:5601,0
DA:5604,0
DA:5607,0
DA:5608,0
DA:5611,0
DA:5612,0
DA:5615,0
DA:5616,0
DA:5624,0
DA:5637,0
DA:5639,0
DA:5643,0
DA:5644,0
DA:5645,0
DA:5646,0
DA:5647,0
DA:5648,0
DA:5649,0
DA:5651,0
DA:5654,0
DA:5655,0
DA:5656,0
DA:5658,0
DA:5659,0
DA:5660,0
DA:5661,0
DA:5664,0
DA:5668,0
DA:5671,0
DA:5672,0
DA:5673,0
DA:5675,0
DA:5679,0
DA:5680,0
DA:5681,0
DA:5684,0
DA:5685,0
DA:5686,0
DA:5687,0
DA:5689,0
DA:5690,0
DA:5691,0
DA:5694,0
DA:5695,0
DA:5696,0
DA:5697,0
DA:5698,0
DA:5702,0
DA:5703,0
DA:5708,0
DA:5709,0
DA:5712,0
DA:5713,0
DA:5716,0
DA:5717,0
DA:5718,0
DA:5719,0
DA:5720,0
DA:5727,0
DA:5732,0
DA:5737,0
DA:5740,0
DA:5741,0
DA:5743,0
DA:5744,0
DA:5745,0
DA:5746,0
DA:5749,0
DA:5750,0
DA:5751,0
DA:5759,0
DA:5760,0
DA:5763,0
DA:5764,0
DA:5766,0
DA:5769,0
DA:5770,0
DA:5771,0
DA:5772,0
DA:5775,0
DA:5776,0
DA:5777,0
DA:5778,0
DA:5779,0
DA:5780,0
DA:5781,0
DA:5782,0
DA:5783,0
DA:5784,0
DA:5785,0
DA:5786,0
DA:5788,0
DA:5789,0
DA:5791,0
DA:5794,0
DA:5795,0
DA:5797,0
DA:5798,0
DA:5801,0
DA:5803,0
DA:5804,0
DA:5805,0
DA:5813,0
DA:5814,0
DA:5815,0
DA:5818,0
DA:5819,0
DA:5820,0
DA:5821,0
DA:5823,0
DA:5824,0
DA:5825,0
DA:5826,0
DA:5827,0
DA:5828,0
DA:5829,0
DA:5831,0
DA:5832,0
DA:5836,0
DA:5841,0
DA:5842,0
DA:5843,0
DA:5844,0
DA:5845,0
DA:5847,0
DA:5849,0
DA:5850,0
DA:5851,0
DA:5852,0
DA:5853,0
DA:5856,0
DA:5857,0
DA:5858,0
DA:5859,0
DA:5862,0
DA:5865,0
DA:5867,0
DA:5868,0
DA:5869,0
DA:5877,0
DA:5878,0
DA:5879,0
DA:5882,0
DA:5883,0
DA:5884,0
DA:5885,0
DA:5887,0
DA:5888,0
DA:5889,0
DA:5890,0
DA:5891,0
DA:5892,0
DA:5893,0
DA:5894,0
DA:5895,0
DA:5896,0
DA:5897,0
DA:5899,0
DA:5900,0
DA:5902,0
DA:5907,0
DA:5908,0
DA:5909,0
DA:5910,0
DA:5911,0
DA:5912,0
DA:5913,0
DA:5920,0
DA:5921,0
DA:5924,0
DA:5925,0
DA:5926,0
DA:5927,0
DA:5929,0
DA:5933,0
DA:5936,0
DA:5937,0
DA:5938,0
DA:5944,0
DA:5951,0
DA:5952,0
DA:5955,0
DA:5957,0
DA:5958,0
DA:5961,0
DA:5964,0
DA:5967,0
DA:5970,0
DA:5971,0
DA:5974,0
DA:5975,0
DA:5977,0
DA:5978,0
DA:5979,0
DA:5980,0
DA:5984,0
DA:5985,0
DA:5986,0
DA:5989,0
DA:5990,0
DA:5991,0
DA:5999,0
DA:6000,0
DA:6001,0
DA:6004,0
DA:6005,0
DA:6006,0
DA:6009,0
DA:6012,0
DA:6015,0
DA:6016,0
DA:6017,0
DA:6021,0
DA:6023,0
DA:6024,0
DA:6027,0
DA:6028,0
DA:6031,0
DA:6032,0
DA:6033,0
DA:6034,0
DA:6036,0
DA:6037,0
DA:6045,0
DA:6047,0
DA:6048,0
DA:6049,0
DA:6051,0
DA:6052,0
DA:6053,0
DA:6055,0
DA:6056,0
DA:6057,0
DA:6060,0
DA:6061,0
DA:6062,0
DA:6063,0
DA:6065,0
DA:6066,0
DA:6071,0
DA:6073,0
DA:6075,0
DA:6085,0
DA:6086,0
DA:6088,0
DA:6089,0
DA:6090,0
DA:6092,0
DA:6093,0
DA:6094,0
DA:6097,0
DA:6098,0
DA:6099,0
DA:6100,0
DA:6101,0
DA:6102,0
DA:6107,0
DA:6108,0
DA:6109,0
DA:6110,0
DA:6112,0
DA:6113,0
DA:6114,0
DA:6115,0
DA:6117,0
DA:6118,0
DA:6119,0
DA:6120,0
DA:6121,0
DA:6131,0
DA:6132,0
DA:6140,0
DA:6141,0
DA:6149,0
DA:6150,0
DA:6159,0
DA:6162,0
DA:6167,0
DA:6169,0
DA:6170,0
DA:6171,0
DA:6172,0
DA:6173,0
DA:6174,0
DA:6177,0
DA:6178,0
DA:6180,0
DA:6181,0
DA:6182,0
DA:6185,0
DA:6186,0
DA:6189,0
DA:6190,0
DA:6191,0
DA:6192,0
DA:6193,0
DA:6197,0
DA:6245,0
DA:6257,0
DA:6258,0
DA:6259,0
DA:6260,0
DA:6263,0
DA:6266,0
DA:6268,0
DA:6269,0
DA:6270,0
DA:6273,0
DA:6277,0
DA:6278,0
DA:6280,0
DA:6281,0
DA:6282,0
DA:6283,0
DA:6284,0
DA:6285,0
DA:6286,0
DA:6287,0
DA:6288,0
DA:6291,0
DA:6292,0
DA:6293,0
DA:6294,0
DA:6298,0
DA:6301,0
DA:6302,0
DA:6303,0
DA:6304,0
DA:6305,0
DA:6306,0
DA:6308,0
DA:6309,0
DA:6310,0
DA:6311,0
DA:6313,0
DA:6318,0
DA:6319,0
DA:6320,0
DA:6330,0
DA:6340,0
DA:6350,0
DA:6360,0
DA:6370,0
DA:6380,0
DA:6391,0
DA:6392,0
DA:6395,0
DA:6396,0
DA:6399,0
DA:6402,0
DA:6403,0
DA:6404,0
DA:6407,0
DA:6410,0
DA:6411,0
DA:6416,0
DA:6417,0
DA:6418,0
DA:6419,0
DA:6420,0
DA:6421,0
DA:6430,0
DA:6432,0
DA:6435,0
DA:6436,0
DA:6439,0
DA:6440,0
DA:6442,0
DA:6445,0
DA:6448,0
DA:6451,0
DA:6452,0
DA:6455,0
DA:6457,0
DA:6458,0
DA:6464,0
DA:6465,0
DA:6471,0
DA:6472,0
DA:6473,0
DA:6477,0
DA:6478,0
DA:6490,0
DA:6492,0
DA:6493,0
DA:6494,0
DA:6496,0
DA:6499,0
DA:6502,0
DA:6505,0
DA:6506,0
DA:6507,0
DA:6508,0
DA:6514,0
DA:6516,0
DA:6519,0
DA:6520,0
DA:6521,0
DA:6524,0
DA:6525,0
DA:6526,0
DA:6528,0
DA:6529,0
DA:6530,0
DA:6533,0
DA:6534,0
DA:6535,0
DA:6538,0
DA:6540,0
DA:6541,0
DA:6543,0
DA:6544,0
DA:6545,0
DA:6546,0
DA:6547,0
DA:6551,0
DA:6552,0
DA:6554,0
DA:6555,0
DA:6557,0
DA:6566,0
DA:6567,0
DA:6570,0
DA:6574,0
DA:6578,0
DA:6583,0
DA:6587,0
DA:6591,0
DA:6595,0
DA:6600,0
DA:6606,0
DA:6607,0
DA:6608,0
DA:6609,0
DA:6610,0
DA:6611,0
DA:6613,0
DA:6614,0
DA:6617,0
DA:6621,0
DA:6622,0
DA:6625,0
DA:6627,0
DA:6628,0
DA:6631,0
DA:6632,0
DA:6633,0
DA:6635,0
DA:6638,0
DA:6640,0
DA:6643,0
DA:6645,0
DA:6648,0
DA:6650,0
DA:6653,0
DA:6654,0
DA:6655,0
DA:6657,0
DA:6660,0
DA:6662,0
DA:6664,0
DA:6666,0
DA:6668,0
DA:6671,0
DA:6673,0
DA:6676,0
DA:6679,0
DA:6680,0
DA:6681,0
DA:6682,0
DA:6683,0
DA:6684,0
DA:6685,0
DA:6687,0
DA:6688,0
DA:6689,0
DA:6690,0
DA:6695,0
DA:6696,0
DA:6703,0
DA:6704,0
DA:6707,0
DA:6709,0
DA:6710,0
DA:6715,0
DA:6716,0
DA:6720,0
DA:6728,0
DA:6731,0
DA:6739,0
DA:6741,0
DA:6742,0
DA:6743,0
DA:6748,0
DA:6749,0
DA:6750,0
DA:6752,0
DA:6753,0
DA:6760,0
DA:6761,0
DA:6770,0
DA:6776,0
DA:6777,0
DA:6778,0
DA:6781,0
DA:6784,0
DA:6785,0
DA:6786,0
DA:6788,0
DA:6789,0
DA:6790,0
DA:6793,0
DA:6794,0
DA:6795,0
DA:6796,0
DA:6797,0
DA:6799,0
DA:6800,0
DA:6801,0
DA:6803,0
DA:6821,0
DA:6822,0
DA:6823,0
DA:6826,0
DA:6829,0
DA:6830,0
DA:6831,0
DA:6832,0
DA:6833,0
DA:6834,0
DA:6836,0
DA:6837,0
DA:6838,0
DA:6839,0
DA:6840,0
DA:6841,0
DA:6842,0
DA:6843,0
DA:6852,0
DA:6853,0
DA:6854,0
DA:6855,0
DA:6857,0
DA:6858,0
DA:6859,0
DA:6860,0
DA:6861,0
DA:6862,0
DA:6864,0
DA:6865,0
DA:6866,0
DA:6867,0
DA:6872,0
DA:6881,0
DA:6882,0
DA:6883,0
DA:6885,0
DA:6888,0
DA:6889,0
DA:6890,0
DA:6891,0
DA:6893,0
DA:6894,0
DA:6895,0
DA:6896,0
DA:6897,0
DA:6898,0
DA:6902,0
DA:6908,0
DA:6909,0
DA:6916,0
DA:6917,0
DA:6920,0
DA:6921,0
DA:6922,0
DA:6923,0
DA:6925,0
DA:6929,0
DA:6932,0
DA:6933,0
DA:6934,0
DA:6940,0
DA:6947,0
DA:6948,0
DA:6951,0
DA:6953,0
DA:6954,0
DA:6963,0
DA:6965,0
DA:6972,0
DA:6977,0
DA:6980,0
DA:6985,0
DA:6990,0
DA:6994,0
DA:6995,0
DA:7000,0
DA:7005,0
DA:7010,0
DA:7015,0
DA:7022,0
DA:7023,0
DA:7024,0
DA:7027,0
DA:7028,0
DA:7029,0
DA:7032,0
DA:7033,0
DA:7034,0
DA:7038,0
DA:7041,0
DA:7065,0
DA:7066,0
DA:7069,0
DA:7073,0
DA:7074,0
DA:7077,0
DA:7079,0
DA:7080,0
DA:7094,0
DA:7097,0
DA:7098,0
DA:7100,0
DA:7106,0
DA:7107,0
DA:7108,0
DA:7109,0
DA:7112,0
DA:7113,0
DA:7114,0
DA:7123,0
DA:7124,0
DA:7126,0
DA:7127,0
DA:7129,0
DA:7130,0
DA:7132,0
DA:7135,0
DA:7136,0
DA:7137,0
DA:7144,0
DA:7145,0
DA:7156,0
DA:7161,0
DA:7168,0
DA:7170,0
DA:7171,0
DA:7173,0
DA:7174,0
DA:7175,0
DA:7176,0
DA:7177,0
DA:7181,0
DA:7186,0
DA:7214,0
DA:7215,0
DA:7224,0
DA:7225,0
DA:7226,0
DA:7255,0
DA:7305,0
DA:7306,0
DA:7307,0
DA:7309,0
DA:7312,0
DA:7315,0
DA:7319,0
DA:7346,0
DA:7349,0
DA:7350,0
DA:7351,0
DA:7356,0
DA:7357,0
DA:7359,0
DA:7360,0
DA:7361,0
DA:7362,0
DA:7364,0
DA:7371,0
DA:7385,0
DA:7386,0
DA:7387,0
DA:7388,0
DA:7393,0
DA:7394,0
DA:7395,0
DA:7399,0
DA:7400,0
DA:7401,0
DA:7405,0
DA:7408,0
DA:7409,0
DA:7413,0
DA:7414,0
DA:7415,0
DA:7419,0
DA:7422,0
DA:7424,0
DA:7428,1
DA:7431,0
DA:7432,0
DA:7434,0
DA:7435,0
DA:7436,0
DA:7437,0
DA:7439,0
DA:7476,0
DA:7481,0
DA:7482,0
DA:7483,0
DA:7488,0
DA:7489,0
DA:7493,0
DA:7494,0
DA:7495,0
DA:7496,0
DA:7498,0
DA:7504,0
DA:7505,0
DA:7507,0
DA:7508,0
DA:7510,0
DA:7511,0
DA:7512,0
DA:7513,0
DA:7514,0
DA:7516,0
DA:7517,0
DA:7520,0
DA:7521,0
DA:7522,0
DA:7524,0
DA:7525,0
DA:7531,0
DA:7535,0
DA:7536,0
DA:7537,0
DA:7541,0
DA:7542,0
DA:7554,0
DA:7556,0
DA:7557,0
DA:7558,0
DA:7560,0
DA:7563,0
DA:7566,0
DA:7569,0
DA:7570,0
DA:7571,0
DA:7572,0
DA:7578,0
DA:7580,0
DA:7583,0
DA:7584,0
DA:7585,0
DA:7586,0
DA:7589,0
DA:7590,0
DA:7591,0
DA:7594,0
DA:7596,0
DA:7597,0
DA:7598,0
DA:7599,0
DA:7602,0
DA:7603,0
DA:7604,0
DA:7609,0
DA:7610,0
DA:7615,0
DA:7616,0
DA:7621,0
DA:7622,0
DA:7627,0
DA:7630,0
DA:7631,0
DA:7632,0
DA:7633,0
DA:7634,0
DA:7639,0
DA:7640,0
DA:7641,0
DA:7642,0
DA:7643,0
DA:7644,0
DA:7645,0
DA:7650,0
DA:7651,0
DA:7652,0
DA:7653,0
DA:7654,0
DA:7655,0
DA:7657,0
DA:7658,0
DA:7660,0
DA:7661,0
DA:7668,0
DA:7670,0
DA:7671,0
DA:7672,0
DA:7679,0
DA:7683,0
DA:7684,0
DA:7685,0
DA:7686,0
DA:7693,0
DA:7695,0
DA:7696,0
DA:7701,0
DA:7706,0
DA:7709,0
DA:7710,0
DA:7714,0
DA:7715,0
DA:7716,0
DA:7717,0
DA:7722,0
DA:7728,0
DA:7735,0
DA:7736,0
DA:7741,1
DA:7743,0
DA:7744,0
DA:7745,0
DA:7749,0
DA:7750,0
DA:7751,0
DA:7752,0
DA:7758,0
DA:7759,0
DA:7760,0
DA:7761,0
DA:7764,0
DA:7765,0
DA:7766,0
DA:7767,0
DA:7769,0
DA:7770,0
DA:7773,0
DA:7778,0
DA:7779,0
DA:7780,0
DA:7781,0
DA:7782,0
DA:7783,0
DA:7784,0
DA:7785,0
DA:7787,0
DA:7792,0
DA:7794,0
DA:7795,0
DA:7796,0
DA:7797,0
DA:7798,0
DA:7799,0
DA:7800,0
DA:7802,0
DA:7804,0
DA:7805,0
DA:7807,0
LF:3189
LH:268
BRDA:44,0,0,0
BRDA:63,1,0,0
BRDA:63,1,1,0
BRDA:73,2,0,1
BRDA:73,2,1,0
BRDA:73,3,0,1
BRDA:73,3,1,1
BRDA:81,4,0,1
BRDA:81,4,1,0
BRDA:81,5,0,1
BRDA:81,5,1,1
BRDA:85,6,0,1
BRDA:85,6,1,0
BRDA:87,7,0,1
BRDA:87,7,1,0
BRDA:89,8,0,1
BRDA:89,8,1,0
BRDA:116,9,0,0
BRDA:130,10,0,0
BRDA:130,10,1,0
BRDA:133,11,0,0
BRDA:133,11,1,0
BRDA:148,12,0,0
BRDA:148,12,1,0
BRDA:161,13,0,0
BRDA:161,13,1,0
BRDA:161,14,0,0
BRDA:161,14,1,0
BRDA:161,14,2,0
BRDA:162,15,0,0
BRDA:162,15,1,0
BRDA:184,16,0,0
BRDA:184,16,1,0
BRDA:189,17,0,0
BRDA:189,17,1,0
BRDA:195,18,0,0
BRDA:196,19,0,0
BRDA:196,19,1,0
BRDA:202,20,0,0
BRDA:203,21,0,0
BRDA:203,21,1,0
BRDA:213,22,0,0
BRDA:213,22,1,0
BRDA:218,23,0,0
BRDA:218,23,1,0
BRDA:241,24,0,0
BRDA:241,24,1,0
BRDA:241,25,0,0
BRDA:241,25,1,0
BRDA:256,26,0,0
BRDA:256,26,1,0
BRDA:276,27,0,0
BRDA:276,27,1,0
BRDA:278,28,0,0
BRDA:278,28,1,0
BRDA:281,29,0,0
BRDA:281,29,1,0
BRDA:281,30,0,0
BRDA:281,30,1,0
BRDA:281,30,2,0
BRDA:301,31,0,1
BRDA:301,31,1,0
BRDA:307,32,0,1
BRDA:307,32,1,0
BRDA:314,33,0,1
BRDA:314,33,1,0
BRDA:321,34,0,1
BRDA:321,34,1,0
BRDA:327,35,0,1
BRDA:327,35,1,0
BRDA:332,36,0,1
BRDA:332,36,1,0
BRDA:337,37,0,1
BRDA:337,37,1,0
BRDA:344,38,0,1
BRDA:344,38,1,0
BRDA:344,39,0,1
BRDA:344,39,1,1
BRDA:345,40,0,1
BRDA:345,40,1,0
BRDA:345,41,0,1
BRDA:345,41,1,1
BRDA:349,42,0,1
BRDA:349,42,1,0
BRDA:350,43,0,1
BRDA:350,43,1,0
BRDA:350,44,0,1
BRDA:350,44,1,1
BRDA:351,45,0,1
BRDA:351,45,1,0
BRDA:352,46,0,1
BRDA:352,46,1,1
BRDA:353,47,0,0
BRDA:353,47,1,1
BRDA:356,48,0,0
BRDA:356,48,1,0
BRDA:356,49,0,0
BRDA:356,49,1,0
BRDA:357,50,0,0
BRDA:357,50,1,0
BRDA:362,51,0,1
BRDA:362,51,1,0
BRDA:363,52,0,1
BRDA:363,52,1,0
BRDA:364,53,0,1
BRDA:364,53,1,0
BRDA:365,54,0,1
BRDA:365,54,1,1
BRDA:365,55,0,1
BRDA:365,55,1,1
BRDA:367,56,0,1
BRDA:367,56,1,0
BRDA:367,57,0,1
BRDA:367,57,1,1
BRDA:367,58,0,1
BRDA:367,58,1,1
BRDA:370,59,0,1
BRDA:370,59,1,0
BRDA:375,60,0,0
BRDA:375,60,1,0
BRDA:379,61,0,1
BRDA:379,61,1,0
BRDA:379,62,0,1
BRDA:379,62,1,1
BRDA:380,63,0,1
BRDA:380,63,1,0
BRDA:380,64,0,1
BRDA:380,64,1,1
BRDA:385,65,0,1
BRDA:385,65,1,0
BRDA:390,66,0,1
BRDA:390,66,1,0
BRDA:396,67,0,1
BRDA:396,67,1,0
BRDA:403,68,0,1
BRDA:403,68,1,0
BRDA:408,69,0,1
BRDA:408,69,1,0
BRDA:414,70,0,1
BRDA:414,70,1,0
BRDA:421,71,0,1
BRDA:421,71,1,0
BRDA:426,72,0,1
BRDA:426,72,1,0
BRDA:431,73,0,1
BRDA:431,73,1,0
BRDA:437,74,0,1
BRDA:437,74,1,0
BRDA:448,75,0,1
BRDA:448,75,1,0
BRDA:453,76,0,1
BRDA:453,76,1,0
BRDA:459,77,0,1
BRDA:459,77,1,0
BRDA:471,78,0,1
BRDA:471,78,1,0
BRDA:475,79,0,1
BRDA:475,79,1,0
BRDA:479,80,0,1
BRDA:479,80,1,0
BRDA:489,81,0,1
BRDA:489,81,1,0
BRDA:499,82,0,1
BRDA:499,82,1,0
BRDA:510,83,0,1
BRDA:510,83,1,0
BRDA:516,84,0,1
BRDA:516,84,1,0
BRDA:523,85,0,1
BRDA:523,85,1,0
BRDA:530,86,0,1
BRDA:530,86,1,0
BRDA:544,87,0,1
BRDA:544,87,1,0
BRDA:546,88,0,0
BRDA:546,88,1,0
BRDA:555,89,0,1
BRDA:555,89,1,0
BRDA:573,90,0,1
BRDA:573,90,1,0
BRDA:574,91,0,1
BRDA:574,91,1,0
BRDA:574,92,0,1
BRDA:574,92,1,1
BRDA:656,93,0,0
BRDA:656,93,1,0
BRDA:684,94,0,0
BRDA:684,94,1,0
BRDA:693,95,0,0
BRDA:693,95,1,0
BRDA:710,96,0,0
BRDA:710,96,1,0
BRDA:723,97,0,0
BRDA:723,97,1,0
BRDA:782,98,0,0
BRDA:782,98,1,0
BRDA:782,99,0,0
BRDA:782,99,1,0
BRDA:788,100,0,0
BRDA:788,100,1,0
BRDA:792,101,0,0
BRDA:792,101,1,0
BRDA:792,102,0,0
BRDA:792,102,1,0
BRDA:798,103,0,0
BRDA:798,103,1,0
BRDA:802,104,0,0
BRDA:802,104,1,0
BRDA:803,105,0,0
BRDA:803,105,1,0
BRDA:808,106,0,0
BRDA:808,106,1,0
BRDA:815,107,0,0
BRDA:815,107,1,0
BRDA:819,108,0,0
BRDA:819,108,1,0
BRDA:819,109,0,0
BRDA:819,109,1,0
BRDA:845,110,0,0
BRDA:845,110,1,0
BRDA:855,111,0,0
BRDA:855,111,1,0
BRDA:855,112,0,0
BRDA:855,112,1,0
BRDA:873,113,0,0
BRDA:873,113,1,0
BRDA:877,114,0,0
BRDA:877,114,1,0
BRDA:881,115,0,0
BRDA:881,115,1,0
BRDA:909,116,0,0
BRDA:909,116,1,0
BRDA:926,117,0,0
BRDA:926,117,1,1
BRDA:935,118,0,0
BRDA:935,118,1,1
BRDA:957,119,0,0
BRDA:957,119,1,0
BRDA:964,120,0,0
BRDA:964,120,1,0
BRDA:971,121,0,0
BRDA:971,121,1,0
BRDA:972,122,0,0
BRDA:972,122,1,0
BRDA:981,123,0,0
BRDA:981,123,1,0
BRDA:985,124,0,0
BRDA:985,124,1,0
BRDA:989,125,0,0
BRDA:989,125,1,0
BRDA:1000,126,0,0
BRDA:1000,126,1,0
BRDA:1024,127,0,0
BRDA:1024,127,1,0
BRDA:1029,128,0,0
BRDA:1032,129,0,0
BRDA:1032,129,1,0
BRDA:1050,130,0,0
BRDA:1050,130,1,0
BRDA:1050,131,0,0
BRDA:1050,131,1,0
BRDA:1083,132,0,0
BRDA:1083,132,1,0
BRDA:1099,133,0,0
BRDA:1099,133,1,0
BRDA:1112,134,0,0
BRDA:1112,134,1,0
BRDA:1121,135,0,0
BRDA:1121,135,1,0
BRDA:1123,136,0,0
BRDA:1123,136,1,0
BRDA:1125,137,0,0
BRDA:1125,137,1,0
BRDA:1131,138,0,0
BRDA:1131,138,1,0
BRDA:1136,139,0,0
BRDA:1136,139,1,0
BRDA:1144,140,0,0
BRDA:1144,140,1,0
BRDA:1144,141,0,0
BRDA:1144,141,1,0
BRDA:1144,141,2,0
BRDA:1146,142,0,0
BRDA:1146,142,1,0
BRDA:1180,143,0,0
BRDA:1180,143,1,0
BRDA:1181,144,0,0
BRDA:1181,144,1,0
BRDA:1181,144,2,0
BRDA:1201,145,0,0
BRDA:1201,145,1,0
BRDA:1204,146,0,0
BRDA:1204,146,1,0
BRDA:1206,147,0,0
BRDA:1206,147,1,0
BRDA:1207,148,0,0
BRDA:1207,148,1,0
BRDA:1211,149,0,0
BRDA:1211,149,1,0
BRDA:1214,150,0,0
BRDA:1214,150,1,0
BRDA:1216,151,0,0
BRDA:1216,151,1,0
BRDA:1218,152,0,0
BRDA:1218,152,1,0
BRDA:1220,153,0,0
BRDA:1220,153,1,0
BRDA:1225,154,0,0
BRDA:1225,154,1,0
BRDA:1225,155,0,0
BRDA:1225,155,1,0
BRDA:1246,156,0,0
BRDA:1246,156,1,0
BRDA:1250,157,0,0
BRDA:1250,157,1,0
BRDA:1264,158,0,0
BRDA:1264,159,0,0
BRDA:1266,160,0,0
BRDA:1266,160,1,0
BRDA:1267,161,0,0
BRDA:1267,161,1,0
BRDA:1302,162,0,0
BRDA:1302,162,1,0
BRDA:1305,163,0,0
BRDA:1305,163,1,0
BRDA:1307,164,0,0
BRDA:1307,164,1,0
BRDA:1309,165,0,0
BRDA:1309,165,1,0
BRDA:1311,166,0,0
BRDA:1311,166,1,0
BRDA:1313,167,0,0
BRDA:1313,167,1,0
BRDA:1315,168,0,0
BRDA:1315,168,1,0
BRDA:1318,169,0,0
BRDA:1318,169,1,0
BRDA:1320,170,0,0
BRDA:1320,170,1,0
BRDA:1321,171,0,0
BRDA:1321,171,1,0
BRDA:1328,172,0,0
BRDA:1328,172,1,0
BRDA:1330,173,0,0
BRDA:1330,173,1,0
BRDA:1333,174,0,0
BRDA:1333,174,1,0
BRDA:1337,175,0,0
BRDA:1337,175,1,0
BRDA:1338,176,0,0
BRDA:1338,176,1,0
BRDA:1338,177,0,0
BRDA:1338,177,1,0
BRDA:1338,177,2,0
BRDA:1345,178,0,0
BRDA:1345,178,1,0
BRDA:1352,179,0,0
BRDA:1352,179,1,0
BRDA:1353,180,0,0
BRDA:1353,180,1,0
BRDA:1360,181,0,0
BRDA:1360,181,1,0
BRDA:1362,182,0,0
BRDA:1362,182,1,0
BRDA:1367,183,0,0
BRDA:1367,183,1,0
BRDA:1369,184,0,0
BRDA:1369,184,1,0
BRDA:1370,185,0,0
BRDA:1370,185,1,0
BRDA:1372,186,0,0
BRDA:1372,186,1,0
BRDA:1373,187,0,0
BRDA:1373,187,1,0
BRDA:1374,188,0,0
BRDA:1374,188,1,0
BRDA:1376,189,0,0
BRDA:1376,189,1,0
BRDA:1377,190,0,0
BRDA:1377,190,1,0
BRDA:1384,191,0,0
BRDA:1384,191,1,0
BRDA:1394,192,0,0
BRDA:1394,192,1,0
BRDA:1397,193,0,0
BRDA:1397,193,1,0
BRDA:1399,194,0,0
BRDA:1399,194,1,0
BRDA:1413,195,0,0
BRDA:1413,195,1,0
BRDA:1413,196,0,0
BRDA:1413,196,1,0
BRDA:1418,197,0,0
BRDA:1418,197,1,0
BRDA:1420,198,0,0
BRDA:1420,198,1,0
BRDA:1426,199,0,0
BRDA:1426,199,1,0
BRDA:1426,200,0,0
BRDA:1426,200,1,0
BRDA:1435,201,0,0
BRDA:1435,201,1,0
BRDA:1436,202,0,0
BRDA:1436,202,1,0
BRDA:1436,202,2,0
BRDA:1436,202,3,0
BRDA:1456,203,0,0
BRDA:1456,203,1,0
BRDA:1456,204,0,0
BRDA:1456,204,1,0
BRDA:1459,205,0,0
BRDA:1459,205,1,0
BRDA:1468,206,0,0
BRDA:1468,206,1,0
BRDA:1468,207,0,0
BRDA:1468,207,1,0
BRDA:1477,208,0,0
BRDA:1477,208,1,0
BRDA:1478,209,0,0
BRDA:1478,209,1,0
BRDA:1478,209,2,0
BRDA:1493,210,0,0
BRDA:1493,210,1,0
BRDA:1513,211,0,0
BRDA:1513,211,1,0
BRDA:1515,212,0,0
BRDA:1515,212,1,0
BRDA:1515,213,0,0
BRDA:1515,213,1,0
BRDA:1521,214,0,0
BRDA:1521,214,1,0
BRDA:1523,215,0,0
BRDA:1523,215,1,0
BRDA:1528,216,0,0
BRDA:1528,216,1,0
BRDA:1530,217,0,0
BRDA:1530,217,1,0
BRDA:1532,218,0,0
BRDA:1532,218,1,0
BRDA:1532,219,0,0
BRDA:1532,219,1,0
BRDA:1537,220,0,0
BRDA:1537,220,1,0
BRDA:1544,221,0,0
BRDA:1544,221,1,0
BRDA:1558,222,0,0
BRDA:1558,222,1,0
BRDA:1559,223,0,0
BRDA:1559,223,1,0
BRDA:1568,224,0,0
BRDA:1568,224,1,0
BRDA:1569,225,0,0
BRDA:1569,225,1,0
BRDA:1574,226,0,0
BRDA:1574,226,1,0
BRDA:1578,227,0,0
BRDA:1578,227,1,0
BRDA:1579,228,0,0
BRDA:1579,228,1,0
BRDA:1604,229,0,0
BRDA:1604,229,1,0
BRDA:1612,230,0,0
BRDA:1612,230,1,0
BRDA:1612,231,0,0
BRDA:1612,231,1,0
BRDA:1621,232,0,0
BRDA:1621,232,1,0
BRDA:1631,233,0,0
BRDA:1631,233,1,0
BRDA:1633,234,0,0
BRDA:1633,234,1,0
BRDA:1638,235,0,0
BRDA:1638,235,1,0
BRDA:1642,236,0,0
BRDA:1642,236,1,0
BRDA:1648,237,0,0
BRDA:1648,237,1,0
BRDA:1649,238,0,0
BRDA:1649,238,1,0
BRDA:1653,239,0,0
BRDA:1653,239,1,0
BRDA:1654,240,0,0
BRDA:1654,240,1,0
BRDA:1661,241,0,0
BRDA:1661,241,1,0
BRDA:1664,242,0,0
BRDA:1664,242,1,0
BRDA:1670,243,0,0
BRDA:1670,243,1,0
BRDA:1694,244,0,0
BRDA:1694,244,1,0
BRDA:1697,245,0,0
BRDA:1697,245,1,0
BRDA:1700,246,0,0
BRDA:1700,246,1,0
BRDA:1700,247,0,0
BRDA:1700,247,1,0
BRDA:1706,248,0,0
BRDA:1706,248,1,0
BRDA:1710,249,0,0
BRDA:1710,249,1,0
BRDA:1710,250,0,0
BRDA:1710,250,1,0
BRDA:1725,251,0,0
BRDA:1725,251,1,0
BRDA:1775,252,0,0
BRDA:1775,252,1,0
BRDA:1781,253,0,0
BRDA:1781,253,1,0
BRDA:1811,254,0,0
BRDA:1811,254,1,0
BRDA:1820,255,0,0
BRDA:1820,255,1,0
BRDA:1826,256,0,0
BRDA:1826,256,1,0
BRDA:1829,257,0,0
BRDA:1829,257,1,0
BRDA:1835,258,0,0
BRDA:1835,258,1,0
BRDA:1841,259,0,0
BRDA:1841,259,1,0
BRDA:1849,260,0,0
BRDA:1849,260,1,0
BRDA:1849,261,0,0
BRDA:1849,261,1,0
BRDA:1858,262,0,0
BRDA:1858,262,1,0
BRDA:1863,263,0,0
BRDA:1863,263,1,0
BRDA:1866,264,0,0
BRDA:1866,264,1,0
BRDA:1866,265,0,0
BRDA:1866,265,1,0
BRDA:1874,266,0,0
BRDA:1874,266,1,0
BRDA:1876,267,0,0
BRDA:1876,267,1,0
BRDA:1883,268,0,0
BRDA:1883,268,1,0
BRDA:1890,269,0,0
BRDA:1890,269,1,0
BRDA:1893,270,0,0
BRDA:1893,270,1,0
BRDA:1895,271,0,0
BRDA:1895,271,1,0
BRDA:1898,272,0,0
BRDA:1898,272,1,0
BRDA:1899,273,0,0
BRDA:1899,273,1,0
BRDA:1899,274,0,0
BRDA:1899,274,1,0
BRDA:1899,274,2,0
BRDA:1936,275,0,0
BRDA:1936,275,1,0
BRDA:1941,276,0,0
BRDA:1941,276,1,0
BRDA:1953,277,0,0
BRDA:1953,277,1,0
BRDA:1955,278,0,0
BRDA:1955,278,1,0
BRDA:1961,279,0,0
BRDA:1961,279,1,0
BRDA:1976,280,0,0
BRDA:1976,280,1,1
BRDA:1987,281,0,0
BRDA:1987,281,1,6
BRDA:1989,282,0,0
BRDA:1989,282,1,0
BRDA:1996,283,0,0
BRDA:1996,283,1,0
BRDA:2003,284,0,1
BRDA:2003,284,1,0
BRDA:2004,285,0,1
BRDA:2004,285,1,0
BRDA:2027,286,0,0
BRDA:2027,286,1,2
BRDA:2028,287,0,2
BRDA:2028,287,1,2
BRDA:2029,288,0,0
BRDA:2029,288,1,2
BRDA:2033,289,0,0
BRDA:2033,289,1,0
BRDA:2039,290,0,0
BRDA:2039,290,1,2
BRDA:2039,291,0,2
BRDA:2039,291,1,0
BRDA:2040,292,0,0
BRDA:2040,292,1,0
BRDA:2047,293,0,0
BRDA:2047,293,1,2
BRDA:2050,294,0,2
BRDA:2050,294,1,0
BRDA:2050,295,0,2
BRDA:2050,295,1,0
BRDA:2050,295,2,0
BRDA:2055,296,0,1
BRDA:2063,297,0,0
BRDA:2063,297,1,2
BRDA:2063,298,0,2
BRDA:2063,298,1,2
BRDA:2063,298,2,2
BRDA:2063,298,3,2
BRDA:2063,298,4,2
BRDA:2065,299,0,2
BRDA:2065,299,1,1
BRDA:2066,300,0,2
BRDA:2066,300,1,1
BRDA:2067,301,0,0
BRDA:2067,301,1,2
BRDA:2068,302,0,0
BRDA:2068,302,1,2
BRDA:2068,303,0,2
BRDA:2068,303,1,0
BRDA:2072,304,0,0
BRDA:2072,304,1,2
BRDA:2073,305,0,2
BRDA:2073,305,1,2
BRDA:2075,306,0,2
BRDA:2075,306,1,0
BRDA:2077,307,0,2
BRDA:2077,307,1,0
BRDA:2081,308,0,1
BRDA:2081,308,1,1
BRDA:2084,309,0,1
BRDA:2084,309,1,1
BRDA:2098,310,0,1
BRDA:2098,310,1,1
BRDA:2101,311,0,0
BRDA:2101,311,1,1
BRDA:2104,312,0,1
BRDA:2104,312,1,0
BRDA:2107,313,0,0
BRDA:2107,313,1,0
BRDA:2119,314,0,2
BRDA:2119,314,1,1
BRDA:2119,314,2,1
BRDA:2120,315,0,1
BRDA:2120,315,1,1
BRDA:2123,316,0,0
BRDA:2123,316,1,1
BRDA:2126,317,0,0
BRDA:2126,317,1,1
BRDA:2126,318,0,1
BRDA:2126,318,1,0
BRDA:2129,319,0,0
BRDA:2129,319,1,1
BRDA:2129,320,0,1
BRDA:2129,320,1,0
BRDA:2132,321,0,0
BRDA:2132,321,1,1
BRDA:2132,322,0,1
BRDA:2132,322,1,1
BRDA:2138,323,0,1
BRDA:2138,323,1,1
BRDA:2138,324,0,2
BRDA:2138,324,1,1
BRDA:2145,325,0,0
BRDA:2145,325,1,2
BRDA:2145,326,0,2
BRDA:2145,326,1,0
BRDA:2147,327,0,0
BRDA:2147,327,1,0
BRDA:2158,328,0,0
BRDA:2158,328,1,2
BRDA:2161,329,0,0
BRDA:2161,329,1,2
BRDA:2161,330,0,2
BRDA:2161,330,1,1
BRDA:2161,330,2,1
BRDA:2162,331,0,0
BRDA:2162,331,1,0
BRDA:2163,332,0,0
BRDA:2163,332,1,0
BRDA:2163,332,2,0
BRDA:2163,332,3,0
BRDA:2175,333,0,0
BRDA:2175,333,1,1
BRDA:2184,334,0,0
BRDA:2184,334,1,5
BRDA:2192,335,0,1
BRDA:2192,335,1,0
BRDA:2193,336,0,1
BRDA:2193,336,1,0
BRDA:2226,337,0,0
BRDA:2226,337,1,0
BRDA:2226,338,0,0
BRDA:2226,338,1,0
BRDA:2231,339,0,0
BRDA:2231,339,1,0
BRDA:2231,340,0,0
BRDA:2231,340,1,0
BRDA:2236,341,0,0
BRDA:2236,341,1,0
BRDA:2236,342,0,0
BRDA:2236,342,1,0
BRDA:2241,343,0,0
BRDA:2241,343,1,0
BRDA:2241,344,0,0
BRDA:2241,344,1,0
BRDA:2246,345,0,0
BRDA:2246,345,1,0
BRDA:2246,346,0,0
BRDA:2246,346,1,0
BRDA:2267,347,0,0
BRDA:2267,347,1,0
BRDA:2267,348,0,0
BRDA:2267,348,1,0
BRDA:2343,349,0,0
BRDA:2343,349,1,0
BRDA:2346,350,0,0
BRDA:2346,350,1,0
BRDA:2358,351,0,0
BRDA:2358,351,1,0
BRDA:2359,352,0,0
BRDA:2359,352,1,0
BRDA:2364,353,0,0
BRDA:2364,353,1,0
BRDA:2365,354,0,0
BRDA:2365,354,1,0
BRDA:2374,355,0,0
BRDA:2374,355,1,0
BRDA:2375,356,0,0
BRDA:2375,356,1,0
BRDA:2376,357,0,0
BRDA:2376,357,1,0
BRDA:2408,358,0,0
BRDA:2408,358,1,0
BRDA:2410,359,0,0
BRDA:2410,359,1,0
BRDA:2412,360,0,0
BRDA:2412,360,1,0
BRDA:2413,361,0,0
BRDA:2413,361,1,0
BRDA:2414,362,0,0
BRDA:2414,362,1,0
BRDA:2419,363,0,0
BRDA:2419,363,1,0
BRDA:2420,364,0,0
BRDA:2420,364,1,0
BRDA:2420,365,0,0
BRDA:2420,365,1,0
BRDA:2423,366,0,0
BRDA:2423,366,1,0
BRDA:2425,367,0,0
BRDA:2425,367,1,0
BRDA:2427,368,0,0
BRDA:2427,368,1,0
BRDA:2431,369,0,0
BRDA:2431,369,1,0
BRDA:2431,370,0,0
BRDA:2431,370,1,0
BRDA:2431,370,2,0
BRDA:2437,371,0,0
BRDA:2437,371,1,0
BRDA:2437,371,2,0
BRDA:2474,372,0,0
BRDA:2474,372,1,0
BRDA:2474,373,0,0
BRDA:2474,373,1,0
BRDA:2477,374,0,0
BRDA:2477,374,1,0
BRDA:2481,375,0,0
BRDA:2481,375,1,0
BRDA:2483,376,0,0
BRDA:2483,376,1,0
BRDA:2496,377,0,0
BRDA:2496,377,1,0
BRDA:2496,378,0,0
BRDA:2496,378,1,0
BRDA:2497,379,0,0
BRDA:2497,379,1,0
BRDA:2497,380,0,0
BRDA:2497,380,1,0
BRDA:2497,380,2,0
BRDA:2499,381,0,0
BRDA:2499,381,1,0
BRDA:2499,382,0,0
BRDA:2499,382,1,0
BRDA:2499,382,2,0
BRDA:2504,383,0,0
BRDA:2504,383,1,0
BRDA:2514,384,0,0
BRDA:2514,384,1,0
BRDA:2518,385,0,0
BRDA:2518,385,1,0
BRDA:2548,386,0,0
BRDA:2548,386,1,0
BRDA:2552,387,0,0
BRDA:2552,387,1,0
BRDA:2553,388,0,0
BRDA:2553,388,1,0
BRDA:2555,389,0,0
BRDA:2555,389,1,0
BRDA:2561,390,0,0
BRDA:2561,390,1,0
BRDA:2561,390,2,0
BRDA:2565,391,0,0
BRDA:2565,391,1,0
BRDA:2566,392,0,0
BRDA:2566,392,1,0
BRDA:2567,393,0,0
BRDA:2567,393,1,0
BRDA:2569,394,0,0
BRDA:2569,394,1,0
BRDA:2571,395,0,0
BRDA:2571,395,1,0
BRDA:2579,396,0,0
BRDA:2579,396,1,0
BRDA:2585,397,0,0
BRDA:2585,397,1,0
BRDA:2585,397,2,0
BRDA:2586,398,0,0
BRDA:2586,398,1,0
BRDA:2595,399,0,0
BRDA:2595,399,1,0
BRDA:2595,399,2,0
BRDA:2598,400,0,0
BRDA:2598,400,1,0
BRDA:2602,401,0,0
BRDA:2602,401,1,0
BRDA:2602,402,0,0
BRDA:2602,402,1,0
BRDA:2604,403,0,0
BRDA:2604,403,1,0
BRDA:2619,404,0,0
BRDA:2619,404,1,0
BRDA:2625,405,0,0
BRDA:2625,405,1,0
BRDA:2626,406,0,0
BRDA:2626,406,1,0
BRDA:2626,406,2,0
BRDA:2642,407,0,0
BRDA:2642,407,1,0
BRDA:2646,408,0,0
BRDA:2646,408,1,0
BRDA:2657,409,0,0
BRDA:2657,409,1,0
BRDA:2657,410,0,0
BRDA:2657,410,1,0
BRDA:2675,411,0,0
BRDA:2675,411,1,0
BRDA:2684,412,0,0
BRDA:2684,412,1,0
BRDA:2685,413,0,0
BRDA:2685,413,1,0
BRDA:2685,414,0,0
BRDA:2685,414,1,0
BRDA:2691,415,0,0
BRDA:2691,415,1,0
BRDA:2693,416,0,0
BRDA:2693,416,1,0
BRDA:2694,417,0,0
BRDA:2694,417,1,0
BRDA:2711,418,0,0
BRDA:2711,418,1,0
BRDA:2711,418,2,0
BRDA:2712,419,0,0
BRDA:2712,419,1,0
BRDA:2712,420,0,0
BRDA:2712,420,1,0
BRDA:2715,421,0,0
BRDA:2715,421,1,0
BRDA:2715,422,0,0
BRDA:2715,422,1,0
BRDA:2716,423,0,0
BRDA:2716,423,1,0
BRDA:2718,424,0,0
BRDA:2718,424,1,0
BRDA:2720,425,0,0
BRDA:2720,425,1,0
BRDA:2726,426,0,0
BRDA:2726,426,1,0
BRDA:2726,426,2,0
BRDA:2727,427,0,0
BRDA:2727,427,1,0
BRDA:2731,428,0,0
BRDA:2731,428,1,0
BRDA:2765,429,0,0
BRDA:2765,429,1,0
BRDA:2766,430,0,0
BRDA:2766,430,1,0
BRDA:2769,431,0,0
BRDA:2769,431,1,0
BRDA:2770,432,0,0
BRDA:2770,432,1,0
BRDA:2772,433,0,0
BRDA:2772,433,1,0
BRDA:2772,434,0,0
BRDA:2772,434,1,0
BRDA:2778,435,0,0
BRDA:2778,435,1,0
BRDA:2778,436,0,0
BRDA:2778,436,1,0
BRDA:2784,437,0,0
BRDA:2784,437,1,0
BRDA:2784,438,0,0
BRDA:2784,438,1,0
BRDA:2790,439,0,0
BRDA:2790,439,1,0
BRDA:2791,440,0,0
BRDA:2791,440,1,0
BRDA:2791,440,2,0
BRDA:2807,441,0,0
BRDA:2807,441,1,0
BRDA:2808,442,0,0
BRDA:2808,442,1,0
BRDA:2811,443,0,0
BRDA:2811,443,1,0
BRDA:2811,444,0,0
BRDA:2811,444,1,0
BRDA:2842,445,0,0
BRDA:2842,445,1,0
BRDA:2843,446,0,0
BRDA:2843,446,1,0
BRDA:2844,447,0,0
BRDA:2844,447,1,0
BRDA:2850,448,0,0
BRDA:2850,448,1,0
BRDA:2857,449,0,0
BRDA:2857,449,1,0
BRDA:2857,449,2,0
BRDA:2857,449,3,0
BRDA:2857,449,4,0
BRDA:2857,449,5,0
BRDA:2862,450,0,0
BRDA:2862,450,1,0
BRDA:2867,451,0,0
BRDA:2867,451,1,0
BRDA:2868,452,0,0
BRDA:2868,452,1,0
BRDA:2875,453,0,0
BRDA:2875,453,1,0
BRDA:2876,454,0,0
BRDA:2876,454,1,0
BRDA:2883,455,0,0
BRDA:2883,455,1,0
BRDA:2883,456,0,0
BRDA:2883,456,1,0
BRDA:2889,457,0,0
BRDA:2889,457,1,0
BRDA:2897,458,0,0
BRDA:2897,458,1,0
BRDA:2899,459,0,0
BRDA:2899,459,1,0
BRDA:2903,460,0,0
BRDA:2903,460,1,0
BRDA:2903,461,0,0
BRDA:2903,461,1,0
BRDA:2903,461,2,0
BRDA:2903,461,3,0
BRDA:2905,462,0,0
BRDA:2905,462,1,0
BRDA:2908,463,0,0
BRDA:2908,463,1,0
BRDA:2911,464,0,0
BRDA:2911,464,1,0
BRDA:2914,465,0,0
BRDA:2914,465,1,0
BRDA:2918,466,0,0
BRDA:2918,466,1,0
BRDA:2921,467,0,0
BRDA:2921,467,1,0
BRDA:2923,468,0,0
BRDA:2923,468,1,0
BRDA:2925,469,0,0
BRDA:2925,469,1,0
BRDA:2925,470,0,0
BRDA:2925,470,1,0
BRDA:2929,471,0,0
BRDA:2929,471,1,0
BRDA:2936,472,0,0
BRDA:2936,472,1,0
BRDA:2936,473,0,0
BRDA:2936,473,1,0
BRDA:2937,474,0,0
BRDA:2937,474,1,0
BRDA:2938,475,0,0
BRDA:2938,475,1,0
BRDA:2946,476,0,0
BRDA:2946,476,1,0
BRDA:2946,477,0,0
BRDA:2946,477,1,0
BRDA:2949,478,0,0
BRDA:2949,478,1,0
BRDA:2962,479,0,0
BRDA:2962,479,1,0
BRDA:2964,480,0,0
BRDA:2964,480,1,0
BRDA:2965,481,0,0
BRDA:2965,481,1,0
BRDA:2966,482,0,0
BRDA:2966,482,1,0
BRDA:2967,483,0,0
BRDA:2967,483,1,0
BRDA:2969,484,0,0
BRDA:2969,484,1,0
BRDA:2977,485,0,0
BRDA:2977,485,1,0
BRDA:2979,486,0,0
BRDA:2979,486,1,0
BRDA:2986,487,0,0
BRDA:2986,487,1,0
BRDA:2986,488,0,0
BRDA:2986,488,1,0
BRDA:2988,489,0,0
BRDA:2988,489,1,0
BRDA:2994,490,0,0
BRDA:2994,490,1,0
BRDA:3017,491,0,0
BRDA:3017,491,1,0
BRDA:3017,492,0,0
BRDA:3017,492,1,0
BRDA:3017,492,2,0
BRDA:3017,492,3,0
BRDA:3021,493,0,0
BRDA:3021,493,1,0
BRDA:3023,494,0,0
BRDA:3023,494,1,0
BRDA:3025,495,0,0
BRDA:3025,495,1,0
BRDA:3031,496,0,0
BRDA:3031,496,1,0
BRDA:3031,496,2,0
BRDA:3031,496,3,0
BRDA:3043,497,0,0
BRDA:3043,497,1,0
BRDA:3059,498,0,0
BRDA:3059,498,1,0
BRDA:3059,499,0,0
BRDA:3059,499,1,0
BRDA:3059,499,2,0
BRDA:3067,500,0,0
BRDA:3067,500,1,0
BRDA:3068,501,0,0
BRDA:3068,501,1,0
BRDA:3074,502,0,0
BRDA:3074,502,1,0
BRDA:3074,503,0,0
BRDA:3074,503,1,0
BRDA:3076,504,0,0
BRDA:3076,504,1,0
BRDA:3090,505,0,0
BRDA:3090,505,1,0
BRDA:3127,506,0,0
BRDA:3127,506,1,0
BRDA:3127,507,0,0
BRDA:3127,507,1,0
BRDA:3132,508,0,0
BRDA:3132,508,1,0
BRDA:3132,509,0,0
BRDA:3132,509,1,0
BRDA:3137,510,0,0
BRDA:3137,510,1,0
BRDA:3144,511,0,0
BRDA:3144,511,1,0
BRDA:3144,512,0,0
BRDA:3144,512,1,0
BRDA:3149,513,0,0
BRDA:3149,513,1,0
BRDA:3149,514,0,0
BRDA:3149,514,1,0
BRDA:3167,515,0,0
BRDA:3167,515,1,0
BRDA:3167,516,0,0
BRDA:3167,516,1,0
BRDA:3172,517,0,0
BRDA:3172,517,1,0
BRDA:3172,518,0,0
BRDA:3172,518,1,0
BRDA:3177,519,0,0
BRDA:3177,519,1,0
BRDA:3182,520,0,0
BRDA:3182,520,1,0
BRDA:3182,521,0,0
BRDA:3182,521,1,0
BRDA:3188,522,0,0
BRDA:3188,522,1,0
BRDA:3188,523,0,0
BRDA:3188,523,1,0
BRDA:3193,524,0,0
BRDA:3193,524,1,0
BRDA:3193,525,0,0
BRDA:3193,525,1,0
BRDA:3198,526,0,0
BRDA:3198,526,1,0
BRDA:3198,527,0,0
BRDA:3198,527,1,0
BRDA:3203,528,0,0
BRDA:3203,528,1,0
BRDA:3203,529,0,0
BRDA:3203,529,1,0
BRDA:3224,530,0,0
BRDA:3225,531,0,0
BRDA:3226,532,0,0
BRDA:3240,533,0,0
BRDA:3240,533,1,0
BRDA:3240,534,0,0
BRDA:3240,534,1,0
BRDA:3241,535,0,0
BRDA:3241,535,1,0
BRDA:3251,536,0,0
BRDA:3251,536,1,0
BRDA:3270,537,0,0
BRDA:3270,537,1,0
BRDA:3275,538,0,0
BRDA:3275,538,1,0
BRDA:3275,539,0,0
BRDA:3275,539,1,0
BRDA:3275,539,2,0
BRDA:3275,539,3,0
BRDA:3277,540,0,0
BRDA:3277,540,1,0
BRDA:3278,541,0,0
BRDA:3278,541,1,0
BRDA:3279,542,0,0
BRDA:3279,542,1,0
BRDA:3279,542,2,0
BRDA:3279,542,3,0
BRDA:3284,543,0,0
BRDA:3284,543,1,0
BRDA:3285,544,0,0
BRDA:3285,544,1,0
BRDA:3289,545,0,0
BRDA:3289,545,1,0
BRDA:3292,546,0,0
BRDA:3292,546,1,0
BRDA:3310,547,0,0
BRDA:3310,547,1,0
BRDA:3311,548,0,0
BRDA:3311,548,1,0
BRDA:3311,548,2,0
BRDA:3311,548,3,0
BRDA:3311,548,4,0
BRDA:3318,549,0,0
BRDA:3318,549,1,0
BRDA:3319,550,0,0
BRDA:3319,550,1,0
BRDA:3320,551,0,0
BRDA:3320,551,1,0
BRDA:3321,552,0,0
BRDA:3321,552,1,0
BRDA:3322,553,0,0
BRDA:3322,553,1,0
BRDA:3323,554,0,0
BRDA:3323,554,1,0
BRDA:3326,555,0,0
BRDA:3326,555,1,0
BRDA:3326,556,0,0
BRDA:3326,556,1,0
BRDA:3328,557,0,0
BRDA:3328,557,1,0
BRDA:3328,558,0,0
BRDA:3328,558,1,0
BRDA:3338,559,0,0
BRDA:3338,559,1,0
BRDA:3363,560,0,0
BRDA:3363,560,1,0
BRDA:3366,561,0,0
BRDA:3366,561,1,0
BRDA:3367,562,0,0
BRDA:3367,562,1,0
BRDA:3369,563,0,0
BRDA:3369,563,1,0
BRDA:3371,564,0,0
BRDA:3371,564,1,0
BRDA:3373,565,0,0
BRDA:3373,565,1,0
BRDA:3376,566,0,0
BRDA:3376,566,1,0
BRDA:3378,567,0,0
BRDA:3378,567,1,0
BRDA:3380,568,0,0
BRDA:3380,568,1,0
BRDA:3381,569,0,0
BRDA:3381,569,1,0
BRDA:3384,570,0,0
BRDA:3384,570,1,0
BRDA:3384,571,0,0
BRDA:3384,571,1,0
BRDA:3386,572,0,0
BRDA:3386,572,1,0
BRDA:3388,573,0,0
BRDA:3388,573,1,0
BRDA:3388,574,0,0
BRDA:3388,574,1,0
BRDA:3390,575,0,0
BRDA:3390,575,1,0
BRDA:3391,576,0,0
BRDA:3391,576,1,0
BRDA:3391,576,2,0
BRDA:3396,577,0,0
BRDA:3396,577,1,0
BRDA:3402,578,0,0
BRDA:3402,578,1,0
BRDA:3402,578,2,0
BRDA:3404,579,0,0
BRDA:3404,579,1,0
BRDA:3405,580,0,0
BRDA:3405,580,1,0
BRDA:3407,581,0,0
BRDA:3407,581,1,0
BRDA:3409,582,0,0
BRDA:3409,582,1,0
BRDA:3422,583,0,0
BRDA:3422,583,1,0
BRDA:3422,584,0,0
BRDA:3422,584,1,0
BRDA:3425,585,0,0
BRDA:3425,585,1,0
BRDA:3436,586,0,0
BRDA:3436,586,1,0
BRDA:3436,587,0,0
BRDA:3436,587,1,0
BRDA:3442,588,0,0
BRDA:3442,588,1,0
BRDA:3442,589,0,0
BRDA:3442,589,1,0
BRDA:3446,590,0,0
BRDA:3446,590,1,0
BRDA:3447,591,0,0
BRDA:3447,591,1,0
BRDA:3449,592,0,0
BRDA:3449,592,1,0
BRDA:3452,593,0,0
BRDA:3452,593,1,0
BRDA:3453,594,0,0
BRDA:3453,594,1,0
BRDA:3455,595,0,0
BRDA:3455,595,1,0
BRDA:3455,596,0,0
BRDA:3455,596,1,0
BRDA:3457,597,0,0
BRDA:3457,597,1,0
BRDA:3458,598,0,0
BRDA:3458,598,1,0
BRDA:3458,598,2,0
BRDA:3466,599,0,0
BRDA:3466,599,1,0
BRDA:3473,600,0,0
BRDA:3473,600,1,0
BRDA:3477,601,0,0
BRDA:3477,601,1,0
BRDA:3478,602,0,0
BRDA:3478,602,1,0
BRDA:3486,603,0,0
BRDA:3486,603,1,0
BRDA:3489,604,0,0
BRDA:3489,604,1,0
BRDA:3492,605,0,0
BRDA:3492,605,1,0
BRDA:3492,606,0,0
BRDA:3492,606,1,0
BRDA:3493,607,0,0
BRDA:3493,607,1,0
BRDA:3493,608,0,0
BRDA:3493,608,1,0
BRDA:3493,608,2,0
BRDA:3499,609,0,0
BRDA:3499,609,1,0
BRDA:3501,610,0,0
BRDA:3501,610,1,0
BRDA:3520,611,0,0
BRDA:3520,611,1,0
BRDA:3520,612,0,0
BRDA:3520,612,1,0
BRDA:3535,613,0,0
BRDA:3535,613,1,0
BRDA:3535,614,0,0
BRDA:3535,614,1,0
BRDA:3549,615,0,0
BRDA:3549,615,1,0
BRDA:3551,616,0,0
BRDA:3551,616,1,0
BRDA:3552,617,0,0
BRDA:3552,617,1,0
BRDA:3553,618,0,0
BRDA:3553,618,1,0
BRDA:3555,619,0,0
BRDA:3555,619,1,0
BRDA:3569,620,0,0
BRDA:3569,620,1,0
BRDA:3580,621,0,0
BRDA:3580,621,1,0
BRDA:3582,622,0,0
BRDA:3582,622,1,0
BRDA:3584,623,0,0
BRDA:3584,623,1,0
BRDA:3586,624,0,0
BRDA:3586,624,1,0
BRDA:3589,625,0,0
BRDA:3589,625,1,0
BRDA:3590,626,0,0
BRDA:3590,626,1,0
BRDA:3591,627,0,0
BRDA:3591,627,1,0
BRDA:3613,628,0,0
BRDA:3614,629,0,0
BRDA:3615,630,0,0
BRDA:3616,631,0,0
BRDA:3622,632,0,0
BRDA:3622,632,1,0
BRDA:3623,633,0,0
BRDA:3623,633,1,0
BRDA:3638,634,0,0
BRDA:3638,634,1,0
BRDA:3660,635,0,0
BRDA:3660,635,1,0
BRDA:3660,636,0,0
BRDA:3660,636,1,0
BRDA:3663,637,0,0
BRDA:3663,637,1,0
BRDA:3668,638,0,0
BRDA:3668,638,1,0
BRDA:3668,639,0,0
BRDA:3668,639,1,0
BRDA:3670,640,0,0
BRDA:3670,640,1,0
BRDA:3672,641,0,0
BRDA:3672,641,1,0
BRDA:3674,642,0,0
BRDA:3674,642,1,0
BRDA:3687,643,0,0
BRDA:3687,643,1,0
BRDA:3719,644,0,1
BRDA:3719,644,1,0
BRDA:3719,645,0,1
BRDA:3719,645,1,1
BRDA:3720,646,0,1
BRDA:3720,646,1,0
BRDA:3720,647,0,0
BRDA:3720,647,1,0
BRDA:3766,648,0,0
BRDA:3766,648,1,0
BRDA:3773,649,0,0
BRDA:3773,649,1,0
BRDA:3789,650,0,0
BRDA:3789,650,1,0
BRDA:3855,651,0,0
BRDA:3855,651,1,0
BRDA:3862,652,0,0
BRDA:3862,652,1,0
BRDA:3868,653,0,0
BRDA:3868,653,1,0
BRDA:3884,654,0,0
BRDA:3884,654,1,0
BRDA:3887,655,0,0
BRDA:3887,655,1,0
BRDA:3895,656,0,0
BRDA:3895,656,1,0
BRDA:3912,657,0,0
BRDA:3912,657,1,0
BRDA:3918,658,0,0
BRDA:3924,659,0,0
BRDA:3924,659,1,0
BRDA:3926,660,0,0
BRDA:3926,660,1,0
BRDA:3928,661,0,0
BRDA:3928,661,1,0
BRDA:3931,662,0,0
BRDA:3931,662,1,0
BRDA:3953,663,0,0
BRDA:3953,663,1,0
BRDA:3959,664,0,0
BRDA:3959,664,1,0
BRDA:3966,665,0,0
BRDA:3966,665,1,0
BRDA:3976,666,0,0
BRDA:3976,666,1,0
BRDA:3978,667,0,0
BRDA:3978,667,1,0
BRDA:3980,668,0,0
BRDA:3980,668,1,0
BRDA:3989,669,0,0
BRDA:3989,669,1,0
BRDA:4004,670,0,0
BRDA:4004,670,1,0
BRDA:4049,671,0,0
BRDA:4049,671,1,0
BRDA:4051,672,0,0
BRDA:4051,672,1,0
BRDA:4053,673,0,0
BRDA:4053,673,1,0
BRDA:4056,674,0,0
BRDA:4056,674,1,0
BRDA:4059,675,0,0
BRDA:4059,675,1,0
BRDA:4082,676,0,0
BRDA:4082,676,1,0
BRDA:4084,677,0,0
BRDA:4084,677,1,0
BRDA:4085,678,0,0
BRDA:4085,678,1,0
BRDA:4101,679,0,0
BRDA:4101,679,1,0
BRDA:4106,680,0,0
BRDA:4106,680,1,0
BRDA:4164,681,0,0
BRDA:4164,681,1,0
BRDA:4184,682,0,0
BRDA:4184,682,1,0
BRDA:4189,683,0,0
BRDA:4189,683,1,0
BRDA:4234,684,0,0
BRDA:4234,684,1,0
BRDA:4299,685,0,0
BRDA:4299,685,1,0
BRDA:4347,686,0,0
BRDA:4347,686,1,0
BRDA:4349,687,0,0
BRDA:4349,687,1,0
BRDA:4361,688,0,0
BRDA:4361,688,1,0
BRDA:4369,689,0,0
BRDA:4369,689,1,0
BRDA:4369,690,0,0
BRDA:4369,690,1,0
BRDA:4372,691,0,0
BRDA:4372,691,1,0
BRDA:4372,692,0,0
BRDA:4372,692,1,0
BRDA:4375,693,0,0
BRDA:4375,693,1,0
BRDA:4375,694,0,0
BRDA:4375,694,1,0
BRDA:4388,695,0,0
BRDA:4388,695,1,0
BRDA:4394,696,0,0
BRDA:4394,696,1,0
BRDA:4395,697,0,0
BRDA:4395,697,1,0
BRDA:4398,698,0,0
BRDA:4398,698,1,0
BRDA:4406,699,0,0
BRDA:4406,699,1,0
BRDA:4411,700,0,0
BRDA:4411,700,1,0
BRDA:4412,701,0,0
BRDA:4412,701,1,0
BRDA:4416,702,0,0
BRDA:4416,702,1,0
BRDA:4424,703,0,0
BRDA:4424,703,1,0
BRDA:4432,704,0,0
BRDA:4432,704,1,1
BRDA:4434,705,0,1
BRDA:4434,705,1,0
BRDA:4436,706,0,0
BRDA:4436,706,1,0
BRDA:4442,707,0,1
BRDA:4442,707,1,0
BRDA:4444,708,0,0
BRDA:4444,708,1,0
BRDA:4450,709,0,1
BRDA:4450,709,1,0
BRDA:4452,710,0,0
BRDA:4452,710,1,0
BRDA:4469,711,0,0
BRDA:4469,711,1,0
BRDA:4469,712,0,0
BRDA:4469,712,1,0
BRDA:4469,712,2,0
BRDA:4469,712,3,0
BRDA:4473,713,0,0
BRDA:4473,713,1,0
BRDA:4480,714,0,0
BRDA:4480,714,1,0
BRDA:4481,715,0,0
BRDA:4481,715,1,0
BRDA:4491,716,0,0
BRDA:4491,716,1,0
BRDA:4492,717,0,0
BRDA:4492,717,1,0
BRDA:4508,718,0,0
BRDA:4508,718,1,0
BRDA:4508,719,0,0
BRDA:4508,719,1,0
BRDA:4508,719,2,0
BRDA:4529,720,0,0
BRDA:4529,720,1,0
BRDA:4529,721,0,0
BRDA:4529,721,1,0
BRDA:4529,721,2,0
BRDA:4554,722,0,0
BRDA:4554,722,1,0
BRDA:4556,723,0,0
BRDA:4556,723,1,0
BRDA:4573,724,0,0
BRDA:4573,724,1,0
BRDA:4588,725,0,0
BRDA:4588,725,1,0
BRDA:4588,726,0,0
BRDA:4588,726,1,0
BRDA:4588,726,2,0
BRDA:4588,726,3,0
BRDA:4592,727,0,0
BRDA:4592,727,1,0
BRDA:4599,728,0,0
BRDA:4599,728,1,0
BRDA:4600,729,0,0
BRDA:4600,729,1,0
BRDA:4610,730,0,0
BRDA:4610,730,1,0
BRDA:4611,731,0,0
BRDA:4611,731,1,0
BRDA:4617,732,0,0
BRDA:4617,732,1,0
BRDA:4619,733,0,0
BRDA:4619,733,1,0
BRDA:4620,734,0,0
BRDA:4620,734,1,0
BRDA:4623,735,0,0
BRDA:4623,735,1,0
BRDA:4628,736,0,0
BRDA:4628,736,1,0
BRDA:4640,737,0,0
BRDA:4640,737,1,0
BRDA:4641,738,0,0
BRDA:4641,738,1,0
BRDA:4641,739,0,0
BRDA:4641,739,1,0
BRDA:4657,740,0,0
BRDA:4657,740,1,0
BRDA:4659,741,0,0
BRDA:4659,741,1,0
BRDA:4661,742,0,0
BRDA:4661,742,1,0
BRDA:4665,743,0,0
BRDA:4665,743,1,0
BRDA:4666,744,0,0
BRDA:4666,744,1,0
BRDA:4673,745,0,0
BRDA:4673,745,1,0
BRDA:4693,746,0,0
BRDA:4693,746,1,0
BRDA:4694,747,0,0
BRDA:4694,747,1,0
BRDA:4695,748,0,0
BRDA:4695,748,1,0
BRDA:4696,749,0,0
BRDA:4696,749,1,0
BRDA:4697,750,0,0
BRDA:4697,750,1,0
BRDA:4698,751,0,0
BRDA:4698,751,1,0
BRDA:4728,752,0,0
BRDA:4728,752,1,0
BRDA:4729,753,0,0
BRDA:4729,753,1,0
BRDA:4730,754,0,0
BRDA:4730,754,1,0
BRDA:4731,755,0,0
BRDA:4731,755,1,0
BRDA:4732,756,0,0
BRDA:4732,756,1,0
BRDA:4762,757,0,0
BRDA:4762,757,1,0
BRDA:4773,758,0,0
BRDA:4776,759,0,0
BRDA:4776,759,1,0
BRDA:4789,760,0,0
BRDA:4789,760,1,0
BRDA:4830,761,0,0
BRDA:4830,761,1,0
BRDA:4832,762,0,0
BRDA:4832,762,1,0
BRDA:4834,763,0,0
BRDA:4834,763,1,0
BRDA:4838,764,0,0
BRDA:4838,764,1,0
BRDA:4839,765,0,0
BRDA:4839,765,1,0
BRDA:4862,766,0,0
BRDA:4862,766,1,0
BRDA:4871,767,0,0
BRDA:4871,767,1,0
BRDA:4904,768,0,0
BRDA:4904,768,1,0
BRDA:4907,769,0,0
BRDA:4907,769,1,0
BRDA:4952,770,0,0
BRDA:4952,770,1,0
BRDA:4952,771,0,0
BRDA:4952,771,1,0
BRDA:5043,772,0,0
BRDA:5043,772,1,0
BRDA:5045,773,0,0
BRDA:5045,773,1,0
BRDA:5047,774,0,0
BRDA:5047,774,1,0
BRDA:5051,775,0,0
BRDA:5051,775,1,0
BRDA:5051,776,0,0
BRDA:5051,776,1,0
BRDA:5100,777,0,0
BRDA:5100,777,1,0
BRDA:5102,778,0,0
BRDA:5102,778,1,0
BRDA:5114,779,0,0
BRDA:5114,779,1,0
BRDA:5133,780,0,0
BRDA:5133,780,1,0
BRDA:5177,781,0,0
BRDA:5177,781,1,0
BRDA:5180,782,0,0
BRDA:5180,782,1,0
BRDA:5195,783,0,0
BRDA:5195,783,1,0
BRDA:5201,784,0,0
BRDA:5201,784,1,0
BRDA:5208,785,0,0
BRDA:5208,785,1,0
BRDA:5213,786,0,0
BRDA:5213,786,1,0
BRDA:5216,787,0,0
BRDA:5216,787,1,0
BRDA:5223,788,0,0
BRDA:5223,788,1,0
BRDA:5230,789,0,0
BRDA:5230,789,1,0
BRDA:5284,790,0,0
BRDA:5284,790,1,0
BRDA:5286,791,0,0
BRDA:5286,791,1,0
BRDA:5286,792,0,0
BRDA:5286,792,1,0
BRDA:5289,793,0,0
BRDA:5289,793,1,0
BRDA:5289,794,0,0
BRDA:5289,794,1,0
BRDA:5300,795,0,0
BRDA:5300,795,1,0
BRDA:5300,796,0,0
BRDA:5300,796,1,0
BRDA:5305,797,0,0
BRDA:5305,797,1,0
BRDA:5305,798,0,0
BRDA:5305,798,1,0
BRDA:5306,799,0,0
BRDA:5306,799,1,0
BRDA:5306,800,0,0
BRDA:5306,800,1,0
BRDA:5306,800,2,0
BRDA:5311,801,0,0
BRDA:5311,801,1,0
BRDA:5312,802,0,0
BRDA:5312,802,1,0
BRDA:5333,803,0,0
BRDA:5333,803,1,0
BRDA:5333,804,0,0
BRDA:5333,804,1,0
BRDA:5333,804,2,0
BRDA:5335,805,0,0
BRDA:5335,805,1,0
BRDA:5342,806,0,0
BRDA:5342,806,1,0
BRDA:5345,807,0,0
BRDA:5345,807,1,0
BRDA:5346,808,0,0
BRDA:5346,808,1,0
BRDA:5347,809,0,0
BRDA:5347,809,1,0
BRDA:5356,810,0,0
BRDA:5356,810,1,0
BRDA:5362,811,0,0
BRDA:5362,811,1,0
BRDA:5363,812,0,0
BRDA:5363,812,1,0
BRDA:5370,813,0,0
BRDA:5370,813,1,0
BRDA:5377,814,0,0
BRDA:5377,814,1,0
BRDA:5378,815,0,0
BRDA:5378,815,1,0
BRDA:5383,816,0,0
BRDA:5383,816,1,0
BRDA:5384,817,0,0
BRDA:5384,817,1,0
BRDA:5389,818,0,0
BRDA:5389,818,1,0
BRDA:5396,819,0,0
BRDA:5396,819,1,0
BRDA:5409,820,0,0
BRDA:5409,820,1,0
BRDA:5453,821,0,0
BRDA:5453,821,1,0
BRDA:5456,822,0,0
BRDA:5456,822,1,0
BRDA:5459,823,0,0
BRDA:5459,823,1,0
BRDA:5462,824,0,0
BRDA:5462,824,1,0
BRDA:5472,825,0,0
BRDA:5472,825,1,0
BRDA:5485,826,0,0
BRDA:5485,826,1,0
BRDA:5488,827,0,0
BRDA:5488,827,1,0
BRDA:5491,828,0,0
BRDA:5491,828,1,0
BRDA:5494,829,0,0
BRDA:5494,829,1,0
BRDA:5497,830,0,0
BRDA:5497,830,1,0
BRDA:5517,831,0,0
BRDA:5517,831,1,0
BRDA:5524,832,0,0
BRDA:5524,832,1,0
BRDA:5535,833,0,0
BRDA:5535,833,1,0
BRDA:5542,834,0,0
BRDA:5542,834,1,0
BRDA:5543,835,0,0
BRDA:5543,835,1,0
BRDA:5543,835,2,0
BRDA:5562,836,0,0
BRDA:5562,836,1,0
BRDA:5563,837,0,0
BRDA:5563,837,1,0
BRDA:5569,838,0,0
BRDA:5569,838,1,0
BRDA:5572,839,0,0
BRDA:5572,839,1,0
BRDA:5573,840,0,0
BRDA:5573,840,1,0
BRDA:5579,841,0,0
BRDA:5579,841,1,0
BRDA:5596,842,0,0
BRDA:5596,842,1,0
BRDA:5599,843,0,0
BRDA:5599,843,1,0
BRDA:5601,844,0,0
BRDA:5601,844,1,0
BRDA:5604,845,0,0
BRDA:5604,845,1,0
BRDA:5608,846,0,0
BRDA:5608,846,1,0
BRDA:5611,847,0,0
BRDA:5611,847,1,0
BRDA:5611,848,0,0
BRDA:5611,848,1,0
BRDA:5630,849,0,0
BRDA:5630,849,1,0
BRDA:5637,850,0,0
BRDA:5637,850,1,0
BRDA:5643,851,0,0
BRDA:5643,851,1,0
BRDA:5647,852,0,0
BRDA:5647,852,1,0
BRDA:5648,853,0,0
BRDA:5648,853,1,0
BRDA:5649,854,0,0
BRDA:5649,854,1,0
BRDA:5649,855,0,0
BRDA:5649,855,1,0
BRDA:5660,856,0,0
BRDA:5660,856,1,0
BRDA:5660,857,0,0
BRDA:5660,857,1,0
BRDA:5671,858,0,0
BRDA:5671,858,1,0
BRDA:5695,859,0,0
BRDA:5695,859,1,0
BRDA:5696,860,0,0
BRDA:5696,860,1,0
BRDA:5697,861,0,0
BRDA:5697,861,1,0
BRDA:5699,862,0,0
BRDA:5699,862,1,0
BRDA:5702,863,0,0
BRDA:5702,863,1,0
BRDA:5704,864,0,0
BRDA:5704,864,1,0
BRDA:5716,865,0,0
BRDA:5716,865,1,0
BRDA:5716,866,0,0
BRDA:5716,866,1,0
BRDA:5719,867,0,0
BRDA:5719,867,1,0
BRDA:5722,868,0,0
BRDA:5722,868,1,0
BRDA:5766,869,0,0
BRDA:5766,869,1,0
BRDA:5783,870,0,0
BRDA:5783,870,1,0
BRDA:5801,871,0,0
BRDA:5801,871,1,0
BRDA:5801,872,0,0
BRDA:5801,872,1,0
BRDA:5847,873,0,0
BRDA:5847,873,1,0
BRDA:5849,874,0,0
BRDA:5849,874,1,0
BRDA:5852,875,0,0
BRDA:5852,875,1,0
BRDA:5853,876,0,0
BRDA:5853,876,1,0
BRDA:5859,877,0,0
BRDA:5859,877,1,0
BRDA:5865,878,0,0
BRDA:5865,878,1,0
BRDA:5894,879,0,0
BRDA:5894,879,1,0
BRDA:5912,880,0,0
BRDA:5912,880,1,0
BRDA:5921,881,0,0
BRDA:5921,881,1,0
BRDA:5967,882,0,0
BRDA:5967,882,1,0
BRDA:5975,883,0,0
BRDA:5975,883,1,0
BRDA:6099,884,0,0
BRDA:6099,884,1,0
BRDA:6362,885,0,0
BRDA:6362,885,1,0
BRDA:6395,886,0,0
BRDA:6395,886,1,0
BRDA:6395,887,0,0
BRDA:6395,887,1,0
BRDA:6471,888,0,0
BRDA:6471,888,1,0
BRDA:6493,889,0,0
BRDA:6493,889,1,0
BRDA:6535,890,0,0
BRDA:6535,890,1,0
BRDA:6538,891,0,0
BRDA:6538,891,1,0
BRDA:6545,892,0,0
BRDA:6545,892,1,0
BRDA:6554,893,0,0
BRDA:6554,893,1,0
BRDA:6554,894,0,0
BRDA:6554,894,1,0
BRDA:6554,894,2,0
BRDA:6567,895,0,0
BRDA:6567,895,1,0
BRDA:6570,896,0,0
BRDA:6570,896,1,0
BRDA:6574,897,0,0
BRDA:6574,897,1,0
BRDA:6578,898,0,0
BRDA:6578,898,1,0
BRDA:6583,899,0,0
BRDA:6583,899,1,0
BRDA:6587,900,0,0
BRDA:6587,900,1,0
BRDA:6591,901,0,0
BRDA:6591,901,1,0
BRDA:6595,902,0,0
BRDA:6595,902,1,0
BRDA:6600,903,0,0
BRDA:6600,903,1,0
BRDA:6600,904,0,0
BRDA:6600,904,1,0
BRDA:6635,905,0,0
BRDA:6635,905,1,0
BRDA:6638,906,0,0
BRDA:6638,906,1,0
BRDA:6643,907,0,0
BRDA:6643,907,1,0
BRDA:6645,908,0,0
BRDA:6645,908,1,0
BRDA:6657,909,0,0
BRDA:6657,909,1,0
BRDA:6660,910,0,0
BRDA:6660,910,1,0
BRDA:6664,911,0,0
BRDA:6664,911,1,0
BRDA:6666,912,0,0
BRDA:6666,912,1,0
BRDA:6668,913,0,0
BRDA:6668,913,1,0
BRDA:6679,914,0,0
BRDA:6679,914,1,0
BRDA:6679,915,0,0
BRDA:6679,915,1,0
BRDA:6691,916,0,0
BRDA:6691,916,1,0
BRDA:6707,917,0,0
BRDA:6707,917,1,0
BRDA:6709,918,0,0
BRDA:6709,918,1,0
BRDA:6711,919,0,0
BRDA:6711,919,1,0
BRDA:6715,920,0,0
BRDA:6715,920,1,0
BRDA:6717,921,0,0
BRDA:6717,921,1,0
BRDA:6718,922,0,0
BRDA:6718,922,1,0
BRDA:6721,923,0,0
BRDA:6721,923,1,0
BRDA:6739,924,0,0
BRDA:6739,924,1,0
BRDA:6744,925,0,0
BRDA:6744,925,1,0
BRDA:6752,926,0,0
BRDA:6752,926,1,0
BRDA:6755,927,0,0
BRDA:6755,927,1,0
BRDA:6763,928,0,0
BRDA:6763,928,1,0
BRDA:6776,929,0,0
BRDA:6776,929,1,0
BRDA:6786,930,0,0
BRDA:6786,930,1,0
BRDA:6788,931,0,0
BRDA:6788,931,1,0
BRDA:6815,932,0,0
BRDA:6815,932,1,0
BRDA:6831,933,0,0
BRDA:6831,933,1,0
BRDA:6831,934,0,0
BRDA:6831,934,1,0
BRDA:6832,935,0,0
BRDA:6832,935,1,0
BRDA:6860,936,0,0
BRDA:6860,936,1,0
BRDA:6866,937,0,0
BRDA:6866,937,1,0
BRDA:6873,938,0,0
BRDA:6873,938,1,0
BRDA:6877,939,0,0
BRDA:6877,939,1,0
BRDA:6888,940,0,0
BRDA:6888,940,1,0
BRDA:6889,941,0,0
BRDA:6889,941,1,0
BRDA:6917,942,0,0
BRDA:6917,942,1,0
BRDA:6966,943,0,0
BRDA:6966,943,1,0
BRDA:6973,944,0,0
BRDA:6973,944,1,0
BRDA:6978,945,0,0
BRDA:6978,945,1,0
BRDA:6981,946,0,0
BRDA:6981,946,1,0
BRDA:6986,947,0,0
BRDA:6986,947,1,0
BRDA:6991,948,0,0
BRDA:6991,948,1,0
BRDA:6994,949,0,0
BRDA:6994,949,1,0
BRDA:6996,950,0,0
BRDA:6996,950,1,0
BRDA:7001,951,0,0
BRDA:7001,951,1,0
BRDA:7006,952,0,0
BRDA:7006,952,1,0
BRDA:7011,953,0,0
BRDA:7011,953,1,0
BRDA:7016,954,0,0
BRDA:7016,954,1,0
BRDA:7022,955,0,0
BRDA:7022,955,1,0
BRDA:7027,956,0,0
BRDA:7027,956,1,0
BRDA:7032,957,0,0
BRDA:7032,957,1,0
BRDA:7065,958,0,0
BRDA:7065,958,1,0
BRDA:7065,959,0,0
BRDA:7065,959,1,0
BRDA:7092,960,0,0
BRDA:7107,961,0,0
BRDA:7107,961,1,0
BRDA:7108,962,0,0
BRDA:7108,962,1,0
BRDA:7129,963,0,0
BRDA:7129,963,1,0
BRDA:7129,964,0,0
BRDA:7129,964,1,0
BRDA:7130,965,0,0
BRDA:7130,965,1,0
BRDA:7173,966,0,0
BRDA:7173,966,1,0
BRDA:7225,967,0,0
BRDA:7225,967,1,0
BRDA:7244,968,0,0
BRDA:7244,968,1,0
BRDA:7251,969,0,0
BRDA:7251,969,1,0
BRDA:7251,970,0,0
BRDA:7251,970,1,0
BRDA:7263,971,0,0
BRDA:7263,971,1,0
BRDA:7295,972,0,0
BRDA:7295,972,1,0
BRDA:7305,973,0,0
BRDA:7305,973,1,0
BRDA:7307,974,0,0
BRDA:7307,974,1,0
BRDA:7309,975,0,0
BRDA:7309,975,1,0
BRDA:7312,976,0,0
BRDA:7312,976,1,0
BRDA:7315,977,0,0
BRDA:7315,977,1,0
BRDA:7349,978,0,0
BRDA:7349,978,1,0
BRDA:7359,979,0,0
BRDA:7359,979,1,0
BRDA:7359,980,0,0
BRDA:7359,980,1,0
BRDA:7361,981,0,0
BRDA:7361,981,1,0
BRDA:7361,982,0,0
BRDA:7361,982,1,0
BRDA:7387,983,0,0
BRDA:7387,983,1,0
BRDA:7394,984,0,0
BRDA:7394,984,1,0
BRDA:7400,985,0,0
BRDA:7400,985,1,0
BRDA:7408,986,0,0
BRDA:7408,986,1,0
BRDA:7414,987,0,0
BRDA:7414,987,1,0
BRDA:7434,988,0,0
BRDA:7434,988,1,0
BRDA:7482,989,0,0
BRDA:7482,989,1,0
BRDA:7493,990,0,0
BRDA:7493,990,1,0
BRDA:7493,991,0,0
BRDA:7493,991,1,0
BRDA:7495,992,0,0
BRDA:7495,992,1,0
BRDA:7495,993,0,0
BRDA:7495,993,1,0
BRDA:7507,994,0,0
BRDA:7507,994,1,0
BRDA:7516,995,0,0
BRDA:7516,995,1,0
BRDA:7516,996,0,0
BRDA:7516,996,1,0
BRDA:7516,996,2,0
BRDA:7518,997,0,0
BRDA:7518,997,1,0
BRDA:7520,998,0,0
BRDA:7520,998,1,0
BRDA:7521,999,0,0
BRDA:7521,999,1,0
BRDA:7522,1000,0,0
BRDA:7522,1000,1,0
BRDA:7524,1001,0,0
BRDA:7524,1001,1,0
BRDA:7524,1002,0,0
BRDA:7524,1002,1,0
BRDA:7524,1002,2,0
BRDA:7524,1002,3,0
BRDA:7535,1003,0,0
BRDA:7535,1003,1,0
BRDA:7557,1004,0,0
BRDA:7557,1004,1,0
BRDA:7605,1005,0,0
BRDA:7605,1005,1,0
BRDA:7611,1006,0,0
BRDA:7611,1006,1,0
BRDA:7617,1007,0,0
BRDA:7617,1007,1,0
BRDA:7623,1008,0,0
BRDA:7623,1008,1,0
BRDA:7630,1009,0,0
BRDA:7630,1009,1,0
BRDA:7630,1010,0,0
BRDA:7630,1010,1,0
BRDA:7635,1011,0,0
BRDA:7635,1011,1,0
BRDA:7640,1012,0,0
BRDA:7640,1012,1,0
BRDA:7642,1013,0,0
BRDA:7642,1013,1,0
BRDA:7644,1014,0,0
BRDA:7644,1014,1,0
BRDA:7650,1015,0,0
BRDA:7650,1015,1,0
BRDA:7663,1016,0,0
BRDA:7663,1016,1,0
BRDA:7670,1017,0,0
BRDA:7670,1017,1,0
BRDA:7670,1018,0,0
BRDA:7670,1018,1,0
BRDA:7674,1019,0,0
BRDA:7674,1019,1,0
BRDA:7688,1020,0,0
BRDA:7688,1020,1,0
BRDA:7695,1021,0,0
BRDA:7695,1021,1,0
BRDA:7714,1022,0,0
BRDA:7714,1022,1,0
BRDA:7744,1023,0,0
BRDA:7744,1023,1,0
BRDA:7765,1024,0,0
BRDA:7765,1024,1,0
BRDA:7769,1025,0,0
BRDA:7769,1025,1,0
BRDA:7780,1026,0,0
BRDA:7780,1026,1,0
BRDA:7780,1027,0,0
BRDA:7780,1027,1,0
BRDA:7782,1028,0,0
BRDA:7782,1028,1,0
BRDA:7785,1029,0,0
BRDA:7785,1029,1,0
BRDA:7795,1030,0,0
BRDA:7795,1030,1,0
BRDA:7798,1031,0,0
BRDA:7798,1031,1,0
BRDA:7798,1032,0,0
BRDA:7798,1032,1,0
BRDA:7805,1033,0,0
BRDA:7805,1033,1,0
BRF:2113
BRH:155
end_of_record
TN:
SF:src\__tests__\domTestUtils.js
FN:5,(anonymous_0)
FN:7,(anonymous_1)
FN:8,(anonymous_2)
FN:9,(anonymous_3)
FN:13,loadPurchaseDom
FNF:5
FNH:2
FNDA:1,(anonymous_0)
FNDA:0,(anonymous_1)
FNDA:0,(anonymous_2)
FNDA:0,(anonymous_3)
FNDA:1,loadPurchaseDom
DA:1,1
DA:2,1
DA:5,1
DA:8,0
DA:15,1
DA:16,1
DA:18,1
DA:20,1
DA:24,1
DA:27,1
LF:10
LH:9
BRF:0
BRH:0
end_of_record
TN:
SF:src\modules\calculators\ScheduleBuilder.js
FN:67,buildFixedLoanSchedule
FN:120,(anonymous_1)
FNF:2
FNH:0
FNDA:0,buildFixedLoanSchedule
FNDA:0,(anonymous_1)
DA:79,0
DA:81,0
DA:82,0
DA:86,0
DA:87,0
DA:89,0
DA:94,0
DA:95,0
DA:96,0
DA:97,0
DA:98,0
DA:101,0
DA:106,0
DA:111,0
DA:112,0
DA:113,0
DA:114,0
DA:115,0
DA:116,0
DA:117,0
DA:118,0
DA:120,0
DA:122,0
DA:123,0
DA:124,0
DA:126,0
DA:128,0
DA:129,0
DA:130,0
DA:131,0
DA:132,0
DA:133,0
DA:134,0
DA:135,0
DA:139,0
DA:140,0
DA:141,0
DA:142,0
DA:143,0
DA:145,0
DA:146,0
DA:150,0
DA:151,0
DA:152,0
DA:153,0
DA:155,0
DA:156,0
DA:158,0
DA:159,0
DA:160,0
DA:161,0
DA:162,0
DA:164,0
DA:165,0
DA:169,0
DA:170,0
DA:171,0
DA:174,0
DA:178,0
DA:179,0
DA:183,0
DA:189,0
DA:190,0
DA:192,0
DA:200,0
DA:201,0
DA:202,0
DA:203,0
DA:204,0
DA:205,0
DA:207,0
DA:211,0
DA:212,0
DA:213,0
DA:214,0
DA:216,0
DA:217,0
DA:218,0
DA:219,0
DA:220,0
DA:221,0
DA:222,0
DA:223,0
DA:224,0
DA:227,0
DA:228,0
DA:229,0
DA:230,0
DA:233,0
DA:234,0
DA:236,0
DA:237,0
DA:238,0
DA:239,0
DA:240,0
DA:242,0
DA:243,0
DA:246,0
DA:247,0
DA:250,0
DA:308,1
LF:101
LH:1
BRDA:76,0,0,0
BRDA:86,1,0,0
BRDA:86,1,1,0
BRDA:95,2,0,0
BRDA:95,2,1,0
BRDA:97,3,0,0
BRDA:97,3,1,0
BRDA:98,4,0,0
BRDA:98,4,1,0
BRDA:101,5,0,0
BRDA:101,5,1,0
BRDA:101,6,0,0
BRDA:101,6,1,0
BRDA:103,7,0,0
BRDA:103,7,1,0
BRDA:106,8,0,0
BRDA:106,8,1,0
BRDA:106,8,2,0
BRDA:106,8,3,0
BRDA:122,9,0,0
BRDA:122,9,1,0
BRDA:126,10,0,0
BRDA:126,10,1,0
BRDA:130,11,0,0
BRDA:130,11,1,0
BRDA:134,12,0,0
BRDA:134,12,1,0
BRDA:140,13,0,0
BRDA:140,13,1,0
BRDA:142,14,0,0
BRDA:142,14,1,0
BRDA:156,15,0,0
BRDA:156,15,1,0
BRDA:158,16,0,0
BRDA:158,16,1,0
BRDA:174,17,0,0
BRDA:174,17,1,0
BRDA:175,18,0,0
BRDA:175,18,1,0
BRDA:175,18,2,0
BRDA:175,18,3,0
BRDA:184,19,0,0
BRDA:184,19,1,0
BRDA:202,20,0,0
BRDA:202,20,1,0
BRDA:207,21,0,0
BRDA:207,21,1,0
BRDA:207,21,2,0
BRDA:207,21,3,0
BRDA:212,22,0,0
BRDA:212,22,1,0
BRDA:216,23,0,0
BRDA:216,23,1,0
BRDA:219,24,0,0
BRDA:219,24,1,0
BRDA:223,25,0,0
BRDA:223,25,1,0
BRDA:227,26,0,0
BRDA:227,26,1,0
BRDA:229,27,0,0
BRDA:229,27,1,0
BRDA:234,28,0,0
BRDA:234,28,1,0
BRDA:236,29,0,0
BRDA:236,29,1,0
BRDA:278,30,0,0
BRDA:278,30,1,0
BRDA:285,31,0,0
BRDA:285,31,1,0
BRDA:289,32,0,0
BRDA:289,32,1,0
BRF:71
BRH:0
end_of_record
TN:
SF:src\modules\calculators\ScoringEngine.js
FN:34,payoffMonths
FN:41,primaryScore
FN:53,tieBreakCompare
FN:72,determineBestLoan
FNF:4
FNH:0
FNDA:0,payoffMonths
FNDA:0,primaryScore
FNDA:0,tieBreakCompare
FNDA:0,determineBestLoan
DA:28,1
DA:35,0
DA:36,0
DA:37,0
DA:38,0
DA:42,0
DA:44,0
DA:46,0
DA:49,0
DA:54,0
DA:55,0
DA:56,0
DA:57,0
DA:58,0
DA:59,0
DA:60,0
DA:61,0
DA:62,0
DA:63,0
DA:73,0
DA:74,0
DA:75,0
DA:76,0
DA:77,0
DA:78,0
DA:79,0
DA:80,0
DA:81,0
DA:82,0
DA:83,0
DA:88,0
DA:89,0
DA:90,0
DA:92,0
DA:95,1
LF:35
LH:2
BRDA:35,0,0,0
BRDA:35,0,1,0
BRDA:35,1,0,0
BRDA:35,1,1,0
BRDA:36,2,0,0
BRDA:36,2,1,0
BRDA:37,3,0,0
BRDA:37,3,1,0
BRDA:42,4,0,0
BRDA:42,4,1,0
BRDA:42,4,2,0
BRDA:42,4,3,0
BRDA:44,5,0,0
BRDA:44,5,1,0
BRDA:49,6,0,0
BRDA:49,6,1,0
BRDA:54,7,0,0
BRDA:54,7,1,0
BRDA:55,8,0,0
BRDA:55,8,1,0
BRDA:56,9,0,0
BRDA:56,9,1,0
BRDA:57,10,0,0
BRDA:57,10,1,0
BRDA:58,11,0,0
BRDA:58,11,1,0
BRDA:59,12,0,0
BRDA:59,12,1,0
BRDA:62,13,0,0
BRDA:62,13,1,0
BRDA:72,14,0,0
BRDA:73,15,0,0
BRDA:73,15,1,0
BRDA:73,16,0,0
BRDA:73,16,1,0
BRDA:79,17,0,0
BRDA:79,17,1,0
BRDA:81,18,0,0
BRDA:81,18,1,0
BRDA:82,19,0,0
BRDA:82,19,1,0
BRDA:88,20,0,0
BRDA:88,20,1,0
BRDA:89,21,0,0
BRDA:89,21,1,0
BRF:45
BRH:0
end_of_record
