TN:
SF:src\mortgage-calculator.js
FN:44,showNotification
FN:57,(anonymous_1)
FN:84,(anonymous_2)
FN:100,(anonymous_3)
FN:101,(anonymous_4)
FN:102,(anonymous_5)
FN:110,hideNotification
FN:115,showErrorMessage
FN:119,showSuccessMessage
FN:123,showConfirmDialog
FN:136,(anonymous_10)
FN:145,(anonymous_11)
FN:153,initializeTheme
FN:159,applyTheme
FN:164,initializeEventListeners
FN:174,(anonymous_15)
FN:181,(anonymous_16)
FN:188,(anonymous_17)
FN:214,applyDownPaymentPreset
FN:249,attachDownPaymentPresetListeners
FN:253,(anonymous_20)
FN:254,(anonymous_21)
FN:359,(anonymous_22)
FN:369,(anonymous_23)
FN:373,(anonymous_24)
FN:377,(anonymous_25)
FN:387,(anonymous_26)
FN:397,(anonymous_27)
FN:414,(anonymous_28)
FN:421,(anonymous_29)
FN:428,(anonymous_30)
FN:435,(anonymous_31)
FN:442,(anonymous_32)
FN:453,(anonymous_33)
FN:456,(anonymous_34)
FN:482,(anonymous_35)
FN:494,saveDataToCache
FN:576,initializePaymentSummaryWithZeros
FN:592,(anonymous_38)
FN:618,(anonymous_39)
FN:630,initializeBlendedSummaryWithZeros
FN:677,loadCachedData
FN:700,(anonymous_42)
FN:710,(anonymous_43)
FN:727,(anonymous_44)
FN:776,saveCalculationToHistory
FN:833,getCalculationHistory
FN:843,updateHistoryDropdown
FN:854,(anonymous_48)
FN:862,loadCalculationFromHistory
FN:865,(anonymous_50)
FN:879,(anonymous_51)
FN:920,clearCalculationHistory
FN:932,formatNumberForDisplay
FN:939,switchTab
FN:965,(anonymous_55)
FN:971,(anonymous_56)
FN:1113,(anonymous_57)
FN:1120,(anonymous_58)
FN:1158,loadLogo
FN:1165,(anonymous_60)
FN:1172,(anonymous_61)
FN:1179,(anonymous_62)
FN:1191,calculateMortgage
FN:1327,(anonymous_64)
FN:1342,(anonymous_65)
FN:1345,(anonymous_66)
FN:1349,(anonymous_67)
FN:1370,(anonymous_68)
FN:1374,(anonymous_69)
FN:1542,(anonymous_70)
FN:1725,validatePurchaseInputs
FN:1738,(anonymous_72)
FN:1862,mapPurchaseErrorToField
FN:1866,clearPurchaseFieldErrors
FN:1870,(anonymous_75)
FN:1874,(anonymous_76)
FN:1877,applyPurchaseValidationErrors
FN:1878,(anonymous_78)
FN:1902,attachPurchaseValidationListenersOnce
FN:1912,(anonymous_80)
FN:1915,(anonymous_81)
FN:1936,(anonymous_82)
FN:1958,mapHelocMessageToField
FN:1960,(anonymous_84)
FN:1966,clearHelocFieldErrors
FN:1971,(anonymous_86)
FN:1974,(anonymous_87)
FN:1977,applyHelocValidationErrors
FN:1982,(anonymous_89)
FN:2017,(anonymous_90)
FN:2030,attachHelocValidationListenersOnce
FN:2040,(anonymous_92)
FN:2043,(anonymous_93)
FN:2062,(anonymous_94)
FN:2074,handleRealtimePmiAdvisories
FN:2105,updatePurchaseLtvPmiStatus
FN:2224,attachPurchaseLtvPmiListeners
FN:2232,(anonymous_98)
FN:2235,(anonymous_99)
FN:2236,(anonymous_100)
FN:2248,(anonymous_101)
FN:2254,calculateHELOC
FN:2303,(anonymous_103)
FN:2381,(anonymous_104)
FN:2447,(anonymous_105)
FN:2579,(anonymous_106)
FN:2745,calculateLoanComparison
FN:2767,(anonymous_108)
FN:2810,getLoanData
FN:2863,validateComparisonInputs
FN:2877,(anonymous_111)
FN:2880,(anonymous_112)
FN:2917,(anonymous_113)
FN:2944,calculateSingleLoan
FN:2952,buildLightweightSchedule
FN:3022,determineBestLoan
FN:3042,(anonymous_117)
FN:3056,(anonymous_118)
FN:3057,(anonymous_119)
FN:3079,calculateSavings
FN:3083,(anonymous_121)
FN:3114,computeBlendedAverage
FN:3118,(anonymous_123)
FN:3155,updateComparisonResults
FN:3156,(anonymous_125)
FN:3166,(anonymous_126)
FN:3168,(anonymous_127)
FN:3209,(anonymous_128)
FN:3228,(anonymous_129)
FN:3397,(anonymous_130)
FN:3483,(anonymous_131)
FN:3493,showComparisonResultsWithAnimation
FN:3501,clearComparisonForm
FN:3526,validateInputs
FN:3563,validateRefinanceInputs
FN:3617,updateResultsUI
FN:3634,(anonymous_137)
FN:3789,(anonymous_138)
FN:3857,(anonymous_139)
FN:3882,(anonymous_140)
FN:3891,(anonymous_141)
FN:4010,generateAmortizationSchedule
FN:4136,updateHelocResultsUI
FN:4145,(anonymous_144)
FN:4183,(anonymous_145)
FN:4256,(anonymous_146)
FN:4338,(anonymous_147)
FN:4357,updateAmortizationTable
FN:4440,createTestChart
FN:4479,renderCharts
FN:4485,ensureTabsSectionVisible
FN:4503,(anonymous_152)
FN:4513,renderAmortizationCharts
FN:4621,(anonymous_154)
FN:4630,(anonymous_155)
FN:4691,(anonymous_156)
FN:4700,(anonymous_157)
FN:4756,(anonymous_158)
FN:4765,(anonymous_159)
FN:4805,getDPInputs
FN:4813,parseNum
FN:4819,roundAmount
FN:4822,roundPercent
FN:4826,scheduleDP
FN:4834,applyDownPaymentValues
FN:4851,recalcPercentFromAmount
FN:4869,recalcAmountFromPercent
FN:4887,propertyValueChangedForDP
FN:4898,attachDownPaymentSyncListeners
FN:4902,(anonymous_170)
FN:4910,(anonymous_171)
FN:4918,(anonymous_172)
FN:4935,togglePmiMode
FN:4975,addOption2
FN:4986,(anonymous_175)
FN:4997,removeOption2
FN:5013,(anonymous_177)
FN:5024,clearLoanData
FN:5053,toggleComparisonPmiMode
FN:5127,exportToCSV
FN:5159,(anonymous_181)
FN:5190,(anonymous_182)
FN:5212,(anonymous_183)
FN:5234,(anonymous_184)
FN:5239,(anonymous_185)
FN:5246,addLogoHeaderSync
FN:5277,getLogoDataURL
FN:5278,(anonymous_188)
FN:5280,(anonymous_189)
FN:5292,(anonymous_190)
FN:5300,exportToPDF
FN:5334,(anonymous_192)
FN:5465,(anonymous_193)
FN:5472,(anonymous_194)
FN:5476,(anonymous_195)
FN:5480,(anonymous_196)
FN:5487,(anonymous_197)
FN:5495,(anonymous_198)
FN:5506,(anonymous_199)
FN:5513,exportFullReport
FN:6116,(anonymous_201)
FN:6116,(anonymous_202)
FN:6117,(anonymous_203)
FN:6399,(anonymous_204)
FN:6404,(anonymous_205)
FN:6408,(anonymous_206)
FN:6409,(anonymous_207)
FN:6416,(anonymous_208)
FN:6423,(anonymous_209)
FN:6439,(anonymous_210)
FN:6573,(anonymous_211)
FN:6640,(anonymous_212)
FN:6717,(anonymous_213)
FN:6730,(anonymous_214)
FN:6749,addTableHeader
FN:6913,(anonymous_216)
FN:6920,(anonymous_217)
FN:6923,(anonymous_218)
FN:6936,(anonymous_219)
FN:6943,exportComparisonReport
FN:7006,(anonymous_221)
FN:7016,(anonymous_222)
FN:7025,(anonymous_223)
FN:7040,(anonymous_224)
FN:7043,(anonymous_225)
FN:7047,(anonymous_226)
FN:7051,(anonymous_227)
FN:7055,(anonymous_228)
FN:7060,(anonymous_229)
FN:7064,(anonymous_230)
FN:7068,(anonymous_231)
FN:7072,(anonymous_232)
FN:7079,(anonymous_233)
FN:7081,(anonymous_234)
FN:7106,(anonymous_235)
FN:7127,(anonymous_236)
FN:7128,(anonymous_237)
FN:7178,(anonymous_238)
FN:7257,(anonymous_239)
FN:7294,(anonymous_240)
FN:7326,(anonymous_241)
FN:7332,(anonymous_242)
FN:7338,(anonymous_243)
FN:7354,(anonymous_244)
FN:7361,(anonymous_245)
FN:7395,(anonymous_246)
FN:7400,(anonymous_247)
FN:7404,(anonymous_248)
FN:7405,(anonymous_249)
FN:7412,(anonymous_250)
FN:7419,(anonymous_251)
FN:7435,calculateBlendedMortgage
FN:7559,calculateBlendedMortgageFallback
FN:7599,(anonymous_254)
FN:7643,(anonymous_255)
FN:7650,(anonymous_256)
FN:7685,displayBlendedResults
FN:7687,(anonymous_258)
FN:7728,(anonymous_259)
FN:7818,showBlendedResultsWithAnimation
FN:7828,handleSecondMortgageTypeChange
FN:7842,clearBlendedForm
FN:7858,(anonymous_263)
FN:7903,addBlendedComponent
FN:7953,removeBlendedComponent
FN:7960,handleComponentTypeChange
FN:7976,getAdditionalComponents
FN:7983,(anonymous_268)
FN:8007,exportBlendedReport
FN:8104,(anonymous_270)
FN:8144,(anonymous_271)
FN:8182,(anonymous_272)
FN:8185,(anonymous_273)
FN:8188,(anonymous_274)
FN:8200,(anonymous_275)
FN:8215,(anonymous_276)
FN:8240,(anonymous_277)
FN:8270,(anonymous_278)
FNF:279
FNH:4
FNDA:1,showNotification
FNDA:1,(anonymous_1)
FNDA:6,(anonymous_2)
FNDA:0,(anonymous_3)
FNDA:0,(anonymous_4)
FNDA:0,(anonymous_5)
FNDA:1,hideNotification
FNDA:0,showErrorMessage
FNDA:0,showSuccessMessage
FNDA:0,showConfirmDialog
FNDA:0,(anonymous_10)
FNDA:0,(anonymous_11)
FNDA:0,initializeTheme
FNDA:0,applyTheme
FNDA:0,initializeEventListeners
FNDA:0,(anonymous_15)
FNDA:0,(anonymous_16)
FNDA:0,(anonymous_17)
FNDA:0,applyDownPaymentPreset
FNDA:0,attachDownPaymentPresetListeners
FNDA:0,(anonymous_20)
FNDA:0,(anonymous_21)
FNDA:0,(anonymous_22)
FNDA:0,(anonymous_23)
FNDA:0,(anonymous_24)
FNDA:0,(anonymous_25)
FNDA:0,(anonymous_26)
FNDA:0,(anonymous_27)
FNDA:0,(anonymous_28)
FNDA:0,(anonymous_29)
FNDA:0,(anonymous_30)
FNDA:0,(anonymous_31)
FNDA:0,(anonymous_32)
FNDA:0,(anonymous_33)
FNDA:0,(anonymous_34)
FNDA:0,(anonymous_35)
FNDA:0,saveDataToCache
FNDA:0,initializePaymentSummaryWithZeros
FNDA:0,(anonymous_38)
FNDA:0,(anonymous_39)
FNDA:0,initializeBlendedSummaryWithZeros
FNDA:0,loadCachedData
FNDA:0,(anonymous_42)
FNDA:0,(anonymous_43)
FNDA:0,(anonymous_44)
FNDA:0,saveCalculationToHistory
FNDA:0,getCalculationHistory
FNDA:0,updateHistoryDropdown
FNDA:0,(anonymous_48)
FNDA:0,loadCalculationFromHistory
FNDA:0,(anonymous_50)
FNDA:0,(anonymous_51)
FNDA:0,clearCalculationHistory
FNDA:0,formatNumberForDisplay
FNDA:0,switchTab
FNDA:0,(anonymous_55)
FNDA:0,(anonymous_56)
FNDA:0,(anonymous_57)
FNDA:0,(anonymous_58)
FNDA:0,loadLogo
FNDA:0,(anonymous_60)
FNDA:0,(anonymous_61)
FNDA:0,(anonymous_62)
FNDA:0,calculateMortgage
FNDA:0,(anonymous_64)
FNDA:0,(anonymous_65)
FNDA:0,(anonymous_66)
FNDA:0,(anonymous_67)
FNDA:0,(anonymous_68)
FNDA:0,(anonymous_69)
FNDA:0,(anonymous_70)
FNDA:0,validatePurchaseInputs
FNDA:0,(anonymous_72)
FNDA:0,mapPurchaseErrorToField
FNDA:0,clearPurchaseFieldErrors
FNDA:0,(anonymous_75)
FNDA:0,(anonymous_76)
FNDA:0,applyPurchaseValidationErrors
FNDA:0,(anonymous_78)
FNDA:0,attachPurchaseValidationListenersOnce
FNDA:0,(anonymous_80)
FNDA:0,(anonymous_81)
FNDA:0,(anonymous_82)
FNDA:0,mapHelocMessageToField
FNDA:0,(anonymous_84)
FNDA:0,clearHelocFieldErrors
FNDA:0,(anonymous_86)
FNDA:0,(anonymous_87)
FNDA:0,applyHelocValidationErrors
FNDA:0,(anonymous_89)
FNDA:0,(anonymous_90)
FNDA:0,attachHelocValidationListenersOnce
FNDA:0,(anonymous_92)
FNDA:0,(anonymous_93)
FNDA:0,(anonymous_94)
FNDA:0,handleRealtimePmiAdvisories
FNDA:0,updatePurchaseLtvPmiStatus
FNDA:0,attachPurchaseLtvPmiListeners
FNDA:0,(anonymous_98)
FNDA:0,(anonymous_99)
FNDA:0,(anonymous_100)
FNDA:0,(anonymous_101)
FNDA:0,calculateHELOC
FNDA:0,(anonymous_103)
FNDA:0,(anonymous_104)
FNDA:0,(anonymous_105)
FNDA:0,(anonymous_106)
FNDA:0,calculateLoanComparison
FNDA:0,(anonymous_108)
FNDA:0,getLoanData
FNDA:0,validateComparisonInputs
FNDA:0,(anonymous_111)
FNDA:0,(anonymous_112)
FNDA:0,(anonymous_113)
FNDA:0,calculateSingleLoan
FNDA:0,buildLightweightSchedule
FNDA:0,determineBestLoan
FNDA:0,(anonymous_117)
FNDA:0,(anonymous_118)
FNDA:0,(anonymous_119)
FNDA:0,calculateSavings
FNDA:0,(anonymous_121)
FNDA:0,computeBlendedAverage
FNDA:0,(anonymous_123)
FNDA:0,updateComparisonResults
FNDA:0,(anonymous_125)
FNDA:0,(anonymous_126)
FNDA:0,(anonymous_127)
FNDA:0,(anonymous_128)
FNDA:0,(anonymous_129)
FNDA:0,(anonymous_130)
FNDA:0,(anonymous_131)
FNDA:0,showComparisonResultsWithAnimation
FNDA:0,clearComparisonForm
FNDA:0,validateInputs
FNDA:0,validateRefinanceInputs
FNDA:0,updateResultsUI
FNDA:0,(anonymous_137)
FNDA:0,(anonymous_138)
FNDA:0,(anonymous_139)
FNDA:0,(anonymous_140)
FNDA:0,(anonymous_141)
FNDA:0,generateAmortizationSchedule
FNDA:0,updateHelocResultsUI
FNDA:0,(anonymous_144)
FNDA:0,(anonymous_145)
FNDA:0,(anonymous_146)
FNDA:0,(anonymous_147)
FNDA:0,updateAmortizationTable
FNDA:0,createTestChart
FNDA:0,renderCharts
FNDA:0,ensureTabsSectionVisible
FNDA:0,(anonymous_152)
FNDA:0,renderAmortizationCharts
FNDA:0,(anonymous_154)
FNDA:0,(anonymous_155)
FNDA:0,(anonymous_156)
FNDA:0,(anonymous_157)
FNDA:0,(anonymous_158)
FNDA:0,(anonymous_159)
FNDA:0,getDPInputs
FNDA:0,parseNum
FNDA:0,roundAmount
FNDA:0,roundPercent
FNDA:0,scheduleDP
FNDA:0,applyDownPaymentValues
FNDA:0,recalcPercentFromAmount
FNDA:0,recalcAmountFromPercent
FNDA:0,propertyValueChangedForDP
FNDA:0,attachDownPaymentSyncListeners
FNDA:0,(anonymous_170)
FNDA:0,(anonymous_171)
FNDA:0,(anonymous_172)
FNDA:0,togglePmiMode
FNDA:0,addOption2
FNDA:0,(anonymous_175)
FNDA:0,removeOption2
FNDA:0,(anonymous_177)
FNDA:0,clearLoanData
FNDA:0,toggleComparisonPmiMode
FNDA:0,exportToCSV
FNDA:0,(anonymous_181)
FNDA:0,(anonymous_182)
FNDA:0,(anonymous_183)
FNDA:0,(anonymous_184)
FNDA:0,(anonymous_185)
FNDA:0,addLogoHeaderSync
FNDA:0,getLogoDataURL
FNDA:0,(anonymous_188)
FNDA:0,(anonymous_189)
FNDA:0,(anonymous_190)
FNDA:0,exportToPDF
FNDA:0,(anonymous_192)
FNDA:0,(anonymous_193)
FNDA:0,(anonymous_194)
FNDA:0,(anonymous_195)
FNDA:0,(anonymous_196)
FNDA:0,(anonymous_197)
FNDA:0,(anonymous_198)
FNDA:0,(anonymous_199)
FNDA:0,exportFullReport
FNDA:0,(anonymous_201)
FNDA:0,(anonymous_202)
FNDA:0,(anonymous_203)
FNDA:0,(anonymous_204)
FNDA:0,(anonymous_205)
FNDA:0,(anonymous_206)
FNDA:0,(anonymous_207)
FNDA:0,(anonymous_208)
FNDA:0,(anonymous_209)
FNDA:0,(anonymous_210)
FNDA:0,(anonymous_211)
FNDA:0,(anonymous_212)
FNDA:0,(anonymous_213)
FNDA:0,(anonymous_214)
FNDA:0,addTableHeader
FNDA:0,(anonymous_216)
FNDA:0,(anonymous_217)
FNDA:0,(anonymous_218)
FNDA:0,(anonymous_219)
FNDA:0,exportComparisonReport
FNDA:0,(anonymous_221)
FNDA:0,(anonymous_222)
FNDA:0,(anonymous_223)
FNDA:0,(anonymous_224)
FNDA:0,(anonymous_225)
FNDA:0,(anonymous_226)
FNDA:0,(anonymous_227)
FNDA:0,(anonymous_228)
FNDA:0,(anonymous_229)
FNDA:0,(anonymous_230)
FNDA:0,(anonymous_231)
FNDA:0,(anonymous_232)
FNDA:0,(anonymous_233)
FNDA:0,(anonymous_234)
FNDA:0,(anonymous_235)
FNDA:0,(anonymous_236)
FNDA:0,(anonymous_237)
FNDA:0,(anonymous_238)
FNDA:0,(anonymous_239)
FNDA:0,(anonymous_240)
FNDA:0,(anonymous_241)
FNDA:0,(anonymous_242)
FNDA:0,(anonymous_243)
FNDA:0,(anonymous_244)
FNDA:0,(anonymous_245)
FNDA:0,(anonymous_246)
FNDA:0,(anonymous_247)
FNDA:0,(anonymous_248)
FNDA:0,(anonymous_249)
FNDA:0,(anonymous_250)
FNDA:0,(anonymous_251)
FNDA:0,calculateBlendedMortgage
FNDA:0,calculateBlendedMortgageFallback
FNDA:0,(anonymous_254)
FNDA:0,(anonymous_255)
FNDA:0,(anonymous_256)
FNDA:0,displayBlendedResults
FNDA:0,(anonymous_258)
FNDA:0,(anonymous_259)
FNDA:0,showBlendedResultsWithAnimation
FNDA:0,handleSecondMortgageTypeChange
FNDA:0,clearBlendedForm
FNDA:0,(anonymous_263)
FNDA:0,addBlendedComponent
FNDA:0,removeBlendedComponent
FNDA:0,handleComponentTypeChange
FNDA:0,getAdditionalComponents
FNDA:0,(anonymous_268)
FNDA:0,exportBlendedReport
FNDA:0,(anonymous_270)
FNDA:0,(anonymous_271)
FNDA:0,(anonymous_272)
FNDA:0,(anonymous_273)
FNDA:0,(anonymous_274)
FNDA:0,(anonymous_275)
FNDA:0,(anonymous_276)
FNDA:0,(anonymous_277)
FNDA:0,(anonymous_278)
DA:2,6
DA:5,6
DA:11,6
DA:17,6
DA:23,6
DA:32,6
DA:33,6
DA:36,6
DA:37,6
DA:40,6
DA:41,6
DA:45,1
DA:46,1
DA:47,1
DA:50,1
DA:51,1
DA:54,1
DA:57,1
DA:58,1
DA:63,1
DA:64,0
DA:65,1
DA:66,1
DA:73,6
DA:74,6
DA:75,6
DA:81,6
DA:82,6
DA:84,6
DA:85,6
DA:86,6
DA:87,0
DA:88,6
DA:89,0
DA:90,6
DA:91,0
DA:93,6
DA:94,0
DA:95,6
DA:96,0
DA:100,6
DA:101,6
DA:102,6
DA:111,1
DA:112,1
DA:116,0
DA:120,0
DA:125,0
DA:128,0
DA:137,0
DA:139,0
DA:140,0
DA:142,0
DA:146,0
DA:148,0
DA:155,0
DA:156,0
DA:160,0
DA:161,0
DA:166,0
DA:167,0
DA:168,0
DA:172,0
DA:173,0
DA:174,0
DA:177,0
DA:180,0
DA:181,0
DA:182,0
DA:186,0
DA:187,0
DA:188,0
DA:192,0
DA:193,0
DA:194,0
DA:197,0
DA:198,0
DA:199,0
DA:202,0
DA:203,0
DA:204,0
DA:215,0
DA:216,0
DA:217,0
DA:218,0
DA:219,0
DA:220,0
DA:221,0
DA:222,0
DA:223,0
DA:228,0
DA:229,0
DA:231,0
DA:233,0
DA:234,0
DA:235,0
DA:237,0
DA:239,0
DA:240,0
DA:241,0
DA:250,0
DA:251,0
DA:252,0
DA:253,0
DA:254,0
DA:255,0
DA:256,0
DA:259,0
DA:263,0
DA:265,0
DA:266,0
DA:268,0
DA:269,0
DA:270,0
DA:271,0
DA:273,0
DA:281,0
DA:284,0
DA:285,0
DA:288,0
DA:289,0
DA:290,0
DA:294,0
DA:295,0
DA:296,0
DA:299,0
DA:302,0
DA:303,0
DA:306,0
DA:307,0
DA:308,0
DA:312,0
DA:313,0
DA:314,0
DA:317,0
DA:320,0
DA:321,0
DA:324,0
DA:325,0
DA:326,0
DA:329,0
DA:330,0
DA:331,0
DA:335,0
DA:336,0
DA:337,0
DA:346,0
DA:347,0
DA:348,0
DA:351,0
DA:352,0
DA:353,0
DA:357,0
DA:358,0
DA:359,0
DA:360,0
DA:367,0
DA:368,0
DA:369,0
DA:371,0
DA:372,0
DA:373,0
DA:375,0
DA:376,0
DA:377,0
DA:378,0
DA:379,0
DA:382,0
DA:385,0
DA:386,0
DA:387,0
DA:388,0
DA:389,0
DA:392,0
DA:395,0
DA:396,0
DA:397,0
DA:398,0
DA:399,0
DA:402,0
DA:406,0
DA:407,0
DA:408,0
DA:412,0
DA:413,0
DA:414,0
DA:415,0
DA:419,0
DA:420,0
DA:421,0
DA:422,0
DA:426,0
DA:427,0
DA:428,0
DA:429,0
DA:434,0
DA:435,0
DA:436,0
DA:440,0
DA:441,0
DA:442,0
DA:443,0
DA:444,0
DA:446,0
DA:451,0
DA:452,0
DA:453,0
DA:454,0
DA:457,0
DA:458,0
DA:465,0
DA:469,0
DA:470,0
DA:471,0
DA:476,0
DA:477,0
DA:480,0
DA:483,0
DA:484,0
DA:495,0
DA:496,0
DA:500,0
DA:504,0
DA:510,0
DA:523,0
DA:539,0
DA:553,0
DA:557,0
DA:561,0
DA:566,0
DA:567,0
DA:570,0
DA:578,0
DA:592,0
DA:593,0
DA:594,0
DA:595,0
DA:600,0
DA:603,0
DA:604,0
DA:608,0
DA:618,0
DA:619,0
DA:620,0
DA:621,0
DA:626,0
DA:627,0
DA:632,0
DA:633,0
DA:634,0
DA:678,0
DA:680,0
DA:683,0
DA:686,0
DA:689,0
DA:690,0
DA:692,0
DA:694,0
DA:698,0
DA:699,0
DA:700,0
DA:701,0
DA:702,0
DA:703,0
DA:708,0
DA:709,0
DA:710,0
DA:711,0
DA:712,0
DA:713,0
DA:715,0
DA:717,0
DA:718,0
DA:719,0
DA:725,0
DA:726,0
DA:727,0
DA:728,0
DA:729,0
DA:730,0
DA:737,0
DA:738,0
DA:739,0
DA:742,0
DA:743,0
DA:744,0
DA:745,0
DA:746,0
DA:747,0
DA:750,0
DA:751,0
DA:752,0
DA:755,0
DA:756,0
DA:757,0
DA:761,0
DA:764,0
DA:765,0
DA:766,0
DA:769,0
DA:771,0
DA:777,0
DA:778,0
DA:779,0
DA:782,0
DA:783,0
DA:784,0
DA:787,0
DA:788,0
DA:791,0
DA:792,0
DA:799,0
DA:816,0
DA:819,0
DA:820,0
DA:824,0
DA:827,0
DA:829,0
DA:834,0
DA:835,0
DA:836,0
DA:838,0
DA:839,0
DA:844,0
DA:845,0
DA:847,0
DA:850,0
DA:854,0
DA:855,0
DA:856,0
DA:857,0
DA:858,0
DA:863,0
DA:864,0
DA:865,0
DA:867,0
DA:868,0
DA:869,0
DA:873,0
DA:874,0
DA:875,0
DA:879,0
DA:880,0
DA:881,0
DA:882,0
DA:883,0
DA:885,0
DA:891,0
DA:892,0
DA:893,0
DA:894,0
DA:895,0
DA:896,0
DA:897,0
DA:898,0
DA:899,0
DA:900,0
DA:901,0
DA:902,0
DA:906,0
DA:907,0
DA:910,0
DA:911,0
DA:913,0
DA:916,0
DA:921,0
DA:922,0
DA:923,0
DA:926,0
DA:928,0
DA:933,0
DA:934,0
DA:935,0
DA:940,0
DA:942,0
DA:943,0
DA:946,0
DA:949,0
DA:950,0
DA:952,0
DA:960,0
DA:962,0
DA:965,0
DA:966,0
DA:967,0
DA:971,0
DA:972,0
DA:976,0
DA:977,0
DA:978,0
DA:980,0
DA:985,0
DA:993,0
DA:995,0
DA:996,0
DA:998,0
DA:1001,0
DA:1005,0
DA:1009,0
DA:1011,0
DA:1012,0
DA:1013,0
DA:1016,0
DA:1019,0
DA:1022,0
DA:1023,0
DA:1026,0
DA:1031,0
DA:1032,0
DA:1033,0
DA:1034,0
DA:1035,0
DA:1036,0
DA:1040,0
DA:1041,0
DA:1042,0
DA:1045,0
DA:1046,0
DA:1047,0
DA:1051,0
DA:1054,0
DA:1056,0
DA:1066,0
DA:1067,0
DA:1078,0
DA:1080,0
DA:1081,0
DA:1082,0
DA:1085,0
DA:1086,0
DA:1089,0
DA:1090,0
DA:1095,0
DA:1100,0
DA:1101,0
DA:1104,0
DA:1111,0
DA:1113,0
DA:1114,0
DA:1116,0
DA:1117,0
DA:1120,0
DA:1121,0
DA:1124,0
DA:1125,0
DA:1128,0
DA:1129,0
DA:1135,0
DA:1136,0
DA:1140,0
DA:1141,0
DA:1142,0
DA:1143,0
DA:1144,0
DA:1145,0
DA:1146,0
DA:1148,0
DA:1149,0
DA:1159,0
DA:1162,0
DA:1165,0
DA:1166,0
DA:1169,0
DA:1170,0
DA:1172,0
DA:1173,0
DA:1174,0
DA:1175,0
DA:1176,0
DA:1180,0
DA:1181,0
DA:1186,0
DA:1192,0
DA:1193,0
DA:1197,0
DA:1211,0
DA:1214,0
DA:1217,0
DA:1218,0
DA:1219,0
DA:1220,0
DA:1221,0
DA:1222,0
DA:1223,0
DA:1225,0
DA:1227,0
DA:1229,0
DA:1231,0
DA:1233,0
DA:1235,0
DA:1237,0
DA:1239,0
DA:1241,0
DA:1243,0
DA:1244,0
DA:1246,0
DA:1248,0
DA:1249,0
DA:1250,0
DA:1254,0
DA:1256,0
DA:1259,0
DA:1262,0
DA:1263,0
DA:1264,0
DA:1265,0
DA:1266,0
DA:1269,0
DA:1272,0
DA:1273,0
DA:1275,0
DA:1276,0
DA:1278,0
DA:1280,0
DA:1283,0
DA:1286,0
DA:1289,0
DA:1290,0
DA:1293,0
DA:1294,0
DA:1295,0
DA:1297,0
DA:1298,0
DA:1300,0
DA:1301,0
DA:1302,0
DA:1304,0
DA:1305,0
DA:1306,0
DA:1311,0
DA:1313,0
DA:1321,0
DA:1322,0
DA:1323,0
DA:1324,0
DA:1326,0
DA:1327,0
DA:1328,0
DA:1330,0
DA:1333,0
DA:1336,0
DA:1337,0
DA:1338,0
DA:1340,0
DA:1341,0
DA:1342,0
DA:1344,0
DA:1345,0
DA:1347,0
DA:1348,0
DA:1349,0
DA:1353,0
DA:1354,0
DA:1358,0
DA:1362,0
DA:1368,0
DA:1371,0
DA:1372,0
DA:1378,0
DA:1382,0
DA:1383,0
DA:1384,0
DA:1385,0
DA:1386,0
DA:1387,0
DA:1389,0
DA:1390,0
DA:1395,0
DA:1396,0
DA:1400,0
DA:1404,0
DA:1409,0
DA:1417,0
DA:1420,0
DA:1431,0
DA:1437,0
DA:1438,0
DA:1440,0
DA:1441,0
DA:1442,0
DA:1444,0
DA:1448,0
DA:1450,0
DA:1455,0
DA:1456,0
DA:1457,0
DA:1459,0
DA:1460,0
DA:1461,0
DA:1463,0
DA:1470,0
DA:1484,0
DA:1485,0
DA:1489,0
DA:1494,0
DA:1495,0
DA:1499,0
DA:1505,0
DA:1509,0
DA:1511,0
DA:1515,0
DA:1516,0
DA:1520,0
DA:1521,0
DA:1522,0
DA:1523,0
DA:1524,0
DA:1526,0
DA:1530,0
DA:1539,0
DA:1540,0
DA:1541,0
DA:1542,0
DA:1543,0
DA:1544,0
DA:1545,0
DA:1547,0
DA:1548,0
DA:1549,0
DA:1551,0
DA:1552,0
DA:1558,0
DA:1560,0
DA:1563,0
DA:1564,0
DA:1565,0
DA:1566,0
DA:1567,0
DA:1568,0
DA:1569,0
DA:1570,0
DA:1574,0
DA:1575,0
DA:1580,0
DA:1584,0
DA:1588,0
DA:1590,0
DA:1591,0
DA:1593,0
DA:1594,0
DA:1596,0
DA:1597,0
DA:1598,0
DA:1599,0
DA:1608,0
DA:1621,0
DA:1623,0
DA:1624,0
DA:1625,0
DA:1627,0
DA:1628,0
DA:1633,0
DA:1634,0
DA:1635,0
DA:1636,0
DA:1652,0
DA:1653,0
DA:1665,0
DA:1668,0
DA:1671,0
DA:1689,0
DA:1692,0
DA:1695,0
DA:1698,0
DA:1701,0
DA:1702,0
DA:1703,0
DA:1704,0
DA:1705,0
DA:1706,0
DA:1707,0
DA:1708,0
DA:1709,0
DA:1710,0
DA:1711,0
DA:1712,0
DA:1713,0
DA:1716,0
DA:1726,0
DA:1727,0
DA:1735,0
DA:1738,0
DA:1739,0
DA:1740,0
DA:1741,0
DA:1742,0
DA:1743,0
DA:1744,0
DA:1747,0
DA:1748,0
DA:1753,0
DA:1754,0
DA:1756,0
DA:1757,0
DA:1762,0
DA:1763,0
DA:1768,0
DA:1769,0
DA:1776,0
DA:1777,0
DA:1784,0
DA:1785,0
DA:1787,0
DA:1790,0
DA:1793,0
DA:1794,0
DA:1796,0
DA:1801,0
DA:1803,0
DA:1804,0
DA:1810,0
DA:1811,0
DA:1815,0
DA:1817,0
DA:1818,0
DA:1819,0
DA:1820,0
DA:1821,0
DA:1822,0
DA:1825,0
DA:1826,0
DA:1827,0
DA:1836,0
DA:1853,0
DA:1863,0
DA:1867,0
DA:1868,0
DA:1869,0
DA:1870,0
DA:1871,0
DA:1874,0
DA:1878,0
DA:1879,0
DA:1880,0
DA:1881,0
DA:1882,0
DA:1883,0
DA:1885,0
DA:1888,0
DA:1889,0
DA:1890,0
DA:1892,0
DA:1893,0
DA:1894,0
DA:1895,0
DA:1896,0
DA:1897,0
DA:1903,0
DA:1904,0
DA:1912,0
DA:1913,0
DA:1914,0
DA:1915,0
DA:1916,0
DA:1919,0
DA:1920,0
DA:1923,0
DA:1926,0
DA:1930,0
DA:1934,0
DA:1936,0
DA:1937,0
DA:1945,0
DA:1959,0
DA:1960,0
DA:1961,0
DA:1963,0
DA:1967,0
DA:1968,0
DA:1969,0
DA:1971,0
DA:1972,0
DA:1974,0
DA:1978,0
DA:1980,0
DA:1981,0
DA:1982,0
DA:1983,0
DA:1984,0
DA:1985,0
DA:1986,0
DA:1988,0
DA:1989,0
DA:1990,0
DA:1991,0
DA:1993,0
DA:1994,0
DA:1997,0
DA:1998,0
DA:1999,0
DA:2001,0
DA:2002,0
DA:2003,0
DA:2004,0
DA:2005,0
DA:2006,0
DA:2007,0
DA:2010,0
DA:2012,0
DA:2013,0
DA:2014,0
DA:2017,0
DA:2019,0
DA:2020,0
DA:2023,0
DA:2024,0
DA:2025,0
DA:2031,0
DA:2032,0
DA:2040,0
DA:2041,0
DA:2042,0
DA:2043,0
DA:2044,0
DA:2046,0
DA:2047,0
DA:2050,0
DA:2053,0
DA:2056,0
DA:2060,0
DA:2062,0
DA:2063,0
DA:2067,0
DA:2068,0
DA:2069,0
DA:2071,0
DA:2072,0
DA:2073,0
DA:2076,0
DA:2077,0
DA:2078,0
DA:2079,0
DA:2081,0
DA:2082,0
DA:2083,0
DA:2084,0
DA:2085,0
DA:2089,0
DA:2090,0
DA:2091,0
DA:2095,0
DA:2097,0
DA:2099,0
DA:2100,0
DA:2102,0
DA:2106,0
DA:2107,0
DA:2108,0
DA:2109,0
DA:2110,0
DA:2111,0
DA:2112,0
DA:2113,0
DA:2115,0
DA:2116,0
DA:2117,0
DA:2118,0
DA:2119,0
DA:2121,0
DA:2122,0
DA:2123,0
DA:2124,0
DA:2125,0
DA:2126,0
DA:2127,0
DA:2130,0
DA:2131,0
DA:2132,0
DA:2134,0
DA:2136,0
DA:2148,0
DA:2149,0
DA:2150,0
DA:2151,0
DA:2152,0
DA:2153,0
DA:2154,0
DA:2155,0
DA:2156,0
DA:2157,0
DA:2158,0
DA:2159,0
DA:2161,0
DA:2162,0
DA:2165,0
DA:2166,0
DA:2167,0
DA:2169,0
DA:2170,0
DA:2171,0
DA:2172,0
DA:2173,0
DA:2174,0
DA:2175,0
DA:2176,0
DA:2177,0
DA:2178,0
DA:2179,0
DA:2180,0
DA:2181,0
DA:2182,0
DA:2183,0
DA:2184,0
DA:2186,0
DA:2188,0
DA:2190,0
DA:2192,0
DA:2195,0
DA:2196,0
DA:2197,0
DA:2198,0
DA:2199,0
DA:2200,0
DA:2201,0
DA:2202,0
DA:2204,0
DA:2207,0
DA:2208,0
DA:2211,0
DA:2212,0
DA:2216,0
DA:2220,0
DA:2221,0
DA:2225,0
DA:2226,0
DA:2233,0
DA:2234,0
DA:2235,0
DA:2236,0
DA:2238,0
DA:2239,0
DA:2242,0
DA:2246,0
DA:2248,0
DA:2249,0
DA:2256,0
DA:2259,0
DA:2262,0
DA:2265,0
DA:2268,0
DA:2271,0
DA:2276,0
DA:2287,0
DA:2288,0
DA:2292,0
DA:2295,0
DA:2296,0
DA:2297,0
DA:2298,0
DA:2299,0
DA:2300,0
DA:2301,0
DA:2303,0
DA:2306,0
DA:2307,0
DA:2309,0
DA:2310,0
DA:2312,0
DA:2313,0
DA:2314,0
DA:2315,0
DA:2316,0
DA:2320,0
DA:2321,0
DA:2322,0
DA:2324,0
DA:2325,0
DA:2327,0
DA:2333,0
DA:2335,0
DA:2336,0
DA:2338,0
DA:2339,0
DA:2341,0
DA:2342,0
DA:2346,0
DA:2347,0
DA:2349,0
DA:2350,0
DA:2352,0
DA:2353,0
DA:2355,0
DA:2356,0
DA:2361,0
DA:2363,0
DA:2364,0
DA:2365,0
DA:2370,0
DA:2371,0
DA:2372,0
DA:2375,0
DA:2376,0
DA:2377,0
DA:2378,0
DA:2381,0
DA:2383,0
DA:2384,0
DA:2386,0
DA:2387,0
DA:2390,0
DA:2391,0
DA:2392,0
DA:2393,0
DA:2394,0
DA:2399,0
DA:2400,0
DA:2401,0
DA:2402,0
DA:2403,0
DA:2404,0
DA:2410,0
DA:2411,0
DA:2412,0
DA:2413,0
DA:2414,0
DA:2415,0
DA:2416,0
DA:2419,0
DA:2420,0
DA:2421,0
DA:2422,0
DA:2423,0
DA:2424,0
DA:2425,0
DA:2426,0
DA:2429,0
DA:2431,0
DA:2432,0
DA:2433,0
DA:2438,0
DA:2439,0
DA:2440,0
DA:2441,0
DA:2442,0
DA:2443,0
DA:2444,0
DA:2447,0
DA:2449,0
DA:2450,0
DA:2452,0
DA:2453,0
DA:2456,0
DA:2457,0
DA:2458,0
DA:2459,0
DA:2460,0
DA:2466,0
DA:2467,0
DA:2481,0
DA:2492,0
DA:2498,0
DA:2501,0
DA:2504,0
DA:2505,0
DA:2507,0
DA:2508,0
DA:2509,0
DA:2510,0
DA:2514,0
DA:2517,0
DA:2522,0
DA:2523,0
DA:2524,0
DA:2525,0
DA:2526,0
DA:2531,0
DA:2532,0
DA:2533,0
DA:2543,0
DA:2544,0
DA:2545,0
DA:2550,0
DA:2551,0
DA:2552,0
DA:2553,0
DA:2554,0
DA:2563,0
DA:2564,0
DA:2565,0
DA:2567,0
DA:2569,0
DA:2570,0
DA:2571,0
DA:2578,0
DA:2579,0
DA:2584,0
DA:2585,0
DA:2586,0
DA:2587,0
DA:2588,0
DA:2589,0
DA:2590,0
DA:2591,0
DA:2597,0
DA:2599,0
DA:2606,0
DA:2607,0
DA:2608,0
DA:2609,0
DA:2610,0
DA:2611,0
DA:2612,0
DA:2613,0
DA:2616,0
DA:2617,0
DA:2622,0
DA:2623,0
DA:2624,0
DA:2628,0
DA:2629,0
DA:2630,0
DA:2633,0
DA:2638,0
DA:2639,0
DA:2640,0
DA:2641,0
DA:2645,0
DA:2646,0
DA:2661,0
DA:2662,0
DA:2667,0
DA:2670,0
DA:2700,0
DA:2703,0
DA:2718,0
DA:2719,0
DA:2722,0
DA:2725,0
DA:2726,0
DA:2729,0
DA:2732,0
DA:2741,0
DA:2747,0
DA:2748,0
DA:2749,0
DA:2754,0
DA:2757,0
DA:2758,0
DA:2761,0
DA:2763,0
DA:2764,0
DA:2767,0
DA:2769,0
DA:2770,0
DA:2771,0
DA:2774,0
DA:2778,0
DA:2785,0
DA:2786,0
DA:2787,0
DA:2788,0
DA:2791,0
DA:2792,0
DA:2795,0
DA:2796,0
DA:2799,0
DA:2802,0
DA:2805,0
DA:2807,0
DA:2811,0
DA:2813,0
DA:2815,0
DA:2817,0
DA:2818,0
DA:2819,0
DA:2822,0
DA:2824,0
DA:2825,0
DA:2828,0
DA:2830,0
DA:2832,0
DA:2834,0
DA:2835,0
DA:2836,0
DA:2837,0
DA:2842,0
DA:2844,0
DA:2864,0
DA:2865,0
DA:2875,0
DA:2877,0
DA:2878,0
DA:2879,0
DA:2880,0
DA:2881,0
DA:2882,0
DA:2884,0
DA:2885,0
DA:2886,0
DA:2888,0
DA:2889,0
DA:2890,0
DA:2892,0
DA:2895,0
DA:2896,0
DA:2897,0
DA:2898,0
DA:2900,0
DA:2901,0
DA:2902,0
DA:2904,0
DA:2905,0
DA:2906,0
DA:2909,0
DA:2910,0
DA:2917,0
DA:2918,0
DA:2919,0
DA:2920,0
DA:2923,0
DA:2924,0
DA:2925,0
DA:2926,0
DA:2927,0
DA:2932,0
DA:2937,0
DA:2942,0
DA:2946,0
DA:2953,0
DA:2954,0
DA:2955,0
DA:2956,0
DA:2957,0
DA:2958,0
DA:2959,0
DA:2960,0
DA:2961,0
DA:2962,0
DA:2963,0
DA:2964,0
DA:2966,0
DA:2969,0
DA:2970,0
DA:2971,0
DA:2972,0
DA:2973,0
DA:2974,0
DA:2975,0
DA:2976,0
DA:2977,0
DA:2979,0
DA:2980,0
DA:2983,0
DA:2984,0
DA:2985,0
DA:2987,0
DA:2988,0
DA:2989,0
DA:2990,0
DA:2991,0
DA:2992,0
DA:3003,0
DA:3006,0
DA:3007,0
DA:3008,0
DA:3019,0
DA:3023,0
DA:3024,0
DA:3026,0
DA:3027,0
DA:3030,0
DA:3035,0
DA:3037,0
DA:3038,0
DA:3042,0
DA:3043,0
DA:3045,0
DA:3046,0
DA:3047,0
DA:3048,0
DA:3051,0
DA:3054,0
DA:3056,0
DA:3057,0
DA:3059,0
DA:3060,0
DA:3062,0
DA:3063,0
DA:3064,0
DA:3065,0
DA:3069,0
DA:3080,0
DA:3082,0
DA:3083,0
DA:3087,0
DA:3088,0
DA:3089,0
DA:3090,0
DA:3091,0
DA:3096,0
DA:3098,0
DA:3099,0
DA:3116,0
DA:3117,0
DA:3118,0
DA:3120,0
DA:3121,0
DA:3123,0
DA:3124,0
DA:3125,0
DA:3126,0
DA:3128,0
DA:3131,0
DA:3132,0
DA:3133,0
DA:3135,0
DA:3137,0
DA:3140,0
DA:3141,0
DA:3143,0
DA:3156,0
DA:3157,0
DA:3166,0
DA:3167,0
DA:3168,0
DA:3169,0
DA:3170,0
DA:3171,0
DA:3172,0
DA:3173,0
DA:3174,0
DA:3175,0
DA:3177,0
DA:3178,0
DA:3183,0
DA:3184,0
DA:3189,0
DA:3190,0
DA:3195,0
DA:3200,0
DA:3205,0
DA:3209,0
DA:3210,0
DA:3211,0
DA:3212,0
DA:3213,0
DA:3214,0
DA:3215,0
DA:3216,0
DA:3217,0
DA:3218,0
DA:3221,0
DA:3222,0
DA:3228,0
DA:3229,0
DA:3230,0
DA:3231,0
DA:3232,0
DA:3233,0
DA:3235,0
DA:3236,0
DA:3237,0
DA:3238,0
DA:3239,0
DA:3240,0
DA:3243,0
DA:3247,0
DA:3248,0
DA:3249,0
DA:3253,0
DA:3255,0
DA:3256,0
DA:3262,0
DA:3267,0
DA:3268,0
DA:3272,0
DA:3276,0
DA:3280,0
DA:3284,0
DA:3288,0
DA:3289,0
DA:3294,0
DA:3295,0
DA:3299,0
DA:3302,0
DA:3303,0
DA:3307,0
DA:3308,0
DA:3309,0
DA:3312,0
DA:3315,0
DA:3318,0
DA:3323,0
DA:3324,0
DA:3325,0
DA:3326,0
DA:3327,0
DA:3328,0
DA:3329,0
DA:3330,0
DA:3331,0
DA:3332,0
DA:3333,0
DA:3334,0
DA:3335,0
DA:3337,0
DA:3341,0
DA:3342,0
DA:3346,0
DA:3347,0
DA:3350,0
DA:3351,0
DA:3352,0
DA:3353,0
DA:3354,0
DA:3355,0
DA:3357,0
DA:3360,0
DA:3361,0
DA:3365,0
DA:3366,0
DA:3367,0
DA:3368,0
DA:3369,0
DA:3370,0
DA:3371,0
DA:3372,0
DA:3373,0
DA:3374,0
DA:3375,0
DA:3376,0
DA:3379,0
DA:3382,0
DA:3383,0
DA:3384,0
DA:3385,0
DA:3390,0
DA:3391,0
DA:3392,0
DA:3393,0
DA:3394,0
DA:3397,0
DA:3399,0
DA:3400,0
DA:3401,0
DA:3404,0
DA:3405,0
DA:3406,0
DA:3418,0
DA:3419,0
DA:3420,0
DA:3422,0
DA:3423,0
DA:3426,0
DA:3427,0
DA:3428,0
DA:3430,0
DA:3434,0
DA:3435,0
DA:3436,0
DA:3438,0
DA:3439,0
DA:3440,0
DA:3442,0
DA:3443,0
DA:3444,0
DA:3447,0
DA:3448,0
DA:3449,0
DA:3453,0
DA:3456,0
DA:3457,0
DA:3461,0
DA:3462,0
DA:3464,0
DA:3465,0
DA:3468,0
DA:3472,0
DA:3473,0
DA:3477,0
DA:3478,0
DA:3479,0
DA:3480,0
DA:3481,0
DA:3482,0
DA:3483,0
DA:3485,0
DA:3487,0
DA:3488,0
DA:3494,0
DA:3495,0
DA:3496,0
DA:3497,0
DA:3503,0
DA:3504,0
DA:3505,0
DA:3508,0
DA:3511,0
DA:3515,0
DA:3516,0
DA:3517,0
DA:3518,0
DA:3519,0
DA:3520,0
DA:3522,0
DA:3532,0
DA:3533,0
DA:3534,0
DA:3537,0
DA:3538,0
DA:3539,0
DA:3542,0
DA:3543,0
DA:3546,0
DA:3549,0
DA:3550,0
DA:3551,0
DA:3554,0
DA:3555,0
DA:3556,0
DA:3559,0
DA:3572,0
DA:3573,0
DA:3574,0
DA:3577,0
DA:3578,0
DA:3579,0
DA:3582,0
DA:3583,0
DA:3584,0
DA:3587,0
DA:3588,0
DA:3589,0
DA:3593,0
DA:3594,0
DA:3595,0
DA:3598,0
DA:3599,0
DA:3600,0
DA:3603,0
DA:3604,0
DA:3605,0
DA:3608,0
DA:3609,0
DA:3610,0
DA:3613,0
DA:3634,0
DA:3635,0
DA:3645,0
DA:3650,0
DA:3654,0
DA:3655,0
DA:3656,0
DA:3657,0
DA:3659,0
DA:3661,0
DA:3663,0
DA:3665,0
DA:3667,0
DA:3669,0
DA:3670,0
DA:3672,0
DA:3675,0
DA:3676,0
DA:3677,0
DA:3678,0
DA:3679,0
DA:3680,0
DA:3682,0
DA:3683,0
DA:3689,0
DA:3690,0
DA:3691,0
DA:3692,0
DA:3693,0
DA:3694,0
DA:3695,0
DA:3696,0
DA:3697,0
DA:3699,0
DA:3703,0
DA:3704,0
DA:3705,0
DA:3706,0
DA:3712,0
DA:3713,0
DA:3714,0
DA:3715,0
DA:3722,0
DA:3723,0
DA:3724,0
DA:3725,0
DA:3726,0
DA:3727,0
DA:3728,0
DA:3731,0
DA:3733,0
DA:3736,0
DA:3739,0
DA:3741,0
DA:3743,0
DA:3744,0
DA:3751,0
DA:3752,0
DA:3755,0
DA:3757,0
DA:3758,0
DA:3762,0
DA:3766,0
DA:3767,0
DA:3768,0
DA:3769,0
DA:3770,0
DA:3771,0
DA:3772,0
DA:3774,0
DA:3775,0
DA:3776,0
DA:3778,0
DA:3779,0
DA:3781,0
DA:3785,0
DA:3786,0
DA:3787,0
DA:3789,0
DA:3791,0
DA:3792,0
DA:3793,0
DA:3794,0
DA:3795,0
DA:3800,0
DA:3801,0
DA:3802,0
DA:3804,0
DA:3807,0
DA:3808,0
DA:3809,0
DA:3810,0
DA:3817,0
DA:3824,0
DA:3825,0
DA:3827,0
DA:3828,0
DA:3829,0
DA:3830,0
DA:3831,0
DA:3836,0
DA:3841,0
DA:3843,0
DA:3845,0
DA:3846,0
DA:3847,0
DA:3848,0
DA:3849,0
DA:3850,0
DA:3851,0
DA:3852,0
DA:3854,0
DA:3855,0
DA:3857,0
DA:3858,0
DA:3859,0
DA:3860,0
DA:3861,0
DA:3862,0
DA:3868,0
DA:3869,0
DA:3871,0
DA:3873,0
DA:3877,0
DA:3878,0
DA:3879,0
DA:3882,0
DA:3883,0
DA:3884,0
DA:3886,0
DA:3891,0
DA:3892,0
DA:3893,0
DA:3894,0
DA:3895,0
DA:3896,0
DA:3897,0
DA:3898,0
DA:3899,0
DA:3900,0
DA:3904,0
DA:3905,0
DA:3906,0
DA:3907,0
DA:3908,0
DA:3912,0
DA:3914,0
DA:3920,0
DA:3921,0
DA:3922,0
DA:3923,0
DA:3924,0
DA:3925,0
DA:3926,0
DA:3927,0
DA:3931,0
DA:3936,0
DA:3940,0
DA:3941,0
DA:3942,0
DA:3943,0
DA:3944,0
DA:3945,0
DA:3948,0
DA:3949,0
DA:3951,0
DA:3954,0
DA:3955,0
DA:3956,0
DA:3957,0
DA:3958,0
DA:3959,0
DA:3964,0
DA:3967,0
DA:3968,0
DA:3971,0
DA:3974,0
DA:3975,0
DA:3980,0
DA:3981,0
DA:3982,0
DA:3985,0
DA:3986,0
DA:3989,0
DA:3990,0
DA:3994,0
DA:3995,0
DA:3996,0
DA:4023,0
DA:4024,0
DA:4027,0
DA:4037,0
DA:4038,0
DA:4039,0
DA:4041,0
DA:4042,0
DA:4047,0
DA:4050,0
DA:4053,0
DA:4056,0
DA:4060,0
DA:4061,0
DA:4064,0
DA:4065,0
DA:4067,0
DA:4068,0
DA:4071,0
DA:4072,0
DA:4073,0
DA:4075,0
DA:4076,0
DA:4077,0
DA:4078,0
DA:4084,0
DA:4089,0
DA:4092,0
DA:4096,0
DA:4104,0
DA:4119,0
DA:4123,0
DA:4124,0
DA:4125,0
DA:4145,0
DA:4146,0
DA:4155,0
DA:4157,0
DA:4159,0
DA:4161,0
DA:4164,0
DA:4169,0
DA:4170,0
DA:4171,0
DA:4172,0
DA:4173,0
DA:4176,0
DA:4183,0
DA:4184,0
DA:4185,0
DA:4190,0
DA:4191,0
DA:4192,0
DA:4196,0
DA:4197,0
DA:4198,0
DA:4202,0
DA:4205,0
DA:4206,0
DA:4207,0
DA:4208,0
DA:4209,0
DA:4213,0
DA:4216,0
DA:4218,0
DA:4222,0
DA:4224,0
DA:4225,0
DA:4226,0
DA:4229,0
DA:4234,0
DA:4238,0
DA:4241,0
DA:4242,0
DA:4246,0
DA:4247,0
DA:4248,0
DA:4249,0
DA:4251,0
DA:4252,0
DA:4253,0
DA:4255,0
DA:4256,0
DA:4257,0
DA:4258,0
DA:4260,0
DA:4265,0
DA:4266,0
DA:4267,0
DA:4268,0
DA:4270,0
DA:4275,0
DA:4276,0
DA:4277,0
DA:4278,0
DA:4279,0
DA:4281,0
DA:4288,0
DA:4296,0
DA:4304,0
DA:4308,0
DA:4312,0
DA:4313,0
DA:4319,0
DA:4328,0
DA:4330,0
DA:4331,0
DA:4332,0
DA:4333,0
DA:4334,0
DA:4336,0
DA:4339,0
DA:4345,0
DA:4347,0
DA:4358,0
DA:4359,0
DA:4363,0
DA:4364,0
DA:4365,0
DA:4366,0
DA:4367,0
DA:4368,0
DA:4370,0
DA:4373,0
DA:4380,0
DA:4386,0
DA:4388,0
DA:4389,0
DA:4390,0
DA:4392,0
DA:4394,0
DA:4405,0
DA:4406,0
DA:4410,0
DA:4424,0
DA:4428,0
DA:4429,0
DA:4430,0
DA:4435,0
DA:4441,0
DA:4442,0
DA:4443,0
DA:4444,0
DA:4445,0
DA:4448,0
DA:4449,0
DA:4472,0
DA:4474,0
DA:4480,0
DA:4481,0
DA:4486,0
DA:4487,0
DA:4488,0
DA:4489,0
DA:4490,0
DA:4491,0
DA:4492,0
DA:4493,0
DA:4496,0
DA:4497,0
DA:4498,0
DA:4499,0
DA:4500,0
DA:4501,0
DA:4503,0
DA:4504,0
DA:4505,0
DA:4506,0
DA:4514,0
DA:4516,0
DA:4517,0
DA:4518,0
DA:4519,0
DA:4520,0
DA:4521,0
DA:4523,0
DA:4524,0
DA:4526,0
DA:4527,0
DA:4528,0
DA:4532,0
DA:4533,0
DA:4534,0
DA:4535,0
DA:4538,0
DA:4539,0
DA:4540,0
DA:4542,0
DA:4545,0
DA:4546,0
DA:4549,0
DA:4550,0
DA:4551,0
DA:4552,0
DA:4553,0
DA:4555,0
DA:4556,0
DA:4560,0
DA:4561,0
DA:4562,0
DA:4566,0
DA:4567,0
DA:4568,0
DA:4569,0
DA:4570,0
DA:4572,0
DA:4573,0
DA:4574,0
DA:4577,0
DA:4583,0
DA:4622,0
DA:4631,0
DA:4632,0
DA:4633,0
DA:4649,0
DA:4650,0
DA:4651,0
DA:4652,0
DA:4653,0
DA:4655,0
DA:4656,0
DA:4657,0
DA:4660,0
DA:4692,0
DA:4701,0
DA:4702,0
DA:4703,0
DA:4718,0
DA:4720,0
DA:4725,0
DA:4757,0
DA:4766,0
DA:4767,0
DA:4768,0
DA:4783,0
DA:4798,0
DA:4806,0
DA:4814,0
DA:4815,0
DA:4816,0
DA:4820,0
DA:4823,0
DA:4827,0
DA:4828,0
DA:4829,0
DA:4831,0
DA:4835,0
DA:4836,0
DA:4837,0
DA:4838,0
DA:4839,0
DA:4840,0
DA:4842,0
DA:4843,0
DA:4846,0
DA:4848,0
DA:4852,0
DA:4853,0
DA:4854,0
DA:4855,0
DA:4856,0
DA:4857,0
DA:4859,0
DA:4860,0
DA:4861,0
DA:4862,0
DA:4863,0
DA:4864,0
DA:4865,0
DA:4866,0
DA:4870,0
DA:4871,0
DA:4872,0
DA:4873,0
DA:4874,0
DA:4875,0
DA:4877,0
DA:4878,0
DA:4879,0
DA:4880,0
DA:4881,0
DA:4882,0
DA:4883,0
DA:4884,0
DA:4890,0
DA:4891,0
DA:4892,0
DA:4894,0
DA:4899,0
DA:4900,0
DA:4901,0
DA:4902,0
DA:4903,0
DA:4904,0
DA:4905,0
DA:4907,0
DA:4909,0
DA:4910,0
DA:4911,0
DA:4912,0
DA:4913,0
DA:4915,0
DA:4917,0
DA:4918,0
DA:4919,0
DA:4920,0
DA:4921,0
DA:4923,0
DA:4925,0
DA:4929,0
DA:4930,0
DA:4931,0
DA:4936,0
DA:4937,0
DA:4938,0
DA:4939,0
DA:4942,0
DA:4943,0
DA:4946,0
DA:4948,0
DA:4949,0
DA:4950,0
DA:4953,0
DA:4954,0
DA:4955,0
DA:4959,0
DA:4960,0
DA:4961,0
DA:4964,0
DA:4965,0
DA:4966,0
DA:4971,0
DA:4976,0
DA:4977,0
DA:4978,0
DA:4979,0
DA:4981,0
DA:4983,0
DA:4986,0
DA:4987,0
DA:4988,0
DA:4992,0
DA:4993,0
DA:4998,0
DA:4999,0
DA:5000,0
DA:5002,0
DA:5004,0
DA:5007,0
DA:5010,0
DA:5013,0
DA:5014,0
DA:5015,0
DA:5019,0
DA:5020,0
DA:5025,0
DA:5027,0
DA:5034,0
DA:5035,0
DA:5036,0
DA:5037,0
DA:5038,0
DA:5039,0
DA:5040,0
DA:5041,0
DA:5042,0
DA:5045,0
DA:5046,0
DA:5047,0
DA:5048,0
DA:5054,0
DA:5055,0
DA:5056,0
DA:5057,0
DA:5058,0
DA:5061,0
DA:5062,0
DA:5065,0
DA:5067,0
DA:5068,0
DA:5069,0
DA:5072,0
DA:5073,0
DA:5074,0
DA:5078,0
DA:5079,0
DA:5080,0
DA:5083,0
DA:5084,0
DA:5085,0
DA:5090,0
DA:5091,0
DA:5092,0
DA:5093,0
DA:5094,0
DA:5095,0
DA:5100,0
DA:5101,0
DA:5102,0
DA:5110,0
DA:5113,0
DA:5114,0
DA:5115,0
DA:5117,0
DA:5121,0
DA:5130,0
DA:5131,0
DA:5132,0
DA:5133,0
DA:5134,0
DA:5135,0
DA:5138,0
DA:5139,0
DA:5140,0
DA:5141,0
DA:5144,0
DA:5146,0
DA:5148,0
DA:5159,0
DA:5160,0
DA:5163,0
DA:5176,0
DA:5190,0
DA:5191,0
DA:5194,0
DA:5211,0
DA:5212,0
DA:5213,0
DA:5214,0
DA:5218,0
DA:5219,0
DA:5232,0
DA:5235,0
DA:5236,0
DA:5240,0
DA:5241,0
DA:5247,0
DA:5249,0
DA:5251,0
DA:5252,0
DA:5253,0
DA:5256,0
DA:5257,0
DA:5259,0
DA:5260,0
DA:5262,0
DA:5264,0
DA:5265,0
DA:5266,0
DA:5269,0
DA:5273,0
DA:5278,0
DA:5279,0
DA:5280,0
DA:5281,0
DA:5282,0
DA:5283,0
DA:5284,0
DA:5285,0
DA:5286,0
DA:5292,0
DA:5293,0
DA:5295,0
DA:5303,0
DA:5304,0
DA:5305,0
DA:5306,0
DA:5307,0
DA:5308,0
DA:5311,0
DA:5312,0
DA:5313,0
DA:5314,0
DA:5318,0
DA:5319,0
DA:5332,0
DA:5335,0
DA:5338,0
DA:5339,0
DA:5342,0
DA:5343,0
DA:5344,0
DA:5346,0
DA:5347,0
DA:5348,0
DA:5349,0
DA:5350,0
DA:5354,0
DA:5355,0
DA:5356,0
DA:5359,0
DA:5360,0
DA:5367,0
DA:5375,0
DA:5376,0
DA:5377,0
DA:5378,0
DA:5379,0
DA:5380,0
DA:5381,0
DA:5382,0
DA:5384,0
DA:5389,0
DA:5396,0
DA:5397,0
DA:5398,0
DA:5399,0
DA:5400,0
DA:5401,0
DA:5402,0
DA:5403,0
DA:5405,0
DA:5406,0
DA:5409,0
DA:5410,0
DA:5412,0
DA:5413,0
DA:5416,0
DA:5419,0
DA:5420,0
DA:5421,0
DA:5422,0
DA:5425,0
DA:5426,0
DA:5427,0
DA:5428,0
DA:5431,0
DA:5432,0
DA:5433,0
DA:5434,0
DA:5435,0
DA:5436,0
DA:5438,0
DA:5439,0
DA:5443,0
DA:5444,0
DA:5445,0
DA:5446,0
DA:5447,0
DA:5448,0
DA:5450,0
DA:5454,0
DA:5455,0
DA:5456,0
DA:5457,0
DA:5458,0
DA:5462,0
DA:5463,0
DA:5464,0
DA:5465,0
DA:5467,0
DA:5470,0
DA:5474,0
DA:5478,0
DA:5481,0
DA:5482,0
DA:5489,0
DA:5496,0
DA:5497,0
DA:5500,0
DA:5502,0
DA:5503,0
DA:5507,0
DA:5508,0
DA:5516,0
DA:5517,0
DA:5518,0
DA:5519,0
DA:5520,0
DA:5521,0
DA:5524,0
DA:5525,0
DA:5526,0
DA:5530,0
DA:5531,0
DA:5543,0
DA:5545,0
DA:5546,0
DA:5549,0
DA:5552,0
DA:5555,0
DA:5558,0
DA:5559,0
DA:5560,0
DA:5561,0
DA:5567,0
DA:5570,0
DA:5571,0
DA:5573,0
DA:5578,0
DA:5581,0
DA:5582,0
DA:5583,0
DA:5586,0
DA:5587,0
DA:5588,0
DA:5589,0
DA:5606,0
DA:5616,0
DA:5617,0
DA:5618,0
DA:5619,0
DA:5620,0
DA:5621,0
DA:5622,0
DA:5624,0
DA:5625,0
DA:5626,0
DA:5627,0
DA:5628,0
DA:5631,0
DA:5650,0
DA:5651,0
DA:5652,0
DA:5653,0
DA:5654,0
DA:5657,0
DA:5659,0
DA:5660,0
DA:5663,0
DA:5664,0
DA:5665,0
DA:5668,0
DA:5669,0
DA:5670,0
DA:5673,0
DA:5678,0
DA:5679,0
DA:5686,0
DA:5687,0
DA:5688,0
DA:5694,0
DA:5695,0
DA:5701,0
DA:5703,0
DA:5704,0
DA:5705,0
DA:5706,0
DA:5711,0
DA:5712,0
DA:5713,0
DA:5714,0
DA:5717,0
DA:5718,0
DA:5719,0
DA:5720,0
DA:5721,0
DA:5726,0
DA:5727,0
DA:5728,0
DA:5729,0
DA:5730,0
DA:5731,0
DA:5733,0
DA:5734,0
DA:5735,0
DA:5740,0
DA:5741,0
DA:5742,0
DA:5743,0
DA:5744,0
DA:5745,0
DA:5746,0
DA:5747,0
DA:5748,0
DA:5750,0
DA:5751,0
DA:5753,0
DA:5754,0
DA:5755,0
DA:5756,0
DA:5757,0
DA:5758,0
DA:5759,0
DA:5761,0
DA:5762,0
DA:5765,0
DA:5767,0
DA:5768,0
DA:5769,0
DA:5770,0
DA:5772,0
DA:5773,0
DA:5774,0
DA:5775,0
DA:5776,0
DA:5777,0
DA:5778,0
DA:5779,0
DA:5780,0
DA:5781,0
DA:5784,0
DA:5785,0
DA:5786,0
DA:5787,0
DA:5791,0
DA:5797,0
DA:5806,0
DA:5808,0
DA:5809,0
DA:5810,0
DA:5812,0
DA:5814,0
DA:5815,0
DA:5818,0
DA:5822,0
DA:5823,0
DA:5824,0
DA:5825,0
DA:5826,0
DA:5827,0
DA:5828,0
DA:5833,0
DA:5834,0
DA:5841,0
DA:5842,0
DA:5847,0
DA:5848,0
DA:5856,0
DA:5860,0
DA:5861,0
DA:5866,0
DA:5867,0
DA:5879,0
DA:5880,0
DA:5882,0
DA:5883,0
DA:5884,0
DA:5885,0
DA:5886,0
DA:5888,0
DA:5889,0
DA:5892,0
DA:5896,0
DA:5901,0
DA:5902,0
DA:5907,0
DA:5908,0
DA:5915,0
DA:5916,0
DA:5918,0
DA:5919,0
DA:5920,0
DA:5921,0
DA:5926,0
DA:5928,0
DA:5931,0
DA:5934,0
DA:5938,0
DA:5941,0
DA:5942,0
DA:5945,0
DA:5947,0
DA:5950,0
DA:5954,0
DA:5957,0
DA:5960,0
DA:5963,0
DA:5966,0
DA:5969,0
DA:5974,0
DA:5975,0
DA:5976,0
DA:5977,0
DA:5980,0
DA:5981,0
DA:5982,0
DA:5983,0
DA:5984,0
DA:5985,0
DA:5986,0
DA:5987,0
DA:5988,0
DA:5990,0
DA:5992,0
DA:5993,0
DA:5994,0
DA:5995,0
DA:6002,0
DA:6003,0
DA:6004,0
DA:6008,0
DA:6009,0
DA:6010,0
DA:6015,0
DA:6020,0
DA:6021,0
DA:6022,0
DA:6023,0
DA:6024,0
DA:6027,0
DA:6028,0
DA:6031,0
DA:6032,0
DA:6033,0
DA:6035,0
DA:6036,0
DA:6037,0
DA:6040,0
DA:6041,0
DA:6042,0
DA:6043,0
DA:6044,0
DA:6052,0
DA:6053,0
DA:6067,0
DA:6068,0
DA:6069,0
DA:6070,0
DA:6072,0
DA:6074,0
DA:6077,0
DA:6080,0
DA:6081,0
DA:6084,0
DA:6085,0
DA:6088,0
DA:6089,0
DA:6097,0
DA:6110,0
DA:6112,0
DA:6116,0
DA:6117,0
DA:6118,0
DA:6119,0
DA:6120,0
DA:6121,0
DA:6122,0
DA:6124,0
DA:6127,0
DA:6128,0
DA:6129,0
DA:6131,0
DA:6132,0
DA:6133,0
DA:6134,0
DA:6137,0
DA:6141,0
DA:6144,0
DA:6145,0
DA:6146,0
DA:6148,0
DA:6152,0
DA:6153,0
DA:6154,0
DA:6157,0
DA:6158,0
DA:6159,0
DA:6160,0
DA:6162,0
DA:6163,0
DA:6164,0
DA:6167,0
DA:6168,0
DA:6169,0
DA:6170,0
DA:6171,0
DA:6175,0
DA:6176,0
DA:6181,0
DA:6182,0
DA:6185,0
DA:6186,0
DA:6189,0
DA:6190,0
DA:6191,0
DA:6192,0
DA:6193,0
DA:6200,0
DA:6205,0
DA:6210,0
DA:6213,0
DA:6214,0
DA:6216,0
DA:6217,0
DA:6218,0
DA:6219,0
DA:6222,0
DA:6223,0
DA:6224,0
DA:6232,0
DA:6233,0
DA:6236,0
DA:6237,0
DA:6239,0
DA:6242,0
DA:6243,0
DA:6244,0
DA:6245,0
DA:6248,0
DA:6249,0
DA:6250,0
DA:6251,0
DA:6252,0
DA:6253,0
DA:6254,0
DA:6255,0
DA:6256,0
DA:6257,0
DA:6258,0
DA:6259,0
DA:6261,0
DA:6262,0
DA:6264,0
DA:6267,0
DA:6268,0
DA:6270,0
DA:6271,0
DA:6274,0
DA:6276,0
DA:6277,0
DA:6278,0
DA:6286,0
DA:6287,0
DA:6288,0
DA:6291,0
DA:6292,0
DA:6293,0
DA:6294,0
DA:6296,0
DA:6297,0
DA:6298,0
DA:6299,0
DA:6300,0
DA:6301,0
DA:6302,0
DA:6304,0
DA:6305,0
DA:6309,0
DA:6314,0
DA:6315,0
DA:6316,0
DA:6317,0
DA:6318,0
DA:6320,0
DA:6322,0
DA:6323,0
DA:6324,0
DA:6325,0
DA:6326,0
DA:6329,0
DA:6330,0
DA:6331,0
DA:6332,0
DA:6335,0
DA:6338,0
DA:6340,0
DA:6341,0
DA:6342,0
DA:6350,0
DA:6351,0
DA:6352,0
DA:6355,0
DA:6356,0
DA:6357,0
DA:6358,0
DA:6360,0
DA:6361,0
DA:6362,0
DA:6363,0
DA:6364,0
DA:6365,0
DA:6366,0
DA:6367,0
DA:6368,0
DA:6369,0
DA:6370,0
DA:6372,0
DA:6373,0
DA:6375,0
DA:6380,0
DA:6381,0
DA:6382,0
DA:6383,0
DA:6384,0
DA:6385,0
DA:6386,0
DA:6393,0
DA:6394,0
DA:6397,0
DA:6398,0
DA:6399,0
DA:6400,0
DA:6402,0
DA:6406,0
DA:6409,0
DA:6410,0
DA:6411,0
DA:6417,0
DA:6424,0
DA:6425,0
DA:6428,0
DA:6430,0
DA:6431,0
DA:6434,0
DA:6437,0
DA:6440,0
DA:6443,0
DA:6444,0
DA:6447,0
DA:6448,0
DA:6450,0
DA:6451,0
DA:6452,0
DA:6453,0
DA:6457,0
DA:6458,0
DA:6459,0
DA:6462,0
DA:6463,0
DA:6464,0
DA:6472,0
DA:6473,0
DA:6474,0
DA:6477,0
DA:6478,0
DA:6479,0
DA:6482,0
DA:6485,0
DA:6488,0
DA:6489,0
DA:6490,0
DA:6494,0
DA:6496,0
DA:6497,0
DA:6500,0
DA:6501,0
DA:6504,0
DA:6505,0
DA:6506,0
DA:6507,0
DA:6509,0
DA:6510,0
DA:6518,0
DA:6520,0
DA:6521,0
DA:6522,0
DA:6524,0
DA:6525,0
DA:6526,0
DA:6528,0
DA:6529,0
DA:6530,0
DA:6533,0
DA:6534,0
DA:6535,0
DA:6536,0
DA:6538,0
DA:6539,0
DA:6544,0
DA:6546,0
DA:6548,0
DA:6558,0
DA:6559,0
DA:6561,0
DA:6562,0
DA:6563,0
DA:6565,0
DA:6566,0
DA:6567,0
DA:6570,0
DA:6571,0
DA:6572,0
DA:6573,0
DA:6574,0
DA:6575,0
DA:6580,0
DA:6581,0
DA:6582,0
DA:6583,0
DA:6585,0
DA:6586,0
DA:6587,0
DA:6588,0
DA:6590,0
DA:6591,0
DA:6592,0
DA:6593,0
DA:6594,0
DA:6604,0
DA:6605,0
DA:6613,0
DA:6614,0
DA:6622,0
DA:6623,0
DA:6632,0
DA:6635,0
DA:6640,0
DA:6642,0
DA:6643,0
DA:6644,0
DA:6645,0
DA:6646,0
DA:6647,0
DA:6650,0
DA:6651,0
DA:6653,0
DA:6654,0
DA:6655,0
DA:6658,0
DA:6659,0
DA:6662,0
DA:6663,0
DA:6664,0
DA:6665,0
DA:6666,0
DA:6670,0
DA:6718,0
DA:6730,0
DA:6731,0
DA:6732,0
DA:6733,0
DA:6736,0
DA:6739,0
DA:6741,0
DA:6742,0
DA:6743,0
DA:6746,0
DA:6750,0
DA:6751,0
DA:6753,0
DA:6754,0
DA:6755,0
DA:6756,0
DA:6757,0
DA:6758,0
DA:6759,0
DA:6760,0
DA:6761,0
DA:6764,0
DA:6765,0
DA:6766,0
DA:6767,0
DA:6771,0
DA:6774,0
DA:6775,0
DA:6776,0
DA:6777,0
DA:6778,0
DA:6779,0
DA:6781,0
DA:6782,0
DA:6783,0
DA:6784,0
DA:6786,0
DA:6791,0
DA:6792,0
DA:6793,0
DA:6803,0
DA:6813,0
DA:6823,0
DA:6833,0
DA:6843,0
DA:6853,0
DA:6864,0
DA:6865,0
DA:6868,0
DA:6869,0
DA:6872,0
DA:6875,0
DA:6876,0
DA:6877,0
DA:6880,0
DA:6883,0
DA:6884,0
DA:6889,0
DA:6890,0
DA:6891,0
DA:6892,0
DA:6893,0
DA:6894,0
DA:6903,0
DA:6905,0
DA:6908,0
DA:6909,0
DA:6912,0
DA:6913,0
DA:6915,0
DA:6918,0
DA:6921,0
DA:6924,0
DA:6925,0
DA:6928,0
DA:6930,0
DA:6931,0
DA:6937,0
DA:6938,0
DA:6944,0
DA:6945,0
DA:6946,0
DA:6950,0
DA:6951,0
DA:6963,0
DA:6965,0
DA:6966,0
DA:6967,0
DA:6969,0
DA:6972,0
DA:6975,0
DA:6978,0
DA:6979,0
DA:6980,0
DA:6981,0
DA:6987,0
DA:6989,0
DA:6992,0
DA:6993,0
DA:6994,0
DA:6997,0
DA:6998,0
DA:6999,0
DA:7001,0
DA:7002,0
DA:7003,0
DA:7006,0
DA:7007,0
DA:7008,0
DA:7011,0
DA:7013,0
DA:7014,0
DA:7016,0
DA:7017,0
DA:7018,0
DA:7019,0
DA:7020,0
DA:7024,0
DA:7025,0
DA:7027,0
DA:7028,0
DA:7030,0
DA:7039,0
DA:7040,0
DA:7043,0
DA:7047,0
DA:7051,0
DA:7056,0
DA:7060,0
DA:7064,0
DA:7068,0
DA:7073,0
DA:7079,0
DA:7080,0
DA:7081,0
DA:7082,0
DA:7083,0
DA:7084,0
DA:7086,0
DA:7087,0
DA:7090,0
DA:7094,0
DA:7095,0
DA:7098,0
DA:7100,0
DA:7101,0
DA:7104,0
DA:7105,0
DA:7106,0
DA:7108,0
DA:7111,0
DA:7113,0
DA:7116,0
DA:7118,0
DA:7121,0
DA:7123,0
DA:7126,0
DA:7127,0
DA:7128,0
DA:7130,0
DA:7133,0
DA:7135,0
DA:7137,0
DA:7139,0
DA:7141,0
DA:7144,0
DA:7146,0
DA:7149,0
DA:7152,0
DA:7153,0
DA:7154,0
DA:7155,0
DA:7156,0
DA:7157,0
DA:7158,0
DA:7160,0
DA:7161,0
DA:7162,0
DA:7163,0
DA:7168,0
DA:7169,0
DA:7176,0
DA:7177,0
DA:7180,0
DA:7182,0
DA:7183,0
DA:7188,0
DA:7189,0
DA:7193,0
DA:7201,0
DA:7204,0
DA:7212,0
DA:7214,0
DA:7215,0
DA:7216,0
DA:7221,0
DA:7222,0
DA:7223,0
DA:7225,0
DA:7226,0
DA:7233,0
DA:7234,0
DA:7243,0
DA:7249,0
DA:7250,0
DA:7251,0
DA:7254,0
DA:7257,0
DA:7258,0
DA:7259,0
DA:7261,0
DA:7262,0
DA:7263,0
DA:7266,0
DA:7267,0
DA:7268,0
DA:7269,0
DA:7270,0
DA:7272,0
DA:7273,0
DA:7274,0
DA:7276,0
DA:7294,0
DA:7295,0
DA:7296,0
DA:7299,0
DA:7302,0
DA:7303,0
DA:7304,0
DA:7305,0
DA:7306,0
DA:7307,0
DA:7309,0
DA:7310,0
DA:7311,0
DA:7312,0
DA:7313,0
DA:7314,0
DA:7315,0
DA:7316,0
DA:7325,0
DA:7326,0
DA:7327,0
DA:7328,0
DA:7330,0
DA:7331,0
DA:7332,0
DA:7333,0
DA:7334,0
DA:7335,0
DA:7337,0
DA:7338,0
DA:7339,0
DA:7340,0
DA:7345,0
DA:7354,0
DA:7355,0
DA:7356,0
DA:7358,0
DA:7361,0
DA:7362,0
DA:7363,0
DA:7364,0
DA:7366,0
DA:7367,0
DA:7368,0
DA:7369,0
DA:7370,0
DA:7371,0
DA:7375,0
DA:7381,0
DA:7382,0
DA:7389,0
DA:7390,0
DA:7393,0
DA:7394,0
DA:7395,0
DA:7396,0
DA:7398,0
DA:7402,0
DA:7405,0
DA:7406,0
DA:7407,0
DA:7413,0
DA:7420,0
DA:7421,0
DA:7424,0
DA:7426,0
DA:7427,0
DA:7436,0
DA:7438,0
DA:7445,0
DA:7450,0
DA:7453,0
DA:7458,0
DA:7463,0
DA:7467,0
DA:7468,0
DA:7473,0
DA:7478,0
DA:7483,0
DA:7488,0
DA:7495,0
DA:7496,0
DA:7497,0
DA:7500,0
DA:7501,0
DA:7502,0
DA:7505,0
DA:7506,0
DA:7507,0
DA:7511,0
DA:7514,0
DA:7538,0
DA:7539,0
DA:7542,0
DA:7546,0
DA:7547,0
DA:7550,0
DA:7552,0
DA:7553,0
DA:7567,0
DA:7570,0
DA:7571,0
DA:7573,0
DA:7579,0
DA:7580,0
DA:7581,0
DA:7582,0
DA:7585,0
DA:7586,0
DA:7587,0
DA:7596,0
DA:7597,0
DA:7599,0
DA:7600,0
DA:7602,0
DA:7603,0
DA:7605,0
DA:7608,0
DA:7609,0
DA:7610,0
DA:7617,0
DA:7618,0
DA:7629,0
DA:7634,0
DA:7641,0
DA:7643,0
DA:7644,0
DA:7646,0
DA:7647,0
DA:7648,0
DA:7649,0
DA:7650,0
DA:7654,0
DA:7659,0
DA:7687,0
DA:7688,0
DA:7697,0
DA:7698,0
DA:7699,0
DA:7728,0
DA:7778,0
DA:7779,0
DA:7780,0
DA:7782,0
DA:7785,0
DA:7788,0
DA:7792,0
DA:7819,0
DA:7822,0
DA:7823,0
DA:7824,0
DA:7829,0
DA:7830,0
DA:7832,0
DA:7833,0
DA:7834,0
DA:7835,0
DA:7837,0
DA:7844,0
DA:7858,0
DA:7859,0
DA:7860,0
DA:7861,0
DA:7866,0
DA:7867,0
DA:7868,0
DA:7872,0
DA:7873,0
DA:7874,0
DA:7878,0
DA:7881,0
DA:7882,0
DA:7886,0
DA:7887,0
DA:7888,0
DA:7892,0
DA:7895,0
DA:7897,0
DA:7901,0
DA:7904,0
DA:7905,0
DA:7907,0
DA:7908,0
DA:7909,0
DA:7910,0
DA:7912,0
DA:7949,0
DA:7954,0
DA:7955,0
DA:7956,0
DA:7961,0
DA:7962,0
DA:7966,0
DA:7967,0
DA:7968,0
DA:7969,0
DA:7971,0
DA:7977,0
DA:7978,0
DA:7980,0
DA:7981,0
DA:7983,0
DA:7984,0
DA:7985,0
DA:7986,0
DA:7987,0
DA:7989,0
DA:7990,0
DA:7993,0
DA:7994,0
DA:7995,0
DA:7997,0
DA:7998,0
DA:8004,0
DA:8008,0
DA:8009,0
DA:8010,0
DA:8014,0
DA:8015,0
DA:8027,0
DA:8029,0
DA:8030,0
DA:8031,0
DA:8033,0
DA:8036,0
DA:8039,0
DA:8042,0
DA:8043,0
DA:8044,0
DA:8045,0
DA:8051,0
DA:8053,0
DA:8056,0
DA:8057,0
DA:8058,0
DA:8059,0
DA:8062,0
DA:8063,0
DA:8064,0
DA:8067,0
DA:8069,0
DA:8070,0
DA:8071,0
DA:8072,0
DA:8075,0
DA:8076,0
DA:8077,0
DA:8082,0
DA:8083,0
DA:8088,0
DA:8089,0
DA:8094,0
DA:8095,0
DA:8100,0
DA:8103,0
DA:8104,0
DA:8105,0
DA:8106,0
DA:8107,0
DA:8112,0
DA:8113,0
DA:8114,0
DA:8115,0
DA:8116,0
DA:8117,0
DA:8118,0
DA:8123,0
DA:8124,0
DA:8125,0
DA:8126,0
DA:8127,0
DA:8128,0
DA:8130,0
DA:8131,0
DA:8133,0
DA:8134,0
DA:8141,0
DA:8143,0
DA:8144,0
DA:8145,0
DA:8152,0
DA:8156,0
DA:8157,0
DA:8158,0
DA:8159,0
DA:8166,0
DA:8168,0
DA:8169,0
DA:8174,0
DA:8179,0
DA:8182,0
DA:8183,0
DA:8187,0
DA:8188,0
DA:8189,0
DA:8190,0
DA:8195,0
DA:8201,0
DA:8208,0
DA:8209,0
DA:8215,0
DA:8217,0
DA:8218,0
DA:8219,0
DA:8223,0
DA:8224,0
DA:8225,0
DA:8226,0
DA:8232,0
DA:8233,0
DA:8234,0
DA:8235,0
DA:8238,0
DA:8239,0
DA:8240,0
DA:8241,0
DA:8243,0
DA:8244,0
DA:8247,0
DA:8252,0
DA:8253,0
DA:8254,0
DA:8255,0
DA:8256,0
DA:8257,0
DA:8258,0
DA:8259,0
DA:8261,0
DA:8266,0
DA:8268,0
DA:8269,0
DA:8270,0
DA:8271,0
DA:8272,0
DA:8273,0
DA:8274,0
DA:8276,0
DA:8278,0
DA:8279,0
DA:8281,0
LF:3394
LH:39
BRDA:44,0,0,0
BRDA:63,1,0,0
BRDA:63,1,1,1
BRDA:63,2,0,1
BRDA:63,2,1,1
BRDA:66,3,0,1
BRDA:66,3,1,0
BRDA:74,4,0,6
BRDA:74,4,1,0
BRDA:74,5,0,6
BRDA:74,5,1,6
BRDA:82,6,0,6
BRDA:82,6,1,0
BRDA:82,7,0,6
BRDA:82,7,1,6
BRDA:86,8,0,0
BRDA:86,8,1,6
BRDA:88,9,0,0
BRDA:88,9,1,6
BRDA:90,10,0,0
BRDA:90,10,1,6
BRDA:93,11,0,0
BRDA:93,11,1,6
BRDA:95,12,0,0
BRDA:95,12,1,6
BRDA:123,13,0,0
BRDA:137,14,0,0
BRDA:137,14,1,0
BRDA:140,15,0,0
BRDA:140,15,1,0
BRDA:155,16,0,0
BRDA:155,16,1,0
BRDA:167,17,0,0
BRDA:167,17,1,0
BRDA:173,18,0,0
BRDA:173,18,1,0
BRDA:180,19,0,0
BRDA:180,19,1,0
BRDA:187,20,0,0
BRDA:187,20,1,0
BRDA:193,21,0,0
BRDA:193,21,1,0
BRDA:198,22,0,0
BRDA:198,22,1,0
BRDA:203,23,0,0
BRDA:203,23,1,0
BRDA:218,24,0,0
BRDA:218,24,1,0
BRDA:219,25,0,0
BRDA:219,25,1,0
BRDA:220,26,0,0
BRDA:220,26,1,0
BRDA:221,27,0,0
BRDA:221,27,1,0
BRDA:228,28,0,0
BRDA:228,28,1,0
BRDA:229,29,0,0
BRDA:229,29,1,0
BRDA:231,30,0,0
BRDA:231,30,1,0
BRDA:233,31,0,0
BRDA:233,31,1,0
BRDA:234,32,0,0
BRDA:234,32,1,0
BRDA:235,33,0,0
BRDA:235,33,1,0
BRDA:240,34,0,0
BRDA:240,34,1,0
BRDA:251,35,0,0
BRDA:251,35,1,0
BRDA:251,36,0,0
BRDA:251,36,1,0
BRDA:256,37,0,0
BRDA:256,37,1,0
BRDA:265,38,0,0
BRDA:265,38,1,0
BRDA:269,39,0,0
BRDA:269,39,1,0
BRDA:269,40,0,0
BRDA:269,40,1,0
BRDA:284,41,0,0
BRDA:284,41,1,0
BRDA:289,42,0,0
BRDA:289,42,1,0
BRDA:295,43,0,0
BRDA:295,43,1,0
BRDA:302,44,0,0
BRDA:302,44,1,0
BRDA:307,45,0,0
BRDA:307,45,1,0
BRDA:313,46,0,0
BRDA:313,46,1,0
BRDA:320,47,0,0
BRDA:320,47,1,0
BRDA:325,48,0,0
BRDA:325,48,1,0
BRDA:330,49,0,0
BRDA:330,49,1,0
BRDA:336,50,0,0
BRDA:336,50,1,0
BRDA:347,51,0,0
BRDA:347,51,1,0
BRDA:352,52,0,0
BRDA:352,52,1,0
BRDA:358,53,0,0
BRDA:358,53,1,0
BRDA:368,54,0,0
BRDA:368,54,1,0
BRDA:372,55,0,0
BRDA:372,55,1,0
BRDA:376,56,0,0
BRDA:376,56,1,0
BRDA:386,57,0,0
BRDA:386,57,1,0
BRDA:396,58,0,0
BRDA:396,58,1,0
BRDA:407,59,0,0
BRDA:407,59,1,0
BRDA:413,60,0,0
BRDA:413,60,1,0
BRDA:420,61,0,0
BRDA:420,61,1,0
BRDA:427,62,0,0
BRDA:427,62,1,0
BRDA:441,63,0,0
BRDA:441,63,1,0
BRDA:443,64,0,0
BRDA:443,64,1,0
BRDA:452,65,0,0
BRDA:452,65,1,0
BRDA:470,66,0,0
BRDA:470,66,1,0
BRDA:471,67,0,0
BRDA:471,67,1,0
BRDA:472,68,0,0
BRDA:472,68,1,0
BRDA:566,69,0,0
BRDA:566,69,1,0
BRDA:594,70,0,0
BRDA:594,70,1,0
BRDA:603,71,0,0
BRDA:603,71,1,0
BRDA:620,72,0,0
BRDA:620,72,1,0
BRDA:633,73,0,0
BRDA:633,73,1,0
BRDA:692,74,0,0
BRDA:692,74,1,0
BRDA:692,75,0,0
BRDA:692,75,1,0
BRDA:698,76,0,0
BRDA:698,76,1,0
BRDA:702,77,0,0
BRDA:702,77,1,0
BRDA:702,78,0,0
BRDA:702,78,1,0
BRDA:708,79,0,0
BRDA:708,79,1,0
BRDA:712,80,0,0
BRDA:712,80,1,0
BRDA:713,81,0,0
BRDA:713,81,1,0
BRDA:718,82,0,0
BRDA:718,82,1,0
BRDA:725,83,0,0
BRDA:725,83,1,0
BRDA:729,84,0,0
BRDA:729,84,1,0
BRDA:729,85,0,0
BRDA:729,85,1,0
BRDA:755,86,0,0
BRDA:755,86,1,0
BRDA:765,87,0,0
BRDA:765,87,1,0
BRDA:765,88,0,0
BRDA:765,88,1,0
BRDA:783,89,0,0
BRDA:783,89,1,0
BRDA:787,90,0,0
BRDA:787,90,1,0
BRDA:791,91,0,0
BRDA:791,91,1,0
BRDA:819,92,0,0
BRDA:819,92,1,0
BRDA:836,93,0,0
BRDA:836,93,1,0
BRDA:845,94,0,0
BRDA:845,94,1,0
BRDA:867,95,0,0
BRDA:867,95,1,0
BRDA:874,96,0,0
BRDA:874,96,1,0
BRDA:881,97,0,0
BRDA:881,97,1,0
BRDA:882,98,0,0
BRDA:882,98,1,0
BRDA:891,99,0,0
BRDA:891,99,1,0
BRDA:895,100,0,0
BRDA:895,100,1,0
BRDA:899,101,0,0
BRDA:899,101,1,0
BRDA:910,102,0,0
BRDA:910,102,1,0
BRDA:934,103,0,0
BRDA:934,103,1,0
BRDA:939,104,0,0
BRDA:942,105,0,0
BRDA:942,105,1,0
BRDA:960,106,0,0
BRDA:960,106,1,0
BRDA:960,107,0,0
BRDA:960,107,1,0
BRDA:993,108,0,0
BRDA:993,108,1,0
BRDA:1009,109,0,0
BRDA:1009,109,1,0
BRDA:1022,110,0,0
BRDA:1022,110,1,0
BRDA:1031,111,0,0
BRDA:1031,111,1,0
BRDA:1033,112,0,0
BRDA:1033,112,1,0
BRDA:1035,113,0,0
BRDA:1035,113,1,0
BRDA:1041,114,0,0
BRDA:1041,114,1,0
BRDA:1046,115,0,0
BRDA:1046,115,1,0
BRDA:1054,116,0,0
BRDA:1054,116,1,0
BRDA:1054,117,0,0
BRDA:1054,117,1,0
BRDA:1054,117,2,0
BRDA:1056,118,0,0
BRDA:1056,118,1,0
BRDA:1090,119,0,0
BRDA:1090,119,1,0
BRDA:1091,120,0,0
BRDA:1091,120,1,0
BRDA:1091,120,2,0
BRDA:1111,121,0,0
BRDA:1111,121,1,0
BRDA:1114,122,0,0
BRDA:1114,122,1,0
BRDA:1116,123,0,0
BRDA:1116,123,1,0
BRDA:1117,124,0,0
BRDA:1117,124,1,0
BRDA:1121,125,0,0
BRDA:1121,125,1,0
BRDA:1124,126,0,0
BRDA:1124,126,1,0
BRDA:1126,127,0,0
BRDA:1126,127,1,0
BRDA:1128,128,0,0
BRDA:1128,128,1,0
BRDA:1130,129,0,0
BRDA:1130,129,1,0
BRDA:1135,130,0,0
BRDA:1135,130,1,0
BRDA:1135,131,0,0
BRDA:1135,131,1,0
BRDA:1143,132,0,0
BRDA:1143,132,1,0
BRDA:1143,133,0,0
BRDA:1143,133,1,0
BRDA:1144,134,0,0
BRDA:1144,134,1,0
BRDA:1144,135,0,0
BRDA:1144,135,1,0
BRDA:1144,135,2,0
BRDA:1173,136,0,0
BRDA:1173,136,1,0
BRDA:1177,137,0,0
BRDA:1177,137,1,0
BRDA:1191,138,0,0
BRDA:1191,139,0,0
BRDA:1193,140,0,0
BRDA:1193,140,1,0
BRDA:1194,141,0,0
BRDA:1194,141,1,0
BRDA:1229,142,0,0
BRDA:1229,142,1,0
BRDA:1232,143,0,0
BRDA:1232,143,1,0
BRDA:1234,144,0,0
BRDA:1234,144,1,0
BRDA:1236,145,0,0
BRDA:1236,145,1,0
BRDA:1238,146,0,0
BRDA:1238,146,1,0
BRDA:1240,147,0,0
BRDA:1240,147,1,0
BRDA:1242,148,0,0
BRDA:1242,148,1,0
BRDA:1245,149,0,0
BRDA:1245,149,1,0
BRDA:1247,150,0,0
BRDA:1247,150,1,0
BRDA:1248,151,0,0
BRDA:1248,151,1,0
BRDA:1255,152,0,0
BRDA:1255,152,1,0
BRDA:1257,153,0,0
BRDA:1257,153,1,0
BRDA:1260,154,0,0
BRDA:1260,154,1,0
BRDA:1264,155,0,0
BRDA:1264,155,1,0
BRDA:1265,156,0,0
BRDA:1265,156,1,0
BRDA:1265,157,0,0
BRDA:1265,157,1,0
BRDA:1265,157,2,0
BRDA:1272,158,0,0
BRDA:1272,158,1,0
BRDA:1279,159,0,0
BRDA:1279,159,1,0
BRDA:1280,160,0,0
BRDA:1280,160,1,0
BRDA:1287,161,0,0
BRDA:1287,161,1,0
BRDA:1289,162,0,0
BRDA:1289,162,1,0
BRDA:1294,163,0,0
BRDA:1294,163,1,0
BRDA:1296,164,0,0
BRDA:1296,164,1,0
BRDA:1297,165,0,0
BRDA:1297,165,1,0
BRDA:1299,166,0,0
BRDA:1299,166,1,0
BRDA:1300,167,0,0
BRDA:1300,167,1,0
BRDA:1301,168,0,0
BRDA:1301,168,1,0
BRDA:1303,169,0,0
BRDA:1303,169,1,0
BRDA:1304,170,0,0
BRDA:1304,170,1,0
BRDA:1311,171,0,0
BRDA:1311,171,1,0
BRDA:1321,172,0,0
BRDA:1321,172,1,0
BRDA:1324,173,0,0
BRDA:1324,173,1,0
BRDA:1326,174,0,0
BRDA:1326,174,1,0
BRDA:1340,175,0,0
BRDA:1340,175,1,0
BRDA:1340,176,0,0
BRDA:1340,176,1,0
BRDA:1345,177,0,0
BRDA:1345,177,1,0
BRDA:1347,178,0,0
BRDA:1347,178,1,0
BRDA:1353,179,0,0
BRDA:1353,179,1,0
BRDA:1353,180,0,0
BRDA:1353,180,1,0
BRDA:1362,181,0,0
BRDA:1362,181,1,0
BRDA:1363,182,0,0
BRDA:1363,182,1,0
BRDA:1363,182,2,0
BRDA:1363,182,3,0
BRDA:1383,183,0,0
BRDA:1383,183,1,0
BRDA:1383,184,0,0
BRDA:1383,184,1,0
BRDA:1386,185,0,0
BRDA:1386,185,1,0
BRDA:1395,186,0,0
BRDA:1395,186,1,0
BRDA:1395,187,0,0
BRDA:1395,187,1,0
BRDA:1404,188,0,0
BRDA:1404,188,1,0
BRDA:1405,189,0,0
BRDA:1405,189,1,0
BRDA:1405,189,2,0
BRDA:1420,190,0,0
BRDA:1420,190,1,0
BRDA:1440,191,0,0
BRDA:1440,191,1,0
BRDA:1442,192,0,0
BRDA:1442,192,1,0
BRDA:1442,193,0,0
BRDA:1442,193,1,0
BRDA:1448,194,0,0
BRDA:1448,194,1,0
BRDA:1450,195,0,0
BRDA:1450,195,1,0
BRDA:1455,196,0,0
BRDA:1455,196,1,0
BRDA:1457,197,0,0
BRDA:1457,197,1,0
BRDA:1459,198,0,0
BRDA:1459,198,1,0
BRDA:1459,199,0,0
BRDA:1459,199,1,0
BRDA:1464,200,0,0
BRDA:1464,200,1,0
BRDA:1471,201,0,0
BRDA:1471,201,1,0
BRDA:1485,202,0,0
BRDA:1485,202,1,0
BRDA:1486,203,0,0
BRDA:1486,203,1,0
BRDA:1495,204,0,0
BRDA:1495,204,1,0
BRDA:1496,205,0,0
BRDA:1496,205,1,0
BRDA:1501,206,0,0
BRDA:1501,206,1,0
BRDA:1505,207,0,0
BRDA:1505,207,1,0
BRDA:1506,208,0,0
BRDA:1506,208,1,0
BRDA:1531,209,0,0
BRDA:1531,209,1,0
BRDA:1539,210,0,0
BRDA:1539,210,1,0
BRDA:1539,211,0,0
BRDA:1539,211,1,0
BRDA:1548,212,0,0
BRDA:1548,212,1,0
BRDA:1558,213,0,0
BRDA:1558,213,1,0
BRDA:1560,214,0,0
BRDA:1560,214,1,0
BRDA:1565,215,0,0
BRDA:1565,215,1,0
BRDA:1569,216,0,0
BRDA:1569,216,1,0
BRDA:1575,217,0,0
BRDA:1575,217,1,0
BRDA:1576,218,0,0
BRDA:1576,218,1,0
BRDA:1580,219,0,0
BRDA:1580,219,1,0
BRDA:1581,220,0,0
BRDA:1581,220,1,0
BRDA:1588,221,0,0
BRDA:1588,221,1,0
BRDA:1591,222,0,0
BRDA:1591,222,1,0
BRDA:1597,223,0,0
BRDA:1597,223,1,0
BRDA:1621,224,0,0
BRDA:1621,224,1,0
BRDA:1624,225,0,0
BRDA:1624,225,1,0
BRDA:1627,226,0,0
BRDA:1627,226,1,0
BRDA:1627,227,0,0
BRDA:1627,227,1,0
BRDA:1633,228,0,0
BRDA:1633,228,1,0
BRDA:1637,229,0,0
BRDA:1637,229,1,0
BRDA:1637,230,0,0
BRDA:1637,230,1,0
BRDA:1652,231,0,0
BRDA:1652,231,1,0
BRDA:1702,232,0,0
BRDA:1702,232,1,0
BRDA:1708,233,0,0
BRDA:1708,233,1,0
BRDA:1738,234,0,0
BRDA:1738,234,1,0
BRDA:1747,235,0,0
BRDA:1747,235,1,0
BRDA:1753,236,0,0
BRDA:1753,236,1,0
BRDA:1756,237,0,0
BRDA:1756,237,1,0
BRDA:1762,238,0,0
BRDA:1762,238,1,0
BRDA:1768,239,0,0
BRDA:1768,239,1,0
BRDA:1776,240,0,0
BRDA:1776,240,1,0
BRDA:1776,241,0,0
BRDA:1776,241,1,0
BRDA:1785,242,0,0
BRDA:1785,242,1,0
BRDA:1790,243,0,0
BRDA:1790,243,1,0
BRDA:1793,244,0,0
BRDA:1793,244,1,0
BRDA:1793,245,0,0
BRDA:1793,245,1,0
BRDA:1801,246,0,0
BRDA:1801,246,1,0
BRDA:1803,247,0,0
BRDA:1803,247,1,0
BRDA:1810,248,0,0
BRDA:1810,248,1,0
BRDA:1817,249,0,0
BRDA:1817,249,1,0
BRDA:1820,250,0,0
BRDA:1820,250,1,0
BRDA:1822,251,0,0
BRDA:1822,251,1,0
BRDA:1825,252,0,0
BRDA:1825,252,1,0
BRDA:1826,253,0,0
BRDA:1826,253,1,0
BRDA:1826,254,0,0
BRDA:1826,254,1,0
BRDA:1826,254,2,0
BRDA:1863,255,0,0
BRDA:1863,255,1,0
BRDA:1868,256,0,0
BRDA:1868,256,1,0
BRDA:1880,257,0,0
BRDA:1880,257,1,0
BRDA:1882,258,0,0
BRDA:1882,258,1,0
BRDA:1888,259,0,0
BRDA:1888,259,1,0
BRDA:1903,260,0,0
BRDA:1903,260,1,0
BRDA:1914,261,0,0
BRDA:1914,261,1,0
BRDA:1916,262,0,0
BRDA:1916,262,1,0
BRDA:1923,263,0,0
BRDA:1923,263,1,0
BRDA:1930,264,0,0
BRDA:1930,264,1,0
BRDA:1931,265,0,0
BRDA:1931,265,1,0
BRDA:1963,266,0,0
BRDA:1963,266,1,0
BRDA:1968,267,0,0
BRDA:1968,267,1,0
BRDA:1978,268,0,0
BRDA:1978,268,1,0
BRDA:1984,269,0,0
BRDA:1984,269,1,0
BRDA:1989,270,0,0
BRDA:1989,270,1,0
BRDA:1997,271,0,0
BRDA:1997,271,1,0
BRDA:2010,272,0,0
BRDA:2010,272,1,0
BRDA:2012,273,0,0
BRDA:2012,273,1,0
BRDA:2013,274,0,0
BRDA:2013,274,1,0
BRDA:2015,275,0,0
BRDA:2015,275,1,0
BRDA:2031,276,0,0
BRDA:2031,276,1,0
BRDA:2042,277,0,0
BRDA:2042,277,1,0
BRDA:2044,278,0,0
BRDA:2044,278,1,0
BRDA:2050,279,0,0
BRDA:2050,279,1,0
BRDA:2056,280,0,0
BRDA:2056,280,1,0
BRDA:2057,281,0,0
BRDA:2057,281,1,0
BRDA:2077,282,0,0
BRDA:2077,282,1,0
BRDA:2078,283,0,0
BRDA:2078,283,1,0
BRDA:2079,284,0,0
BRDA:2079,284,1,0
BRDA:2083,285,0,0
BRDA:2083,285,1,0
BRDA:2089,286,0,0
BRDA:2089,286,1,0
BRDA:2089,287,0,0
BRDA:2089,287,1,0
BRDA:2090,288,0,0
BRDA:2090,288,1,0
BRDA:2097,289,0,0
BRDA:2097,289,1,0
BRDA:2100,290,0,0
BRDA:2100,290,1,0
BRDA:2100,291,0,0
BRDA:2100,291,1,0
BRDA:2100,291,2,0
BRDA:2105,292,0,0
BRDA:2113,293,0,0
BRDA:2113,293,1,0
BRDA:2113,294,0,0
BRDA:2113,294,1,0
BRDA:2113,294,2,0
BRDA:2113,294,3,0
BRDA:2113,294,4,0
BRDA:2115,295,0,0
BRDA:2115,295,1,0
BRDA:2116,296,0,0
BRDA:2116,296,1,0
BRDA:2117,297,0,0
BRDA:2117,297,1,0
BRDA:2118,298,0,0
BRDA:2118,298,1,0
BRDA:2118,299,0,0
BRDA:2118,299,1,0
BRDA:2122,300,0,0
BRDA:2122,300,1,0
BRDA:2123,301,0,0
BRDA:2123,301,1,0
BRDA:2125,302,0,0
BRDA:2125,302,1,0
BRDA:2127,303,0,0
BRDA:2127,303,1,0
BRDA:2131,304,0,0
BRDA:2131,304,1,0
BRDA:2134,305,0,0
BRDA:2134,305,1,0
BRDA:2148,306,0,0
BRDA:2148,306,1,0
BRDA:2151,307,0,0
BRDA:2151,307,1,0
BRDA:2154,308,0,0
BRDA:2154,308,1,0
BRDA:2157,309,0,0
BRDA:2157,309,1,0
BRDA:2169,310,0,0
BRDA:2169,310,1,0
BRDA:2169,310,2,0
BRDA:2170,311,0,0
BRDA:2170,311,1,0
BRDA:2173,312,0,0
BRDA:2173,312,1,0
BRDA:2176,313,0,0
BRDA:2176,313,1,0
BRDA:2176,314,0,0
BRDA:2176,314,1,0
BRDA:2179,315,0,0
BRDA:2179,315,1,0
BRDA:2179,316,0,0
BRDA:2179,316,1,0
BRDA:2182,317,0,0
BRDA:2182,317,1,0
BRDA:2182,318,0,0
BRDA:2182,318,1,0
BRDA:2188,319,0,0
BRDA:2188,319,1,0
BRDA:2188,320,0,0
BRDA:2188,320,1,0
BRDA:2195,321,0,0
BRDA:2195,321,1,0
BRDA:2195,322,0,0
BRDA:2195,322,1,0
BRDA:2197,323,0,0
BRDA:2197,323,1,0
BRDA:2208,324,0,0
BRDA:2208,324,1,0
BRDA:2211,325,0,0
BRDA:2211,325,1,0
BRDA:2211,326,0,0
BRDA:2211,326,1,0
BRDA:2211,326,2,0
BRDA:2212,327,0,0
BRDA:2212,327,1,0
BRDA:2213,328,0,0
BRDA:2213,328,1,0
BRDA:2213,328,2,0
BRDA:2213,328,3,0
BRDA:2225,329,0,0
BRDA:2225,329,1,0
BRDA:2234,330,0,0
BRDA:2234,330,1,0
BRDA:2242,331,0,0
BRDA:2242,331,1,0
BRDA:2243,332,0,0
BRDA:2243,332,1,0
BRDA:2278,333,0,0
BRDA:2278,333,1,0
BRDA:2288,334,0,0
BRDA:2288,334,1,0
BRDA:2289,335,0,0
BRDA:2289,335,1,0
BRDA:2295,336,0,0
BRDA:2295,336,1,0
BRDA:2296,337,0,0
BRDA:2296,337,1,0
BRDA:2297,338,0,0
BRDA:2297,338,1,0
BRDA:2299,339,0,0
BRDA:2299,339,1,0
BRDA:2300,340,0,0
BRDA:2300,340,1,0
BRDA:2301,341,0,0
BRDA:2301,341,1,0
BRDA:2302,342,0,0
BRDA:2302,342,1,0
BRDA:2309,343,0,0
BRDA:2309,343,1,0
BRDA:2313,344,0,0
BRDA:2313,344,1,0
BRDA:2321,345,0,0
BRDA:2321,345,1,0
BRDA:2321,346,0,0
BRDA:2321,346,1,0
BRDA:2324,347,0,0
BRDA:2324,347,1,0
BRDA:2324,348,0,0
BRDA:2324,348,1,0
BRDA:2327,349,0,0
BRDA:2327,349,1,0
BRDA:2328,350,0,0
BRDA:2328,350,1,0
BRDA:2328,350,2,0
BRDA:2328,350,3,0
BRDA:2335,351,0,0
BRDA:2335,351,1,0
BRDA:2335,352,0,0
BRDA:2335,352,1,0
BRDA:2338,353,0,0
BRDA:2338,353,1,0
BRDA:2338,354,0,0
BRDA:2338,354,1,0
BRDA:2341,355,0,0
BRDA:2341,355,1,0
BRDA:2346,356,0,0
BRDA:2346,356,1,0
BRDA:2346,357,0,0
BRDA:2346,357,1,0
BRDA:2349,358,0,0
BRDA:2349,358,1,0
BRDA:2352,359,0,0
BRDA:2352,359,1,0
BRDA:2352,360,0,0
BRDA:2352,360,1,0
BRDA:2355,361,0,0
BRDA:2355,361,1,0
BRDA:2361,362,0,0
BRDA:2361,362,1,0
BRDA:2364,363,0,0
BRDA:2364,363,1,0
BRDA:2370,364,0,0
BRDA:2370,364,1,0
BRDA:2371,365,0,0
BRDA:2371,365,1,0
BRDA:2376,366,0,0
BRDA:2376,366,1,0
BRDA:2376,367,0,0
BRDA:2376,367,1,0
BRDA:2379,368,0,0
BRDA:2379,368,1,0
BRDA:2391,369,0,0
BRDA:2391,369,1,0
BRDA:2400,370,0,0
BRDA:2400,370,1,0
BRDA:2400,371,0,0
BRDA:2400,371,1,0
BRDA:2402,372,0,0
BRDA:2402,372,1,0
BRDA:2402,373,0,0
BRDA:2402,373,1,0
BRDA:2404,374,0,0
BRDA:2404,374,1,0
BRDA:2405,375,0,0
BRDA:2405,375,1,0
BRDA:2405,375,2,0
BRDA:2405,375,3,0
BRDA:2411,376,0,0
BRDA:2411,376,1,0
BRDA:2411,377,0,0
BRDA:2411,377,1,0
BRDA:2413,378,0,0
BRDA:2413,378,1,0
BRDA:2413,379,0,0
BRDA:2413,379,1,0
BRDA:2415,380,0,0
BRDA:2415,380,1,0
BRDA:2419,381,0,0
BRDA:2419,381,1,0
BRDA:2419,382,0,0
BRDA:2419,382,1,0
BRDA:2421,383,0,0
BRDA:2421,383,1,0
BRDA:2423,384,0,0
BRDA:2423,384,1,0
BRDA:2423,385,0,0
BRDA:2423,385,1,0
BRDA:2425,386,0,0
BRDA:2425,386,1,0
BRDA:2429,387,0,0
BRDA:2429,387,1,0
BRDA:2432,388,0,0
BRDA:2432,388,1,0
BRDA:2438,389,0,0
BRDA:2438,389,1,0
BRDA:2439,390,0,0
BRDA:2439,390,1,0
BRDA:2442,391,0,0
BRDA:2442,391,1,0
BRDA:2442,392,0,0
BRDA:2442,392,1,0
BRDA:2445,393,0,0
BRDA:2445,393,1,0
BRDA:2457,394,0,0
BRDA:2457,394,1,0
BRDA:2466,395,0,0
BRDA:2466,395,1,0
BRDA:2467,396,0,0
BRDA:2467,396,1,0
BRDA:2483,397,0,0
BRDA:2483,397,1,0
BRDA:2505,398,0,0
BRDA:2505,398,1,0
BRDA:2507,399,0,0
BRDA:2507,399,1,0
BRDA:2524,400,0,0
BRDA:2524,400,1,0
BRDA:2524,401,0,0
BRDA:2524,401,1,0
BRDA:2526,402,0,0
BRDA:2526,402,1,0
BRDA:2535,403,0,0
BRDA:2535,403,1,0
BRDA:2550,404,0,0
BRDA:2550,404,1,0
BRDA:2550,405,0,0
BRDA:2550,405,1,0
BRDA:2551,406,0,0
BRDA:2551,406,1,0
BRDA:2554,407,0,0
BRDA:2554,407,1,0
BRDA:2555,408,0,0
BRDA:2555,408,1,0
BRDA:2555,408,2,0
BRDA:2555,408,3,0
BRDA:2555,408,4,0
BRDA:2555,408,5,0
BRDA:2586,409,0,0
BRDA:2586,409,1,0
BRDA:2588,410,0,0
BRDA:2588,410,1,0
BRDA:2590,411,0,0
BRDA:2590,411,1,0
BRDA:2597,412,0,0
BRDA:2597,412,1,0
BRDA:2599,413,0,0
BRDA:2599,413,1,0
BRDA:2600,414,0,0
BRDA:2600,414,1,0
BRDA:2611,415,0,0
BRDA:2611,415,1,0
BRDA:2616,416,0,0
BRDA:2616,416,1,0
BRDA:2622,417,0,0
BRDA:2622,417,1,0
BRDA:2623,418,0,0
BRDA:2623,418,1,0
BRDA:2629,419,0,0
BRDA:2629,419,1,0
BRDA:2638,420,0,0
BRDA:2638,420,1,0
BRDA:2638,421,0,0
BRDA:2638,421,1,0
BRDA:2639,422,0,0
BRDA:2639,422,1,0
BRDA:2639,423,0,0
BRDA:2639,423,1,0
BRDA:2641,424,0,0
BRDA:2641,424,1,0
BRDA:2647,425,0,0
BRDA:2647,425,1,0
BRDA:2650,426,0,0
BRDA:2650,426,1,0
BRDA:2662,427,0,0
BRDA:2662,427,1,0
BRDA:2663,428,0,0
BRDA:2663,428,1,0
BRDA:2663,428,2,0
BRDA:2671,429,0,0
BRDA:2671,429,1,0
BRDA:2674,430,0,0
BRDA:2674,430,1,0
BRDA:2690,431,0,0
BRDA:2690,431,1,0
BRDA:2691,432,0,0
BRDA:2691,432,1,0
BRDA:2704,433,0,0
BRDA:2704,433,1,0
BRDA:2707,434,0,0
BRDA:2707,434,1,0
BRDA:2748,435,0,0
BRDA:2748,435,1,0
BRDA:2751,436,0,0
BRDA:2751,436,1,0
BRDA:2763,437,0,0
BRDA:2763,437,1,0
BRDA:2764,438,0,0
BRDA:2764,438,1,0
BRDA:2769,439,0,0
BRDA:2769,439,1,0
BRDA:2770,440,0,0
BRDA:2770,440,1,0
BRDA:2779,441,0,0
BRDA:2779,441,1,0
BRDA:2780,442,0,0
BRDA:2780,442,1,0
BRDA:2781,443,0,0
BRDA:2781,443,1,0
BRDA:2813,444,0,0
BRDA:2813,444,1,0
BRDA:2815,445,0,0
BRDA:2815,445,1,0
BRDA:2817,446,0,0
BRDA:2817,446,1,0
BRDA:2818,447,0,0
BRDA:2818,447,1,0
BRDA:2819,448,0,0
BRDA:2819,448,1,0
BRDA:2824,449,0,0
BRDA:2824,449,1,0
BRDA:2825,450,0,0
BRDA:2825,450,1,0
BRDA:2825,451,0,0
BRDA:2825,451,1,0
BRDA:2828,452,0,0
BRDA:2828,452,1,0
BRDA:2830,453,0,0
BRDA:2830,453,1,0
BRDA:2832,454,0,0
BRDA:2832,454,1,0
BRDA:2836,455,0,0
BRDA:2836,455,1,0
BRDA:2836,456,0,0
BRDA:2836,456,1,0
BRDA:2836,456,2,0
BRDA:2842,457,0,0
BRDA:2842,457,1,0
BRDA:2842,457,2,0
BRDA:2879,458,0,0
BRDA:2879,458,1,0
BRDA:2879,459,0,0
BRDA:2879,459,1,0
BRDA:2882,460,0,0
BRDA:2882,460,1,0
BRDA:2886,461,0,0
BRDA:2886,461,1,0
BRDA:2888,462,0,0
BRDA:2888,462,1,0
BRDA:2901,463,0,0
BRDA:2901,463,1,0
BRDA:2901,464,0,0
BRDA:2901,464,1,0
BRDA:2902,465,0,0
BRDA:2902,465,1,0
BRDA:2902,466,0,0
BRDA:2902,466,1,0
BRDA:2902,466,2,0
BRDA:2904,467,0,0
BRDA:2904,467,1,0
BRDA:2904,468,0,0
BRDA:2904,468,1,0
BRDA:2904,468,2,0
BRDA:2909,469,0,0
BRDA:2909,469,1,0
BRDA:2919,470,0,0
BRDA:2919,470,1,0
BRDA:2923,471,0,0
BRDA:2923,471,1,0
BRDA:2953,472,0,0
BRDA:2953,472,1,0
BRDA:2957,473,0,0
BRDA:2957,473,1,0
BRDA:2958,474,0,0
BRDA:2958,474,1,0
BRDA:2960,475,0,0
BRDA:2960,475,1,0
BRDA:2966,476,0,0
BRDA:2966,476,1,0
BRDA:2966,476,2,0
BRDA:2970,477,0,0
BRDA:2970,477,1,0
BRDA:2971,478,0,0
BRDA:2971,478,1,0
BRDA:2972,479,0,0
BRDA:2972,479,1,0
BRDA:2974,480,0,0
BRDA:2974,480,1,0
BRDA:2976,481,0,0
BRDA:2976,481,1,0
BRDA:2984,482,0,0
BRDA:2984,482,1,0
BRDA:2990,483,0,0
BRDA:2990,483,1,0
BRDA:2990,483,2,0
BRDA:2991,484,0,0
BRDA:2991,484,1,0
BRDA:3000,485,0,0
BRDA:3000,485,1,0
BRDA:3000,485,2,0
BRDA:3003,486,0,0
BRDA:3003,486,1,0
BRDA:3007,487,0,0
BRDA:3007,487,1,0
BRDA:3007,488,0,0
BRDA:3007,488,1,0
BRDA:3009,489,0,0
BRDA:3009,489,1,0
BRDA:3024,490,0,0
BRDA:3024,490,1,0
BRDA:3030,491,0,0
BRDA:3030,491,1,0
BRDA:3031,492,0,0
BRDA:3031,492,1,0
BRDA:3031,492,2,0
BRDA:3047,493,0,0
BRDA:3047,493,1,0
BRDA:3051,494,0,0
BRDA:3051,494,1,0
BRDA:3062,495,0,0
BRDA:3062,495,1,0
BRDA:3062,496,0,0
BRDA:3062,496,1,0
BRDA:3080,497,0,0
BRDA:3080,497,1,0
BRDA:3089,498,0,0
BRDA:3089,498,1,0
BRDA:3090,499,0,0
BRDA:3090,499,1,0
BRDA:3090,500,0,0
BRDA:3090,500,1,0
BRDA:3096,501,0,0
BRDA:3096,501,1,0
BRDA:3098,502,0,0
BRDA:3098,502,1,0
BRDA:3099,503,0,0
BRDA:3099,503,1,0
BRDA:3116,504,0,0
BRDA:3116,504,1,0
BRDA:3116,504,2,0
BRDA:3117,505,0,0
BRDA:3117,505,1,0
BRDA:3117,506,0,0
BRDA:3117,506,1,0
BRDA:3120,507,0,0
BRDA:3120,507,1,0
BRDA:3120,508,0,0
BRDA:3120,508,1,0
BRDA:3121,509,0,0
BRDA:3121,509,1,0
BRDA:3123,510,0,0
BRDA:3123,510,1,0
BRDA:3125,511,0,0
BRDA:3125,511,1,0
BRDA:3131,512,0,0
BRDA:3131,512,1,0
BRDA:3131,512,2,0
BRDA:3132,513,0,0
BRDA:3132,513,1,0
BRDA:3136,514,0,0
BRDA:3136,514,1,0
BRDA:3170,515,0,0
BRDA:3170,515,1,0
BRDA:3171,516,0,0
BRDA:3171,516,1,0
BRDA:3174,517,0,0
BRDA:3174,517,1,0
BRDA:3175,518,0,0
BRDA:3175,518,1,0
BRDA:3177,519,0,0
BRDA:3177,519,1,0
BRDA:3177,520,0,0
BRDA:3177,520,1,0
BRDA:3183,521,0,0
BRDA:3183,521,1,0
BRDA:3183,522,0,0
BRDA:3183,522,1,0
BRDA:3189,523,0,0
BRDA:3189,523,1,0
BRDA:3189,524,0,0
BRDA:3189,524,1,0
BRDA:3195,525,0,0
BRDA:3195,525,1,0
BRDA:3196,526,0,0
BRDA:3196,526,1,0
BRDA:3196,526,2,0
BRDA:3212,527,0,0
BRDA:3212,527,1,0
BRDA:3213,528,0,0
BRDA:3213,528,1,0
BRDA:3216,529,0,0
BRDA:3216,529,1,0
BRDA:3216,530,0,0
BRDA:3216,530,1,0
BRDA:3247,531,0,0
BRDA:3247,531,1,0
BRDA:3248,532,0,0
BRDA:3248,532,1,0
BRDA:3249,533,0,0
BRDA:3249,533,1,0
BRDA:3255,534,0,0
BRDA:3255,534,1,0
BRDA:3262,535,0,0
BRDA:3262,535,1,0
BRDA:3262,535,2,0
BRDA:3262,535,3,0
BRDA:3262,535,4,0
BRDA:3262,535,5,0
BRDA:3267,536,0,0
BRDA:3267,536,1,0
BRDA:3272,537,0,0
BRDA:3272,537,1,0
BRDA:3273,538,0,0
BRDA:3273,538,1,0
BRDA:3280,539,0,0
BRDA:3280,539,1,0
BRDA:3281,540,0,0
BRDA:3281,540,1,0
BRDA:3288,541,0,0
BRDA:3288,541,1,0
BRDA:3288,542,0,0
BRDA:3288,542,1,0
BRDA:3294,543,0,0
BRDA:3294,543,1,0
BRDA:3302,544,0,0
BRDA:3302,544,1,0
BRDA:3304,545,0,0
BRDA:3304,545,1,0
BRDA:3308,546,0,0
BRDA:3308,546,1,0
BRDA:3308,547,0,0
BRDA:3308,547,1,0
BRDA:3308,547,2,0
BRDA:3308,547,3,0
BRDA:3310,548,0,0
BRDA:3310,548,1,0
BRDA:3313,549,0,0
BRDA:3313,549,1,0
BRDA:3316,550,0,0
BRDA:3316,550,1,0
BRDA:3319,551,0,0
BRDA:3319,551,1,0
BRDA:3323,552,0,0
BRDA:3323,552,1,0
BRDA:3326,553,0,0
BRDA:3326,553,1,0
BRDA:3328,554,0,0
BRDA:3328,554,1,0
BRDA:3330,555,0,0
BRDA:3330,555,1,0
BRDA:3330,556,0,0
BRDA:3330,556,1,0
BRDA:3334,557,0,0
BRDA:3334,557,1,0
BRDA:3341,558,0,0
BRDA:3341,558,1,0
BRDA:3341,559,0,0
BRDA:3341,559,1,0
BRDA:3342,560,0,0
BRDA:3342,560,1,0
BRDA:3343,561,0,0
BRDA:3343,561,1,0
BRDA:3351,562,0,0
BRDA:3351,562,1,0
BRDA:3351,563,0,0
BRDA:3351,563,1,0
BRDA:3354,564,0,0
BRDA:3354,564,1,0
BRDA:3367,565,0,0
BRDA:3367,565,1,0
BRDA:3369,566,0,0
BRDA:3369,566,1,0
BRDA:3370,567,0,0
BRDA:3370,567,1,0
BRDA:3371,568,0,0
BRDA:3371,568,1,0
BRDA:3372,569,0,0
BRDA:3372,569,1,0
BRDA:3374,570,0,0
BRDA:3374,570,1,0
BRDA:3382,571,0,0
BRDA:3382,571,1,0
BRDA:3384,572,0,0
BRDA:3384,572,1,0
BRDA:3391,573,0,0
BRDA:3391,573,1,0
BRDA:3391,574,0,0
BRDA:3391,574,1,0
BRDA:3393,575,0,0
BRDA:3393,575,1,0
BRDA:3399,576,0,0
BRDA:3399,576,1,0
BRDA:3422,577,0,0
BRDA:3422,577,1,0
BRDA:3422,578,0,0
BRDA:3422,578,1,0
BRDA:3422,578,2,0
BRDA:3422,578,3,0
BRDA:3426,579,0,0
BRDA:3426,579,1,0
BRDA:3428,580,0,0
BRDA:3428,580,1,0
BRDA:3430,581,0,0
BRDA:3430,581,1,0
BRDA:3436,582,0,0
BRDA:3436,582,1,0
BRDA:3436,582,2,0
BRDA:3436,582,3,0
BRDA:3448,583,0,0
BRDA:3448,583,1,0
BRDA:3464,584,0,0
BRDA:3464,584,1,0
BRDA:3464,585,0,0
BRDA:3464,585,1,0
BRDA:3464,585,2,0
BRDA:3472,586,0,0
BRDA:3472,586,1,0
BRDA:3473,587,0,0
BRDA:3473,587,1,0
BRDA:3479,588,0,0
BRDA:3479,588,1,0
BRDA:3479,589,0,0
BRDA:3479,589,1,0
BRDA:3481,590,0,0
BRDA:3481,590,1,0
BRDA:3495,591,0,0
BRDA:3495,591,1,0
BRDA:3532,592,0,0
BRDA:3532,592,1,0
BRDA:3532,593,0,0
BRDA:3532,593,1,0
BRDA:3537,594,0,0
BRDA:3537,594,1,0
BRDA:3537,595,0,0
BRDA:3537,595,1,0
BRDA:3542,596,0,0
BRDA:3542,596,1,0
BRDA:3549,597,0,0
BRDA:3549,597,1,0
BRDA:3549,598,0,0
BRDA:3549,598,1,0
BRDA:3554,599,0,0
BRDA:3554,599,1,0
BRDA:3554,600,0,0
BRDA:3554,600,1,0
BRDA:3572,601,0,0
BRDA:3572,601,1,0
BRDA:3572,602,0,0
BRDA:3572,602,1,0
BRDA:3577,603,0,0
BRDA:3577,603,1,0
BRDA:3577,604,0,0
BRDA:3577,604,1,0
BRDA:3582,605,0,0
BRDA:3582,605,1,0
BRDA:3587,606,0,0
BRDA:3587,606,1,0
BRDA:3587,607,0,0
BRDA:3587,607,1,0
BRDA:3593,608,0,0
BRDA:3593,608,1,0
BRDA:3593,609,0,0
BRDA:3593,609,1,0
BRDA:3598,610,0,0
BRDA:3598,610,1,0
BRDA:3598,611,0,0
BRDA:3598,611,1,0
BRDA:3603,612,0,0
BRDA:3603,612,1,0
BRDA:3603,613,0,0
BRDA:3603,613,1,0
BRDA:3608,614,0,0
BRDA:3608,614,1,0
BRDA:3608,615,0,0
BRDA:3608,615,1,0
BRDA:3629,616,0,0
BRDA:3630,617,0,0
BRDA:3631,618,0,0
BRDA:3645,619,0,0
BRDA:3645,619,1,0
BRDA:3645,620,0,0
BRDA:3645,620,1,0
BRDA:3646,621,0,0
BRDA:3646,621,1,0
BRDA:3656,622,0,0
BRDA:3656,622,1,0
BRDA:3675,623,0,0
BRDA:3675,623,1,0
BRDA:3680,624,0,0
BRDA:3680,624,1,0
BRDA:3680,625,0,0
BRDA:3680,625,1,0
BRDA:3680,625,2,0
BRDA:3680,625,3,0
BRDA:3682,626,0,0
BRDA:3682,626,1,0
BRDA:3683,627,0,0
BRDA:3683,627,1,0
BRDA:3684,628,0,0
BRDA:3684,628,1,0
BRDA:3684,628,2,0
BRDA:3684,628,3,0
BRDA:3689,629,0,0
BRDA:3689,629,1,0
BRDA:3690,630,0,0
BRDA:3690,630,1,0
BRDA:3694,631,0,0
BRDA:3694,631,1,0
BRDA:3697,632,0,0
BRDA:3697,632,1,0
BRDA:3715,633,0,0
BRDA:3715,633,1,0
BRDA:3716,634,0,0
BRDA:3716,634,1,0
BRDA:3716,634,2,0
BRDA:3716,634,3,0
BRDA:3716,634,4,0
BRDA:3723,635,0,0
BRDA:3723,635,1,0
BRDA:3724,636,0,0
BRDA:3724,636,1,0
BRDA:3725,637,0,0
BRDA:3725,637,1,0
BRDA:3726,638,0,0
BRDA:3726,638,1,0
BRDA:3727,639,0,0
BRDA:3727,639,1,0
BRDA:3728,640,0,0
BRDA:3728,640,1,0
BRDA:3731,641,0,0
BRDA:3731,641,1,0
BRDA:3731,642,0,0
BRDA:3731,642,1,0
BRDA:3733,643,0,0
BRDA:3733,643,1,0
BRDA:3733,644,0,0
BRDA:3733,644,1,0
BRDA:3743,645,0,0
BRDA:3743,645,1,0
BRDA:3768,646,0,0
BRDA:3768,646,1,0
BRDA:3771,647,0,0
BRDA:3771,647,1,0
BRDA:3772,648,0,0
BRDA:3772,648,1,0
BRDA:3774,649,0,0
BRDA:3774,649,1,0
BRDA:3776,650,0,0
BRDA:3776,650,1,0
BRDA:3778,651,0,0
BRDA:3778,651,1,0
BRDA:3781,652,0,0
BRDA:3781,652,1,0
BRDA:3783,653,0,0
BRDA:3783,653,1,0
BRDA:3785,654,0,0
BRDA:3785,654,1,0
BRDA:3786,655,0,0
BRDA:3786,655,1,0
BRDA:3789,656,0,0
BRDA:3789,656,1,0
BRDA:3789,657,0,0
BRDA:3789,657,1,0
BRDA:3791,658,0,0
BRDA:3791,658,1,0
BRDA:3793,659,0,0
BRDA:3793,659,1,0
BRDA:3793,660,0,0
BRDA:3793,660,1,0
BRDA:3795,661,0,0
BRDA:3795,661,1,0
BRDA:3796,662,0,0
BRDA:3796,662,1,0
BRDA:3796,662,2,0
BRDA:3801,663,0,0
BRDA:3801,663,1,0
BRDA:3807,664,0,0
BRDA:3807,664,1,0
BRDA:3807,664,2,0
BRDA:3809,665,0,0
BRDA:3809,665,1,0
BRDA:3810,666,0,0
BRDA:3810,666,1,0
BRDA:3812,667,0,0
BRDA:3812,667,1,0
BRDA:3814,668,0,0
BRDA:3814,668,1,0
BRDA:3827,669,0,0
BRDA:3827,669,1,0
BRDA:3827,670,0,0
BRDA:3827,670,1,0
BRDA:3830,671,0,0
BRDA:3830,671,1,0
BRDA:3841,672,0,0
BRDA:3841,672,1,0
BRDA:3841,673,0,0
BRDA:3841,673,1,0
BRDA:3847,674,0,0
BRDA:3847,674,1,0
BRDA:3847,675,0,0
BRDA:3847,675,1,0
BRDA:3851,676,0,0
BRDA:3851,676,1,0
BRDA:3852,677,0,0
BRDA:3852,677,1,0
BRDA:3854,678,0,0
BRDA:3854,678,1,0
BRDA:3857,679,0,0
BRDA:3857,679,1,0
BRDA:3858,680,0,0
BRDA:3858,680,1,0
BRDA:3860,681,0,0
BRDA:3860,681,1,0
BRDA:3860,682,0,0
BRDA:3860,682,1,0
BRDA:3862,683,0,0
BRDA:3862,683,1,0
BRDA:3863,684,0,0
BRDA:3863,684,1,0
BRDA:3863,684,2,0
BRDA:3871,685,0,0
BRDA:3871,685,1,0
BRDA:3878,686,0,0
BRDA:3878,686,1,0
BRDA:3882,687,0,0
BRDA:3882,687,1,0
BRDA:3883,688,0,0
BRDA:3883,688,1,0
BRDA:3891,689,0,0
BRDA:3891,689,1,0
BRDA:3894,690,0,0
BRDA:3894,690,1,0
BRDA:3897,691,0,0
BRDA:3897,691,1,0
BRDA:3897,692,0,0
BRDA:3897,692,1,0
BRDA:3898,693,0,0
BRDA:3898,693,1,0
BRDA:3898,694,0,0
BRDA:3898,694,1,0
BRDA:3898,694,2,0
BRDA:3904,695,0,0
BRDA:3904,695,1,0
BRDA:3906,696,0,0
BRDA:3906,696,1,0
BRDA:3925,697,0,0
BRDA:3925,697,1,0
BRDA:3925,698,0,0
BRDA:3925,698,1,0
BRDA:3940,699,0,0
BRDA:3940,699,1,0
BRDA:3940,700,0,0
BRDA:3940,700,1,0
BRDA:3954,701,0,0
BRDA:3954,701,1,0
BRDA:3956,702,0,0
BRDA:3956,702,1,0
BRDA:3957,703,0,0
BRDA:3957,703,1,0
BRDA:3958,704,0,0
BRDA:3958,704,1,0
BRDA:3960,705,0,0
BRDA:3960,705,1,0
BRDA:3974,706,0,0
BRDA:3974,706,1,0
BRDA:3985,707,0,0
BRDA:3985,707,1,0
BRDA:3987,708,0,0
BRDA:3987,708,1,0
BRDA:3989,709,0,0
BRDA:3989,709,1,0
BRDA:3991,710,0,0
BRDA:3991,710,1,0
BRDA:3994,711,0,0
BRDA:3994,711,1,0
BRDA:3995,712,0,0
BRDA:3995,712,1,0
BRDA:3996,713,0,0
BRDA:3996,713,1,0
BRDA:4018,714,0,0
BRDA:4019,715,0,0
BRDA:4020,716,0,0
BRDA:4021,717,0,0
BRDA:4027,718,0,0
BRDA:4027,718,1,0
BRDA:4028,719,0,0
BRDA:4028,719,1,0
BRDA:4043,720,0,0
BRDA:4043,720,1,0
BRDA:4065,721,0,0
BRDA:4065,721,1,0
BRDA:4065,722,0,0
BRDA:4065,722,1,0
BRDA:4068,723,0,0
BRDA:4068,723,1,0
BRDA:4073,724,0,0
BRDA:4073,724,1,0
BRDA:4073,725,0,0
BRDA:4073,725,1,0
BRDA:4075,726,0,0
BRDA:4075,726,1,0
BRDA:4077,727,0,0
BRDA:4077,727,1,0
BRDA:4079,728,0,0
BRDA:4079,728,1,0
BRDA:4092,729,0,0
BRDA:4092,729,1,0
BRDA:4124,730,0,0
BRDA:4124,730,1,0
BRDA:4124,731,0,0
BRDA:4124,731,1,0
BRDA:4126,732,0,0
BRDA:4126,732,1,0
BRDA:4127,733,0,0
BRDA:4127,733,1,0
BRDA:4184,734,0,0
BRDA:4184,734,1,0
BRDA:4191,735,0,0
BRDA:4191,735,1,0
BRDA:4197,736,0,0
BRDA:4197,736,1,0
BRDA:4213,737,0,0
BRDA:4213,737,1,0
BRDA:4216,738,0,0
BRDA:4216,738,1,0
BRDA:4224,739,0,0
BRDA:4224,739,1,0
BRDA:4241,740,0,0
BRDA:4241,740,1,0
BRDA:4249,741,0,0
BRDA:4249,741,1,0
BRDA:4249,742,0,0
BRDA:4249,742,1,0
BRDA:4249,742,2,0
BRDA:4251,743,0,0
BRDA:4251,743,1,0
BRDA:4251,744,0,0
BRDA:4251,744,1,0
BRDA:4253,745,0,0
BRDA:4253,745,1,0
BRDA:4258,746,0,0
BRDA:4258,746,1,0
BRDA:4262,747,0,0
BRDA:4262,747,1,0
BRDA:4267,748,0,0
BRDA:4267,748,1,0
BRDA:4268,749,0,0
BRDA:4268,749,1,0
BRDA:4275,750,0,0
BRDA:4275,750,1,0
BRDA:4276,751,0,0
BRDA:4276,751,1,0
BRDA:4278,752,0,0
BRDA:4278,752,1,0
BRDA:4291,753,0,0
BRDA:4291,753,1,0
BRDA:4299,754,0,0
BRDA:4299,754,1,0
BRDA:4316,755,0,0
BRDA:4316,755,1,0
BRDA:4322,756,0,0
BRDA:4322,756,1,0
BRDA:4332,757,0,0
BRDA:4332,757,1,0
BRDA:4332,758,0,0
BRDA:4332,758,1,0
BRDA:4333,759,0,0
BRDA:4333,759,1,0
BRDA:4333,760,0,0
BRDA:4333,760,1,0
BRDA:4334,761,0,0
BRDA:4334,761,1,0
BRDA:4357,762,0,0
BRDA:4363,763,0,0
BRDA:4363,763,1,0
BRDA:4365,764,0,0
BRDA:4365,764,1,0
BRDA:4367,765,0,0
BRDA:4367,765,1,0
BRDA:4370,766,0,0
BRDA:4370,766,1,0
BRDA:4392,767,0,0
BRDA:4392,767,1,0
BRDA:4398,768,0,0
BRDA:4398,768,1,0
BRDA:4405,769,0,0
BRDA:4405,769,1,0
BRDA:4415,770,0,0
BRDA:4415,770,1,0
BRDA:4417,771,0,0
BRDA:4417,771,1,0
BRDA:4419,772,0,0
BRDA:4419,772,1,0
BRDA:4428,773,0,0
BRDA:4428,773,1,0
BRDA:4443,774,0,0
BRDA:4443,774,1,0
BRDA:4487,775,0,0
BRDA:4487,775,1,0
BRDA:4491,776,0,0
BRDA:4491,776,1,0
BRDA:4491,777,0,0
BRDA:4491,777,1,0
BRDA:4496,778,0,0
BRDA:4496,778,1,0
BRDA:4496,779,0,0
BRDA:4496,779,1,0
BRDA:4498,780,0,0
BRDA:4498,780,1,0
BRDA:4498,781,0,0
BRDA:4498,781,1,0
BRDA:4505,782,0,0
BRDA:4505,782,1,0
BRDA:4516,783,0,0
BRDA:4516,783,1,0
BRDA:4518,784,0,0
BRDA:4518,784,1,0
BRDA:4520,785,0,0
BRDA:4520,785,1,0
BRDA:4523,786,0,0
BRDA:4523,786,1,0
BRDA:4526,787,0,0
BRDA:4526,787,1,0
BRDA:4549,788,0,0
BRDA:4549,788,1,0
BRDA:4551,789,0,0
BRDA:4551,789,1,0
BRDA:4552,790,0,0
BRDA:4552,790,1,0
BRDA:4568,791,0,0
BRDA:4568,791,1,0
BRDA:4573,792,0,0
BRDA:4573,792,1,0
BRDA:4631,793,0,0
BRDA:4631,793,1,0
BRDA:4651,794,0,0
BRDA:4651,794,1,0
BRDA:4656,795,0,0
BRDA:4656,795,1,0
BRDA:4701,796,0,0
BRDA:4701,796,1,0
BRDA:4766,797,0,0
BRDA:4766,797,1,0
BRDA:4814,798,0,0
BRDA:4814,798,1,0
BRDA:4816,799,0,0
BRDA:4816,799,1,0
BRDA:4828,800,0,0
BRDA:4828,800,1,0
BRDA:4836,801,0,0
BRDA:4836,801,1,0
BRDA:4836,802,0,0
BRDA:4836,802,1,0
BRDA:4839,803,0,0
BRDA:4839,803,1,0
BRDA:4839,804,0,0
BRDA:4839,804,1,0
BRDA:4842,805,0,0
BRDA:4842,805,1,0
BRDA:4842,806,0,0
BRDA:4842,806,1,0
BRDA:4855,807,0,0
BRDA:4855,807,1,0
BRDA:4861,808,0,0
BRDA:4861,808,1,0
BRDA:4862,809,0,0
BRDA:4862,809,1,0
BRDA:4865,810,0,0
BRDA:4865,810,1,0
BRDA:4873,811,0,0
BRDA:4873,811,1,0
BRDA:4878,812,0,0
BRDA:4878,812,1,0
BRDA:4879,813,0,0
BRDA:4879,813,1,0
BRDA:4883,814,0,0
BRDA:4883,814,1,0
BRDA:4891,815,0,0
BRDA:4891,815,1,0
BRDA:4899,816,0,0
BRDA:4899,816,1,0
BRDA:4901,817,0,0
BRDA:4901,817,1,0
BRDA:4903,818,0,0
BRDA:4903,818,1,0
BRDA:4909,819,0,0
BRDA:4909,819,1,0
BRDA:4911,820,0,0
BRDA:4911,820,1,0
BRDA:4917,821,0,0
BRDA:4917,821,1,0
BRDA:4919,822,0,0
BRDA:4919,822,1,0
BRDA:4930,823,0,0
BRDA:4930,823,1,0
BRDA:4942,824,0,0
BRDA:4942,824,1,0
BRDA:4942,825,0,0
BRDA:4942,825,1,0
BRDA:4942,825,2,0
BRDA:4942,825,3,0
BRDA:4946,826,0,0
BRDA:4946,826,1,0
BRDA:4953,827,0,0
BRDA:4953,827,1,0
BRDA:4954,828,0,0
BRDA:4954,828,1,0
BRDA:4964,829,0,0
BRDA:4964,829,1,0
BRDA:4965,830,0,0
BRDA:4965,830,1,0
BRDA:4981,831,0,0
BRDA:4981,831,1,0
BRDA:4981,832,0,0
BRDA:4981,832,1,0
BRDA:4981,832,2,0
BRDA:5002,833,0,0
BRDA:5002,833,1,0
BRDA:5002,834,0,0
BRDA:5002,834,1,0
BRDA:5002,834,2,0
BRDA:5027,835,0,0
BRDA:5027,835,1,0
BRDA:5029,836,0,0
BRDA:5029,836,1,0
BRDA:5046,837,0,0
BRDA:5046,837,1,0
BRDA:5061,838,0,0
BRDA:5061,838,1,0
BRDA:5061,839,0,0
BRDA:5061,839,1,0
BRDA:5061,839,2,0
BRDA:5061,839,3,0
BRDA:5065,840,0,0
BRDA:5065,840,1,0
BRDA:5072,841,0,0
BRDA:5072,841,1,0
BRDA:5073,842,0,0
BRDA:5073,842,1,0
BRDA:5083,843,0,0
BRDA:5083,843,1,0
BRDA:5084,844,0,0
BRDA:5084,844,1,0
BRDA:5090,845,0,0
BRDA:5090,845,1,0
BRDA:5092,846,0,0
BRDA:5092,846,1,0
BRDA:5093,847,0,0
BRDA:5093,847,1,0
BRDA:5096,848,0,0
BRDA:5096,848,1,0
BRDA:5101,849,0,0
BRDA:5101,849,1,0
BRDA:5113,850,0,0
BRDA:5113,850,1,0
BRDA:5114,851,0,0
BRDA:5114,851,1,0
BRDA:5114,852,0,0
BRDA:5114,852,1,0
BRDA:5130,853,0,0
BRDA:5130,853,1,0
BRDA:5132,854,0,0
BRDA:5132,854,1,0
BRDA:5134,855,0,0
BRDA:5134,855,1,0
BRDA:5138,856,0,0
BRDA:5138,856,1,0
BRDA:5139,857,0,0
BRDA:5139,857,1,0
BRDA:5146,858,0,0
BRDA:5146,858,1,0
BRDA:5166,859,0,0
BRDA:5166,859,1,0
BRDA:5167,860,0,0
BRDA:5167,860,1,0
BRDA:5168,861,0,0
BRDA:5168,861,1,0
BRDA:5169,862,0,0
BRDA:5169,862,1,0
BRDA:5170,863,0,0
BRDA:5170,863,1,0
BRDA:5171,864,0,0
BRDA:5171,864,1,0
BRDA:5201,865,0,0
BRDA:5201,865,1,0
BRDA:5202,866,0,0
BRDA:5202,866,1,0
BRDA:5203,867,0,0
BRDA:5203,867,1,0
BRDA:5204,868,0,0
BRDA:5204,868,1,0
BRDA:5205,869,0,0
BRDA:5205,869,1,0
BRDA:5235,870,0,0
BRDA:5235,870,1,0
BRDA:5246,871,0,0
BRDA:5249,872,0,0
BRDA:5249,872,1,0
BRDA:5262,873,0,0
BRDA:5262,873,1,0
BRDA:5303,874,0,0
BRDA:5303,874,1,0
BRDA:5305,875,0,0
BRDA:5305,875,1,0
BRDA:5307,876,0,0
BRDA:5307,876,1,0
BRDA:5311,877,0,0
BRDA:5311,877,1,0
BRDA:5312,878,0,0
BRDA:5312,878,1,0
BRDA:5335,879,0,0
BRDA:5335,879,1,0
BRDA:5344,880,0,0
BRDA:5344,880,1,0
BRDA:5377,881,0,0
BRDA:5377,881,1,0
BRDA:5380,882,0,0
BRDA:5380,882,1,0
BRDA:5425,883,0,0
BRDA:5425,883,1,0
BRDA:5425,884,0,0
BRDA:5425,884,1,0
BRDA:5516,885,0,0
BRDA:5516,885,1,0
BRDA:5518,886,0,0
BRDA:5518,886,1,0
BRDA:5520,887,0,0
BRDA:5520,887,1,0
BRDA:5524,888,0,0
BRDA:5524,888,1,0
BRDA:5524,889,0,0
BRDA:5524,889,1,0
BRDA:5573,890,0,0
BRDA:5573,890,1,0
BRDA:5575,891,0,0
BRDA:5575,891,1,0
BRDA:5587,892,0,0
BRDA:5587,892,1,0
BRDA:5606,893,0,0
BRDA:5606,893,1,0
BRDA:5650,894,0,0
BRDA:5650,894,1,0
BRDA:5653,895,0,0
BRDA:5653,895,1,0
BRDA:5668,896,0,0
BRDA:5668,896,1,0
BRDA:5674,897,0,0
BRDA:5674,897,1,0
BRDA:5681,898,0,0
BRDA:5681,898,1,0
BRDA:5686,899,0,0
BRDA:5686,899,1,0
BRDA:5689,900,0,0
BRDA:5689,900,1,0
BRDA:5696,901,0,0
BRDA:5696,901,1,0
BRDA:5703,902,0,0
BRDA:5703,902,1,0
BRDA:5757,903,0,0
BRDA:5757,903,1,0
BRDA:5759,904,0,0
BRDA:5759,904,1,0
BRDA:5759,905,0,0
BRDA:5759,905,1,0
BRDA:5762,906,0,0
BRDA:5762,906,1,0
BRDA:5762,907,0,0
BRDA:5762,907,1,0
BRDA:5773,908,0,0
BRDA:5773,908,1,0
BRDA:5773,909,0,0
BRDA:5773,909,1,0
BRDA:5778,910,0,0
BRDA:5778,910,1,0
BRDA:5778,911,0,0
BRDA:5778,911,1,0
BRDA:5779,912,0,0
BRDA:5779,912,1,0
BRDA:5779,913,0,0
BRDA:5779,913,1,0
BRDA:5779,913,2,0
BRDA:5784,914,0,0
BRDA:5784,914,1,0
BRDA:5785,915,0,0
BRDA:5785,915,1,0
BRDA:5806,916,0,0
BRDA:5806,916,1,0
BRDA:5806,917,0,0
BRDA:5806,917,1,0
BRDA:5806,917,2,0
BRDA:5808,918,0,0
BRDA:5808,918,1,0
BRDA:5815,919,0,0
BRDA:5815,919,1,0
BRDA:5818,920,0,0
BRDA:5818,920,1,0
BRDA:5819,921,0,0
BRDA:5819,921,1,0
BRDA:5820,922,0,0
BRDA:5820,922,1,0
BRDA:5829,923,0,0
BRDA:5829,923,1,0
BRDA:5835,924,0,0
BRDA:5835,924,1,0
BRDA:5836,925,0,0
BRDA:5836,925,1,0
BRDA:5843,926,0,0
BRDA:5843,926,1,0
BRDA:5850,927,0,0
BRDA:5850,927,1,0
BRDA:5851,928,0,0
BRDA:5851,928,1,0
BRDA:5856,929,0,0
BRDA:5856,929,1,0
BRDA:5857,930,0,0
BRDA:5857,930,1,0
BRDA:5862,931,0,0
BRDA:5862,931,1,0
BRDA:5869,932,0,0
BRDA:5869,932,1,0
BRDA:5882,933,0,0
BRDA:5882,933,1,0
BRDA:5926,934,0,0
BRDA:5926,934,1,0
BRDA:5929,935,0,0
BRDA:5929,935,1,0
BRDA:5932,936,0,0
BRDA:5932,936,1,0
BRDA:5935,937,0,0
BRDA:5935,937,1,0
BRDA:5945,938,0,0
BRDA:5945,938,1,0
BRDA:5958,939,0,0
BRDA:5958,939,1,0
BRDA:5961,940,0,0
BRDA:5961,940,1,0
BRDA:5964,941,0,0
BRDA:5964,941,1,0
BRDA:5967,942,0,0
BRDA:5967,942,1,0
BRDA:5970,943,0,0
BRDA:5970,943,1,0
BRDA:5990,944,0,0
BRDA:5990,944,1,0
BRDA:5997,945,0,0
BRDA:5997,945,1,0
BRDA:6008,946,0,0
BRDA:6008,946,1,0
BRDA:6015,947,0,0
BRDA:6015,947,1,0
BRDA:6016,948,0,0
BRDA:6016,948,1,0
BRDA:6016,948,2,0
BRDA:6035,949,0,0
BRDA:6035,949,1,0
BRDA:6036,950,0,0
BRDA:6036,950,1,0
BRDA:6042,951,0,0
BRDA:6042,951,1,0
BRDA:6045,952,0,0
BRDA:6045,952,1,0
BRDA:6046,953,0,0
BRDA:6046,953,1,0
BRDA:6052,954,0,0
BRDA:6052,954,1,0
BRDA:6069,955,0,0
BRDA:6069,955,1,0
BRDA:6072,956,0,0
BRDA:6072,956,1,0
BRDA:6074,957,0,0
BRDA:6074,957,1,0
BRDA:6077,958,0,0
BRDA:6077,958,1,0
BRDA:6081,959,0,0
BRDA:6081,959,1,0
BRDA:6084,960,0,0
BRDA:6084,960,1,0
BRDA:6084,961,0,0
BRDA:6084,961,1,0
BRDA:6103,962,0,0
BRDA:6103,962,1,0
BRDA:6110,963,0,0
BRDA:6110,963,1,0
BRDA:6116,964,0,0
BRDA:6116,964,1,0
BRDA:6120,965,0,0
BRDA:6120,965,1,0
BRDA:6121,966,0,0
BRDA:6121,966,1,0
BRDA:6122,967,0,0
BRDA:6122,967,1,0
BRDA:6122,968,0,0
BRDA:6122,968,1,0
BRDA:6133,969,0,0
BRDA:6133,969,1,0
BRDA:6133,970,0,0
BRDA:6133,970,1,0
BRDA:6144,971,0,0
BRDA:6144,971,1,0
BRDA:6168,972,0,0
BRDA:6168,972,1,0
BRDA:6169,973,0,0
BRDA:6169,973,1,0
BRDA:6170,974,0,0
BRDA:6170,974,1,0
BRDA:6172,975,0,0
BRDA:6172,975,1,0
BRDA:6175,976,0,0
BRDA:6175,976,1,0
BRDA:6177,977,0,0
BRDA:6177,977,1,0
BRDA:6189,978,0,0
BRDA:6189,978,1,0
BRDA:6189,979,0,0
BRDA:6189,979,1,0
BRDA:6192,980,0,0
BRDA:6192,980,1,0
BRDA:6195,981,0,0
BRDA:6195,981,1,0
BRDA:6239,982,0,0
BRDA:6239,982,1,0
BRDA:6256,983,0,0
BRDA:6256,983,1,0
BRDA:6274,984,0,0
BRDA:6274,984,1,0
BRDA:6274,985,0,0
BRDA:6274,985,1,0
BRDA:6320,986,0,0
BRDA:6320,986,1,0
BRDA:6322,987,0,0
BRDA:6322,987,1,0
BRDA:6325,988,0,0
BRDA:6325,988,1,0
BRDA:6326,989,0,0
BRDA:6326,989,1,0
BRDA:6332,990,0,0
BRDA:6332,990,1,0
BRDA:6338,991,0,0
BRDA:6338,991,1,0
BRDA:6367,992,0,0
BRDA:6367,992,1,0
BRDA:6385,993,0,0
BRDA:6385,993,1,0
BRDA:6394,994,0,0
BRDA:6394,994,1,0
BRDA:6440,995,0,0
BRDA:6440,995,1,0
BRDA:6448,996,0,0
BRDA:6448,996,1,0
BRDA:6572,997,0,0
BRDA:6572,997,1,0
BRDA:6835,998,0,0
BRDA:6835,998,1,0
BRDA:6868,999,0,0
BRDA:6868,999,1,0
BRDA:6868,1000,0,0
BRDA:6868,1000,1,0
BRDA:6944,1001,0,0
BRDA:6944,1001,1,0
BRDA:6966,1002,0,0
BRDA:6966,1002,1,0
BRDA:7008,1003,0,0
BRDA:7008,1003,1,0
BRDA:7011,1004,0,0
BRDA:7011,1004,1,0
BRDA:7018,1005,0,0
BRDA:7018,1005,1,0
BRDA:7027,1006,0,0
BRDA:7027,1006,1,0
BRDA:7027,1007,0,0
BRDA:7027,1007,1,0
BRDA:7027,1007,2,0
BRDA:7040,1008,0,0
BRDA:7040,1008,1,0
BRDA:7043,1009,0,0
BRDA:7043,1009,1,0
BRDA:7047,1010,0,0
BRDA:7047,1010,1,0
BRDA:7051,1011,0,0
BRDA:7051,1011,1,0
BRDA:7056,1012,0,0
BRDA:7056,1012,1,0
BRDA:7060,1013,0,0
BRDA:7060,1013,1,0
BRDA:7064,1014,0,0
BRDA:7064,1014,1,0
BRDA:7068,1015,0,0
BRDA:7068,1015,1,0
BRDA:7073,1016,0,0
BRDA:7073,1016,1,0
BRDA:7073,1017,0,0
BRDA:7073,1017,1,0
BRDA:7108,1018,0,0
BRDA:7108,1018,1,0
BRDA:7111,1019,0,0
BRDA:7111,1019,1,0
BRDA:7116,1020,0,0
BRDA:7116,1020,1,0
BRDA:7118,1021,0,0
BRDA:7118,1021,1,0
BRDA:7130,1022,0,0
BRDA:7130,1022,1,0
BRDA:7133,1023,0,0
BRDA:7133,1023,1,0
BRDA:7137,1024,0,0
BRDA:7137,1024,1,0
BRDA:7139,1025,0,0
BRDA:7139,1025,1,0
BRDA:7141,1026,0,0
BRDA:7141,1026,1,0
BRDA:7152,1027,0,0
BRDA:7152,1027,1,0
BRDA:7152,1028,0,0
BRDA:7152,1028,1,0
BRDA:7164,1029,0,0
BRDA:7164,1029,1,0
BRDA:7180,1030,0,0
BRDA:7180,1030,1,0
BRDA:7182,1031,0,0
BRDA:7182,1031,1,0
BRDA:7184,1032,0,0
BRDA:7184,1032,1,0
BRDA:7188,1033,0,0
BRDA:7188,1033,1,0
BRDA:7190,1034,0,0
BRDA:7190,1034,1,0
BRDA:7191,1035,0,0
BRDA:7191,1035,1,0
BRDA:7194,1036,0,0
BRDA:7194,1036,1,0
BRDA:7212,1037,0,0
BRDA:7212,1037,1,0
BRDA:7217,1038,0,0
BRDA:7217,1038,1,0
BRDA:7225,1039,0,0
BRDA:7225,1039,1,0
BRDA:7228,1040,0,0
BRDA:7228,1040,1,0
BRDA:7236,1041,0,0
BRDA:7236,1041,1,0
BRDA:7249,1042,0,0
BRDA:7249,1042,1,0
BRDA:7259,1043,0,0
BRDA:7259,1043,1,0
BRDA:7261,1044,0,0
BRDA:7261,1044,1,0
BRDA:7288,1045,0,0
BRDA:7288,1045,1,0
BRDA:7304,1046,0,0
BRDA:7304,1046,1,0
BRDA:7304,1047,0,0
BRDA:7304,1047,1,0
BRDA:7305,1048,0,0
BRDA:7305,1048,1,0
BRDA:7333,1049,0,0
BRDA:7333,1049,1,0
BRDA:7339,1050,0,0
BRDA:7339,1050,1,0
BRDA:7346,1051,0,0
BRDA:7346,1051,1,0
BRDA:7350,1052,0,0
BRDA:7350,1052,1,0
BRDA:7361,1053,0,0
BRDA:7361,1053,1,0
BRDA:7362,1054,0,0
BRDA:7362,1054,1,0
BRDA:7390,1055,0,0
BRDA:7390,1055,1,0
BRDA:7439,1056,0,0
BRDA:7439,1056,1,0
BRDA:7446,1057,0,0
BRDA:7446,1057,1,0
BRDA:7451,1058,0,0
BRDA:7451,1058,1,0
BRDA:7454,1059,0,0
BRDA:7454,1059,1,0
BRDA:7459,1060,0,0
BRDA:7459,1060,1,0
BRDA:7464,1061,0,0
BRDA:7464,1061,1,0
BRDA:7467,1062,0,0
BRDA:7467,1062,1,0
BRDA:7469,1063,0,0
BRDA:7469,1063,1,0
BRDA:7474,1064,0,0
BRDA:7474,1064,1,0
BRDA:7479,1065,0,0
BRDA:7479,1065,1,0
BRDA:7484,1066,0,0
BRDA:7484,1066,1,0
BRDA:7489,1067,0,0
BRDA:7489,1067,1,0
BRDA:7495,1068,0,0
BRDA:7495,1068,1,0
BRDA:7500,1069,0,0
BRDA:7500,1069,1,0
BRDA:7505,1070,0,0
BRDA:7505,1070,1,0
BRDA:7538,1071,0,0
BRDA:7538,1071,1,0
BRDA:7538,1072,0,0
BRDA:7538,1072,1,0
BRDA:7565,1073,0,0
BRDA:7580,1074,0,0
BRDA:7580,1074,1,0
BRDA:7581,1075,0,0
BRDA:7581,1075,1,0
BRDA:7602,1076,0,0
BRDA:7602,1076,1,0
BRDA:7602,1077,0,0
BRDA:7602,1077,1,0
BRDA:7603,1078,0,0
BRDA:7603,1078,1,0
BRDA:7646,1079,0,0
BRDA:7646,1079,1,0
BRDA:7698,1080,0,0
BRDA:7698,1080,1,0
BRDA:7717,1081,0,0
BRDA:7717,1081,1,0
BRDA:7724,1082,0,0
BRDA:7724,1082,1,0
BRDA:7724,1083,0,0
BRDA:7724,1083,1,0
BRDA:7736,1084,0,0
BRDA:7736,1084,1,0
BRDA:7768,1085,0,0
BRDA:7768,1085,1,0
BRDA:7778,1086,0,0
BRDA:7778,1086,1,0
BRDA:7780,1087,0,0
BRDA:7780,1087,1,0
BRDA:7782,1088,0,0
BRDA:7782,1088,1,0
BRDA:7785,1089,0,0
BRDA:7785,1089,1,0
BRDA:7788,1090,0,0
BRDA:7788,1090,1,0
BRDA:7822,1091,0,0
BRDA:7822,1091,1,0
BRDA:7832,1092,0,0
BRDA:7832,1092,1,0
BRDA:7832,1093,0,0
BRDA:7832,1093,1,0
BRDA:7834,1094,0,0
BRDA:7834,1094,1,0
BRDA:7834,1095,0,0
BRDA:7834,1095,1,0
BRDA:7860,1096,0,0
BRDA:7860,1096,1,0
BRDA:7867,1097,0,0
BRDA:7867,1097,1,0
BRDA:7873,1098,0,0
BRDA:7873,1098,1,0
BRDA:7881,1099,0,0
BRDA:7881,1099,1,0
BRDA:7887,1100,0,0
BRDA:7887,1100,1,0
BRDA:7907,1101,0,0
BRDA:7907,1101,1,0
BRDA:7955,1102,0,0
BRDA:7955,1102,1,0
BRDA:7966,1103,0,0
BRDA:7966,1103,1,0
BRDA:7966,1104,0,0
BRDA:7966,1104,1,0
BRDA:7968,1105,0,0
BRDA:7968,1105,1,0
BRDA:7968,1106,0,0
BRDA:7968,1106,1,0
BRDA:7980,1107,0,0
BRDA:7980,1107,1,0
BRDA:7989,1108,0,0
BRDA:7989,1108,1,0
BRDA:7989,1109,0,0
BRDA:7989,1109,1,0
BRDA:7989,1109,2,0
BRDA:7991,1110,0,0
BRDA:7991,1110,1,0
BRDA:7993,1111,0,0
BRDA:7993,1111,1,0
BRDA:7994,1112,0,0
BRDA:7994,1112,1,0
BRDA:7995,1113,0,0
BRDA:7995,1113,1,0
BRDA:7997,1114,0,0
BRDA:7997,1114,1,0
BRDA:7997,1115,0,0
BRDA:7997,1115,1,0
BRDA:7997,1115,2,0
BRDA:7997,1115,3,0
BRDA:8008,1116,0,0
BRDA:8008,1116,1,0
BRDA:8030,1117,0,0
BRDA:8030,1117,1,0
BRDA:8078,1118,0,0
BRDA:8078,1118,1,0
BRDA:8084,1119,0,0
BRDA:8084,1119,1,0
BRDA:8090,1120,0,0
BRDA:8090,1120,1,0
BRDA:8096,1121,0,0
BRDA:8096,1121,1,0
BRDA:8103,1122,0,0
BRDA:8103,1122,1,0
BRDA:8103,1123,0,0
BRDA:8103,1123,1,0
BRDA:8108,1124,0,0
BRDA:8108,1124,1,0
BRDA:8113,1125,0,0
BRDA:8113,1125,1,0
BRDA:8115,1126,0,0
BRDA:8115,1126,1,0
BRDA:8117,1127,0,0
BRDA:8117,1127,1,0
BRDA:8123,1128,0,0
BRDA:8123,1128,1,0
BRDA:8136,1129,0,0
BRDA:8136,1129,1,0
BRDA:8143,1130,0,0
BRDA:8143,1130,1,0
BRDA:8143,1131,0,0
BRDA:8143,1131,1,0
BRDA:8147,1132,0,0
BRDA:8147,1132,1,0
BRDA:8161,1133,0,0
BRDA:8161,1133,1,0
BRDA:8168,1134,0,0
BRDA:8168,1134,1,0
BRDA:8187,1135,0,0
BRDA:8187,1135,1,0
BRDA:8218,1136,0,0
BRDA:8218,1136,1,0
BRDA:8239,1137,0,0
BRDA:8239,1137,1,0
BRDA:8243,1138,0,0
BRDA:8243,1138,1,0
BRDA:8254,1139,0,0
BRDA:8254,1139,1,0
BRDA:8254,1140,0,0
BRDA:8254,1140,1,0
BRDA:8256,1141,0,0
BRDA:8256,1141,1,0
BRDA:8259,1142,0,0
BRDA:8259,1142,1,0
BRDA:8269,1143,0,0
BRDA:8269,1143,1,0
BRDA:8272,1144,0,0
BRDA:8272,1144,1,0
BRDA:8272,1145,0,0
BRDA:8272,1145,1,0
BRDA:8279,1146,0,0
BRDA:8279,1146,1,0
BRF:2350
BRH:15
end_of_record
TN:
SF:src\__tests__\domTestUtils.js
FN:5,(anonymous_0)
FN:7,(anonymous_1)
FN:8,(anonymous_2)
FN:9,(anonymous_3)
FN:13,loadPurchaseDom
FNF:5
FNH:2
FNDA:6,(anonymous_0)
FNDA:0,(anonymous_1)
FNDA:0,(anonymous_2)
FNDA:0,(anonymous_3)
FNDA:6,loadPurchaseDom
DA:1,2
DA:2,2
DA:5,6
DA:8,0
DA:15,6
DA:16,6
DA:18,6
DA:20,6
DA:24,6
DA:27,2
LF:10
LH:9
BRF:0
BRH:0
end_of_record
